<?xml version="1.0" encoding="UTF-8"?>
<!-- Generated by org.testng.reporters.JUnitReportReporter -->
<testsuite hostname="716197e3bd3e" failures="0" tests="3" name="com.example.framework.tests.UserApiFlowTest" time="12.197" errors="0" timestamp="2026-03-21T14:46:55 UTC" skipped="0">
  <testcase classname="com.example.framework.tests.UserApiFlowTest" name="healthEndpointShouldReturnUpStatus" time="5.589"/>
  <testcase classname="com.example.framework.tests.UserApiFlowTest" name="shouldCreateReadListAndDeleteUser" time="3.576"/>
  <testcase classname="com.example.framework.tests.UserApiFlowTest" name="shouldSeedUsersFromLocalServerEndpoint" time="3.032"/>
</testsuite> <!-- com.example.framework.tests.UserApiFlowTest -->
