<?xml version="1.0" encoding="UTF-8"?>
<!-- Generated by org.testng.reporters.JUnitReportReporter -->
<testsuite hostname="716197e3bd3e" failures="0" tests="1000" name="com.example.framework.tests.HighVolumeUserApiTest" time="119.134" errors="0" timestamp="2026-03-21T14:46:55 UTC" skipped="0">
  <testcase classname="com.example.framework.tests.HighVolumeUserApiTest" name="shouldCreateUsersUnderConcurrentLoad" time="0.048"/>
  <testcase classname="com.example.framework.tests.HighVolumeUserApiTest" name="shouldCreateUsersUnderConcurrentLoad" time="0.089"/>
  <testcase classname="com.example.framework.tests.HighVolumeUserApiTest" name="shouldCreateUsersUnderConcurrentLoad" time="0.039"/>
  <testcase classname="com.example.framework.tests.HighVolumeUserApiTest" name="shouldCreateUsersUnderConcurrentLoad" time="0.062"/>
  <testcase classname="com.example.framework.tests.HighVolumeUserApiTest" name="shouldCreateUsersUnderConcurrentLoad" time="2.694"/>
  <testcase classname="com.example.framework.tests.HighVolumeUserApiTest" name="shouldCreateUsersUnderConcurrentLoad" time="0.043"/>
  <testcase classname="com.example.framework.tests.HighVolumeUserApiTest" name="shouldCreateUsersUnderConcurrentLoad" time="0.051"/>
  <testcase classname="com.example.framework.tests.HighVolumeUserApiTest" name="shouldCreateUsersUnderConcurrentLoad" time="0.138"/>
  <testcase classname="com.example.framework.tests.HighVolumeUserApiTest" name="shouldCreateUsersUnderConcurrentLoad" time="0.052"/>
  <testcase classname="com.example.framework.tests.HighVolumeUserApiTest" name="shouldCreateUsersUnderConcurrentLoad" time="0.051"/>
  <testcase classname="com.example.framework.tests.HighVolumeUserApiTest" name="shouldCreateUsersUnderConcurrentLoad" time="0.076"/>
  <testcase classname="com.example.framework.tests.HighVolumeUserApiTest" name="shouldCreateUsersUnderConcurrentLoad" time="0.055"/>
  <testcase classname="com.example.framework.tests.HighVolumeUserApiTest" name="shouldCreateUsersUnderConcurrentLoad" time="0.034"/>
  <testcase classname="com.example.framework.tests.HighVolumeUserApiTest" name="shouldCreateUsersUnderConcurrentLoad" time="0.083"/>
  <testcase classname="com.example.framework.tests.HighVolumeUserApiTest" name="shouldCreateUsersUnderConcurrentLoad" time="2.692"/>
  <testcase classname="com.example.framework.tests.HighVolumeUserApiTest" name="shouldCreateUsersUnderConcurrentLoad" time="0.025"/>
  <testcase classname="com.example.framework.tests.HighVolumeUserApiTest" name="shouldCreateUsersUnderConcurrentLoad" time="0.055"/>
  <testcase classname="com.example.framework.tests.HighVolumeUserApiTest" name="shouldCreateUsersUnderConcurrentLoad" time="0.090"/>
  <testcase classname="com.example.framework.tests.HighVolumeUserApiTest" name="shouldCreateUsersUnderConcurrentLoad" time="0.061"/>
  <testcase classname="com.example.framework.tests.HighVolumeUserApiTest" name="shouldCreateUsersUnderConcurrentLoad" time="0.019"/>
  <testcase classname="com.example.framework.tests.HighVolumeUserApiTest" name="shouldCreateUsersUnderConcurrentLoad" time="0.074"/>
  <testcase classname="com.example.framework.tests.HighVolumeUserApiTest" name="shouldCreateUsersUnderConcurrentLoad" time="0.023"/>
  <testcase classname="com.example.framework.tests.HighVolumeUserApiTest" name="shouldCreateUsersUnderConcurrentLoad" time="0.131"/>
  <testcase classname="com.example.framework.tests.HighVolumeUserApiTest" name="shouldCreateUsersUnderConcurrentLoad" time="0.071"/>
  <testcase classname="com.example.framework.tests.HighVolumeUserApiTest" name="shouldCreateUsersUnderConcurrentLoad" time="0.072"/>
  <testcase classname="com.example.framework.tests.HighVolumeUserApiTest" name="shouldCreateUsersUnderConcurrentLoad" time="0.042"/>
  <testcase classname="com.example.framework.tests.HighVolumeUserApiTest" name="shouldCreateUsersUnderConcurrentLoad" time="0.033"/>
  <testcase classname="com.example.framework.tests.HighVolumeUserApiTest" name="shouldCreateUsersUnderConcurrentLoad" time="0.056"/>
  <testcase classname="com.example.framework.tests.HighVolumeUserApiTest" name="shouldCreateUsersUnderConcurrentLoad" time="0.105"/>
  <testcase classname="com.example.framework.tests.HighVolumeUserApiTest" name="shouldCreateUsersUnderConcurrentLoad" time="0.128"/>
  <testcase classname="com.example.framework.tests.HighVolumeUserApiTest" name="shouldCreateUsersUnderConcurrentLoad" time="0.018"/>
  <testcase classname="com.example.framework.tests.HighVolumeUserApiTest" name="shouldCreateUsersUnderConcurrentLoad" time="0.047"/>
  <testcase classname="com.example.framework.tests.HighVolumeUserApiTest" name="shouldCreateUsersUnderConcurrentLoad" time="0.016"/>
  <testcase classname="com.example.framework.tests.HighVolumeUserApiTest" name="shouldCreateUsersUnderConcurrentLoad" time="0.028"/>
  <testcase classname="com.example.framework.tests.HighVolumeUserApiTest" name="shouldCreateUsersUnderConcurrentLoad" time="0.039"/>
  <testcase classname="com.example.framework.tests.HighVolumeUserApiTest" name="shouldCreateUsersUnderConcurrentLoad" time="0.022"/>
  <testcase classname="com.example.framework.tests.HighVolumeUserApiTest" name="shouldCreateUsersUnderConcurrentLoad" time="0.038"/>
  <testcase classname="com.example.framework.tests.HighVolumeUserApiTest" name="shouldCreateUsersUnderConcurrentLoad" time="0.077"/>
  <testcase classname="com.example.framework.tests.HighVolumeUserApiTest" name="shouldCreateUsersUnderConcurrentLoad" time="0.020"/>
  <testcase classname="com.example.framework.tests.HighVolumeUserApiTest" name="shouldCreateUsersUnderConcurrentLoad" time="0.024"/>
  <testcase classname="com.example.framework.tests.HighVolumeUserApiTest" name="shouldCreateUsersUnderConcurrentLoad" time="0.026"/>
  <testcase classname="com.example.framework.tests.HighVolumeUserApiTest" name="shouldCreateUsersUnderConcurrentLoad" time="0.060"/>
  <testcase classname="com.example.framework.tests.HighVolumeUserApiTest" name="shouldCreateUsersUnderConcurrentLoad" time="0.032"/>
  <testcase classname="com.example.framework.tests.HighVolumeUserApiTest" name="shouldCreateUsersUnderConcurrentLoad" time="0.082"/>
  <testcase classname="com.example.framework.tests.HighVolumeUserApiTest" name="shouldCreateUsersUnderConcurrentLoad" time="0.039"/>
  <testcase classname="com.example.framework.tests.HighVolumeUserApiTest" name="shouldCreateUsersUnderConcurrentLoad" time="0.035"/>
  <testcase classname="com.example.framework.tests.HighVolumeUserApiTest" name="shouldCreateUsersUnderConcurrentLoad" time="0.055"/>
  <testcase classname="com.example.framework.tests.HighVolumeUserApiTest" name="shouldCreateUsersUnderConcurrentLoad" time="0.061"/>
  <testcase classname="com.example.framework.tests.HighVolumeUserApiTest" name="shouldCreateUsersUnderConcurrentLoad" time="0.078"/>
  <testcase classname="com.example.framework.tests.HighVolumeUserApiTest" name="shouldCreateUsersUnderConcurrentLoad" time="0.033"/>
  <testcase classname="com.example.framework.tests.HighVolumeUserApiTest" name="shouldCreateUsersUnderConcurrentLoad" time="0.033"/>
  <testcase classname="com.example.framework.tests.HighVolumeUserApiTest" name="shouldCreateUsersUnderConcurrentLoad" time="0.028"/>
  <testcase classname="com.example.framework.tests.HighVolumeUserApiTest" name="shouldCreateUsersUnderConcurrentLoad" time="0.066"/>
  <testcase classname="com.example.framework.tests.HighVolumeUserApiTest" name="shouldCreateUsersUnderConcurrentLoad" time="0.024"/>
  <testcase classname="com.example.framework.tests.HighVolumeUserApiTest" name="shouldCreateUsersUnderConcurrentLoad" time="0.036"/>
  <testcase classname="com.example.framework.tests.HighVolumeUserApiTest" name="shouldCreateUsersUnderConcurrentLoad" time="0.063"/>
  <testcase classname="com.example.framework.tests.HighVolumeUserApiTest" name="shouldCreateUsersUnderConcurrentLoad" time="0.029"/>
  <testcase classname="com.example.framework.tests.HighVolumeUserApiTest" name="shouldCreateUsersUnderConcurrentLoad" time="0.041"/>
  <testcase classname="com.example.framework.tests.HighVolumeUserApiTest" name="shouldCreateUsersUnderConcurrentLoad" time="0.081"/>
  <testcase classname="com.example.framework.tests.HighVolumeUserApiTest" name="shouldCreateUsersUnderConcurrentLoad" time="0.072"/>
  <testcase classname="com.example.framework.tests.HighVolumeUserApiTest" name="shouldCreateUsersUnderConcurrentLoad" time="0.039"/>
  <testcase classname="com.example.framework.tests.HighVolumeUserApiTest" name="shouldCreateUsersUnderConcurrentLoad" time="0.084"/>
  <testcase classname="com.example.framework.tests.HighVolumeUserApiTest" name="shouldCreateUsersUnderConcurrentLoad" time="0.035"/>
  <testcase classname="com.example.framework.tests.HighVolumeUserApiTest" name="shouldCreateUsersUnderConcurrentLoad" time="0.039"/>
  <testcase classname="com.example.framework.tests.HighVolumeUserApiTest" name="shouldCreateUsersUnderConcurrentLoad" time="0.042"/>
  <testcase classname="com.example.framework.tests.HighVolumeUserApiTest" name="shouldCreateUsersUnderConcurrentLoad" time="0.062"/>
  <testcase classname="com.example.framework.tests.HighVolumeUserApiTest" name="shouldCreateUsersUnderConcurrentLoad" time="0.121"/>
  <testcase classname="com.example.framework.tests.HighVolumeUserApiTest" name="shouldCreateUsersUnderConcurrentLoad" time="0.076"/>
  <testcase classname="com.example.framework.tests.HighVolumeUserApiTest" name="shouldCreateUsersUnderConcurrentLoad" time="2.686"/>
  <testcase classname="com.example.framework.tests.HighVolumeUserApiTest" name="shouldCreateUsersUnderConcurrentLoad" time="0.015"/>
  <testcase classname="com.example.framework.tests.HighVolumeUserApiTest" name="shouldCreateUsersUnderConcurrentLoad" time="0.059"/>
  <testcase classname="com.example.framework.tests.HighVolumeUserApiTest" name="shouldCreateUsersUnderConcurrentLoad" time="0.036"/>
  <testcase classname="com.example.framework.tests.HighVolumeUserApiTest" name="shouldCreateUsersUnderConcurrentLoad" time="0.125"/>
  <testcase classname="com.example.framework.tests.HighVolumeUserApiTest" name="shouldCreateUsersUnderConcurrentLoad" time="0.018"/>
  <testcase classname="com.example.framework.tests.HighVolumeUserApiTest" name="shouldCreateUsersUnderConcurrentLoad" time="0.055"/>
  <testcase classname="com.example.framework.tests.HighVolumeUserApiTest" name="shouldCreateUsersUnderConcurrentLoad" time="0.029"/>
  <testcase classname="com.example.framework.tests.HighVolumeUserApiTest" name="shouldCreateUsersUnderConcurrentLoad" time="0.025"/>
  <testcase classname="com.example.framework.tests.HighVolumeUserApiTest" name="shouldCreateUsersUnderConcurrentLoad" time="0.055"/>
  <testcase classname="com.example.framework.tests.HighVolumeUserApiTest" name="shouldCreateUsersUnderConcurrentLoad" time="0.090"/>
  <testcase classname="com.example.framework.tests.HighVolumeUserApiTest" name="shouldCreateUsersUnderConcurrentLoad" time="0.067"/>
  <testcase classname="com.example.framework.tests.HighVolumeUserApiTest" name="shouldCreateUsersUnderConcurrentLoad" time="0.113"/>
  <testcase classname="com.example.framework.tests.HighVolumeUserApiTest" name="shouldCreateUsersUnderConcurrentLoad" time="0.059"/>
  <testcase classname="com.example.framework.tests.HighVolumeUserApiTest" name="shouldCreateUsersUnderConcurrentLoad" time="2.690"/>
  <testcase classname="com.example.framework.tests.HighVolumeUserApiTest" name="shouldCreateUsersUnderConcurrentLoad" time="0.043"/>
  <testcase classname="com.example.framework.tests.HighVolumeUserApiTest" name="shouldCreateUsersUnderConcurrentLoad" time="0.158"/>
  <testcase classname="com.example.framework.tests.HighVolumeUserApiTest" name="shouldCreateUsersUnderConcurrentLoad" time="0.051"/>
  <testcase classname="com.example.framework.tests.HighVolumeUserApiTest" name="shouldCreateUsersUnderConcurrentLoad" time="2.691"/>
  <testcase classname="com.example.framework.tests.HighVolumeUserApiTest" name="shouldCreateUsersUnderConcurrentLoad" time="0.018"/>
  <testcase classname="com.example.framework.tests.HighVolumeUserApiTest" name="shouldCreateUsersUnderConcurrentLoad" time="0.052"/>
  <testcase classname="com.example.framework.tests.HighVolumeUserApiTest" name="shouldCreateUsersUnderConcurrentLoad" time="0.026"/>
  <testcase classname="com.example.framework.tests.HighVolumeUserApiTest" name="shouldCreateUsersUnderConcurrentLoad" time="0.040"/>
  <testcase classname="com.example.framework.tests.HighVolumeUserApiTest" name="shouldCreateUsersUnderConcurrentLoad" time="0.023"/>
  <testcase classname="com.example.framework.tests.HighVolumeUserApiTest" name="shouldCreateUsersUnderConcurrentLoad" time="0.061"/>
  <testcase classname="com.example.framework.tests.HighVolumeUserApiTest" name="shouldCreateUsersUnderConcurrentLoad" time="0.034"/>
  <testcase classname="com.example.framework.tests.HighVolumeUserApiTest" name="shouldCreateUsersUnderConcurrentLoad" time="0.019"/>
  <testcase classname="com.example.framework.tests.HighVolumeUserApiTest" name="shouldCreateUsersUnderConcurrentLoad" time="0.034"/>
  <testcase classname="com.example.framework.tests.HighVolumeUserApiTest" name="shouldCreateUsersUnderConcurrentLoad" time="0.079"/>
  <testcase classname="com.example.framework.tests.HighVolumeUserApiTest" name="shouldCreateUsersUnderConcurrentLoad" time="0.042"/>
  <testcase classname="com.example.framework.tests.HighVolumeUserApiTest" name="shouldCreateUsersUnderConcurrentLoad" time="0.081"/>
  <testcase classname="com.example.framework.tests.HighVolumeUserApiTest" name="shouldCreateUsersUnderConcurrentLoad" time="0.032"/>
  <testcase classname="com.example.framework.tests.HighVolumeUserApiTest" name="shouldCreateUsersUnderConcurrentLoad" time="0.034"/>
  <testcase classname="com.example.framework.tests.HighVolumeUserApiTest" name="shouldCreateUsersUnderConcurrentLoad" time="0.023"/>
  <testcase classname="com.example.framework.tests.HighVolumeUserApiTest" name="shouldCreateUsersUnderConcurrentLoad" time="0.039"/>
  <testcase classname="com.example.framework.tests.HighVolumeUserApiTest" name="shouldCreateUsersUnderConcurrentLoad" time="0.068"/>
  <testcase classname="com.example.framework.tests.HighVolumeUserApiTest" name="shouldCreateUsersUnderConcurrentLoad" time="0.071"/>
  <testcase classname="com.example.framework.tests.HighVolumeUserApiTest" name="shouldCreateUsersUnderConcurrentLoad" time="0.056"/>
  <testcase classname="com.example.framework.tests.HighVolumeUserApiTest" name="shouldCreateUsersUnderConcurrentLoad" time="0.017"/>
  <testcase classname="com.example.framework.tests.HighVolumeUserApiTest" name="shouldCreateUsersUnderConcurrentLoad" time="0.031"/>
  <testcase classname="com.example.framework.tests.HighVolumeUserApiTest" name="shouldCreateUsersUnderConcurrentLoad" time="0.067"/>
  <testcase classname="com.example.framework.tests.HighVolumeUserApiTest" name="shouldCreateUsersUnderConcurrentLoad" time="0.034"/>
  <testcase classname="com.example.framework.tests.HighVolumeUserApiTest" name="shouldCreateUsersUnderConcurrentLoad" time="0.033"/>
  <testcase classname="com.example.framework.tests.HighVolumeUserApiTest" name="shouldCreateUsersUnderConcurrentLoad" time="0.015"/>
  <testcase classname="com.example.framework.tests.HighVolumeUserApiTest" name="shouldCreateUsersUnderConcurrentLoad" time="0.026"/>
  <testcase classname="com.example.framework.tests.HighVolumeUserApiTest" name="shouldCreateUsersUnderConcurrentLoad" time="0.049"/>
  <testcase classname="com.example.framework.tests.HighVolumeUserApiTest" name="shouldCreateUsersUnderConcurrentLoad" time="0.025"/>
  <testcase classname="com.example.framework.tests.HighVolumeUserApiTest" name="shouldCreateUsersUnderConcurrentLoad" time="0.048"/>
  <testcase classname="com.example.framework.tests.HighVolumeUserApiTest" name="shouldCreateUsersUnderConcurrentLoad" time="0.152"/>
  <testcase classname="com.example.framework.tests.HighVolumeUserApiTest" name="shouldCreateUsersUnderConcurrentLoad" time="0.026"/>
  <testcase classname="com.example.framework.tests.HighVolumeUserApiTest" name="shouldCreateUsersUnderConcurrentLoad" time="2.690"/>
  <testcase classname="com.example.framework.tests.HighVolumeUserApiTest" name="shouldCreateUsersUnderConcurrentLoad" time="0.058"/>
  <testcase classname="com.example.framework.tests.HighVolumeUserApiTest" name="shouldCreateUsersUnderConcurrentLoad" time="0.041"/>
  <testcase classname="com.example.framework.tests.HighVolumeUserApiTest" name="shouldCreateUsersUnderConcurrentLoad" time="0.049"/>
  <testcase classname="com.example.framework.tests.HighVolumeUserApiTest" name="shouldCreateUsersUnderConcurrentLoad" time="0.143"/>
  <testcase classname="com.example.framework.tests.HighVolumeUserApiTest" name="shouldCreateUsersUnderConcurrentLoad" time="0.062"/>
  <testcase classname="com.example.framework.tests.HighVolumeUserApiTest" name="shouldCreateUsersUnderConcurrentLoad" time="0.045"/>
  <testcase classname="com.example.framework.tests.HighVolumeUserApiTest" name="shouldCreateUsersUnderConcurrentLoad" time="0.027"/>
  <testcase classname="com.example.framework.tests.HighVolumeUserApiTest" name="shouldCreateUsersUnderConcurrentLoad" time="0.021"/>
  <testcase classname="com.example.framework.tests.HighVolumeUserApiTest" name="shouldCreateUsersUnderConcurrentLoad" time="0.065"/>
  <testcase classname="com.example.framework.tests.HighVolumeUserApiTest" name="shouldCreateUsersUnderConcurrentLoad" time="0.029"/>
  <testcase classname="com.example.framework.tests.HighVolumeUserApiTest" name="shouldCreateUsersUnderConcurrentLoad" time="0.116"/>
  <testcase classname="com.example.framework.tests.HighVolumeUserApiTest" name="shouldCreateUsersUnderConcurrentLoad" time="0.051"/>
  <testcase classname="com.example.framework.tests.HighVolumeUserApiTest" name="shouldCreateUsersUnderConcurrentLoad" time="0.026"/>
  <testcase classname="com.example.framework.tests.HighVolumeUserApiTest" name="shouldCreateUsersUnderConcurrentLoad" time="0.019"/>
  <testcase classname="com.example.framework.tests.HighVolumeUserApiTest" name="shouldCreateUsersUnderConcurrentLoad" time="0.044"/>
  <testcase classname="com.example.framework.tests.HighVolumeUserApiTest" name="shouldCreateUsersUnderConcurrentLoad" time="0.103"/>
  <testcase classname="com.example.framework.tests.HighVolumeUserApiTest" name="shouldCreateUsersUnderConcurrentLoad" time="0.018"/>
  <testcase classname="com.example.framework.tests.HighVolumeUserApiTest" name="shouldCreateUsersUnderConcurrentLoad" time="0.063"/>
  <testcase classname="com.example.framework.tests.HighVolumeUserApiTest" name="shouldCreateUsersUnderConcurrentLoad" time="0.054"/>
  <testcase classname="com.example.framework.tests.HighVolumeUserApiTest" name="shouldCreateUsersUnderConcurrentLoad" time="0.021"/>
  <testcase classname="com.example.framework.tests.HighVolumeUserApiTest" name="shouldCreateUsersUnderConcurrentLoad" time="0.039"/>
  <testcase classname="com.example.framework.tests.HighVolumeUserApiTest" name="shouldCreateUsersUnderConcurrentLoad" time="0.072"/>
  <testcase classname="com.example.framework.tests.HighVolumeUserApiTest" name="shouldCreateUsersUnderConcurrentLoad" time="0.064"/>
  <testcase classname="com.example.framework.tests.HighVolumeUserApiTest" name="shouldCreateUsersUnderConcurrentLoad" time="0.053"/>
  <testcase classname="com.example.framework.tests.HighVolumeUserApiTest" name="shouldCreateUsersUnderConcurrentLoad" time="0.134"/>
  <testcase classname="com.example.framework.tests.HighVolumeUserApiTest" name="shouldCreateUsersUnderConcurrentLoad" time="0.043"/>
  <testcase classname="com.example.framework.tests.HighVolumeUserApiTest" name="shouldCreateUsersUnderConcurrentLoad" time="0.035"/>
  <testcase classname="com.example.framework.tests.HighVolumeUserApiTest" name="shouldCreateUsersUnderConcurrentLoad" time="0.133"/>
  <testcase classname="com.example.framework.tests.HighVolumeUserApiTest" name="shouldCreateUsersUnderConcurrentLoad" time="0.065"/>
  <testcase classname="com.example.framework.tests.HighVolumeUserApiTest" name="shouldCreateUsersUnderConcurrentLoad" time="0.032"/>
  <testcase classname="com.example.framework.tests.HighVolumeUserApiTest" name="shouldCreateUsersUnderConcurrentLoad" time="0.036"/>
  <testcase classname="com.example.framework.tests.HighVolumeUserApiTest" name="shouldCreateUsersUnderConcurrentLoad" time="0.078"/>
  <testcase classname="com.example.framework.tests.HighVolumeUserApiTest" name="shouldCreateUsersUnderConcurrentLoad" time="0.101"/>
  <testcase classname="com.example.framework.tests.HighVolumeUserApiTest" name="shouldCreateUsersUnderConcurrentLoad" time="0.115"/>
  <testcase classname="com.example.framework.tests.HighVolumeUserApiTest" name="shouldCreateUsersUnderConcurrentLoad" time="0.036"/>
  <testcase classname="com.example.framework.tests.HighVolumeUserApiTest" name="shouldCreateUsersUnderConcurrentLoad" time="0.060"/>
  <testcase classname="com.example.framework.tests.HighVolumeUserApiTest" name="shouldCreateUsersUnderConcurrentLoad" time="0.022"/>
  <testcase classname="com.example.framework.tests.HighVolumeUserApiTest" name="shouldCreateUsersUnderConcurrentLoad" time="0.030"/>
  <testcase classname="com.example.framework.tests.HighVolumeUserApiTest" name="shouldCreateUsersUnderConcurrentLoad" time="0.027"/>
  <testcase classname="com.example.framework.tests.HighVolumeUserApiTest" name="shouldCreateUsersUnderConcurrentLoad" time="0.028"/>
  <testcase classname="com.example.framework.tests.HighVolumeUserApiTest" name="shouldCreateUsersUnderConcurrentLoad" time="0.031"/>
  <testcase classname="com.example.framework.tests.HighVolumeUserApiTest" name="shouldCreateUsersUnderConcurrentLoad" time="0.074"/>
  <testcase classname="com.example.framework.tests.HighVolumeUserApiTest" name="shouldCreateUsersUnderConcurrentLoad" time="0.057"/>
  <testcase classname="com.example.framework.tests.HighVolumeUserApiTest" name="shouldCreateUsersUnderConcurrentLoad" time="0.027"/>
  <testcase classname="com.example.framework.tests.HighVolumeUserApiTest" name="shouldCreateUsersUnderConcurrentLoad" time="0.032"/>
  <testcase classname="com.example.framework.tests.HighVolumeUserApiTest" name="shouldCreateUsersUnderConcurrentLoad" time="0.039"/>
  <testcase classname="com.example.framework.tests.HighVolumeUserApiTest" name="shouldCreateUsersUnderConcurrentLoad" time="0.023"/>
  <testcase classname="com.example.framework.tests.HighVolumeUserApiTest" name="shouldCreateUsersUnderConcurrentLoad" time="0.020"/>
  <testcase classname="com.example.framework.tests.HighVolumeUserApiTest" name="shouldCreateUsersUnderConcurrentLoad" time="0.096"/>
  <testcase classname="com.example.framework.tests.HighVolumeUserApiTest" name="shouldCreateUsersUnderConcurrentLoad" time="0.129"/>
  <testcase classname="com.example.framework.tests.HighVolumeUserApiTest" name="shouldCreateUsersUnderConcurrentLoad" time="0.052"/>
  <testcase classname="com.example.framework.tests.HighVolumeUserApiTest" name="shouldCreateUsersUnderConcurrentLoad" time="0.074"/>
  <testcase classname="com.example.framework.tests.HighVolumeUserApiTest" name="shouldCreateUsersUnderConcurrentLoad" time="0.020"/>
  <testcase classname="com.example.framework.tests.HighVolumeUserApiTest" name="shouldCreateUsersUnderConcurrentLoad" time="0.023"/>
  <testcase classname="com.example.framework.tests.HighVolumeUserApiTest" name="shouldCreateUsersUnderConcurrentLoad" time="0.141"/>
  <testcase classname="com.example.framework.tests.HighVolumeUserApiTest" name="shouldCreateUsersUnderConcurrentLoad" time="0.127"/>
  <testcase classname="com.example.framework.tests.HighVolumeUserApiTest" name="shouldCreateUsersUnderConcurrentLoad" time="0.058"/>
  <testcase classname="com.example.framework.tests.HighVolumeUserApiTest" name="shouldCreateUsersUnderConcurrentLoad" time="0.063"/>
  <testcase classname="com.example.framework.tests.HighVolumeUserApiTest" name="shouldCreateUsersUnderConcurrentLoad" time="0.046"/>
  <testcase classname="com.example.framework.tests.HighVolumeUserApiTest" name="shouldCreateUsersUnderConcurrentLoad" time="0.039"/>
  <testcase classname="com.example.framework.tests.HighVolumeUserApiTest" name="shouldCreateUsersUnderConcurrentLoad" time="0.036"/>
  <testcase classname="com.example.framework.tests.HighVolumeUserApiTest" name="shouldCreateUsersUnderConcurrentLoad" time="0.037"/>
  <testcase classname="com.example.framework.tests.HighVolumeUserApiTest" name="shouldCreateUsersUnderConcurrentLoad" time="0.026"/>
  <testcase classname="com.example.framework.tests.HighVolumeUserApiTest" name="shouldCreateUsersUnderConcurrentLoad" time="0.075"/>
  <testcase classname="com.example.framework.tests.HighVolumeUserApiTest" name="shouldCreateUsersUnderConcurrentLoad" time="0.058"/>
  <testcase classname="com.example.framework.tests.HighVolumeUserApiTest" name="shouldCreateUsersUnderConcurrentLoad" time="0.047"/>
  <testcase classname="com.example.framework.tests.HighVolumeUserApiTest" name="shouldCreateUsersUnderConcurrentLoad" time="0.021"/>
  <testcase classname="com.example.framework.tests.HighVolumeUserApiTest" name="shouldCreateUsersUnderConcurrentLoad" time="0.062"/>
  <testcase classname="com.example.framework.tests.HighVolumeUserApiTest" name="shouldCreateUsersUnderConcurrentLoad" time="0.034"/>
  <testcase classname="com.example.framework.tests.HighVolumeUserApiTest" name="shouldCreateUsersUnderConcurrentLoad" time="0.067"/>
  <testcase classname="com.example.framework.tests.HighVolumeUserApiTest" name="shouldCreateUsersUnderConcurrentLoad" time="0.017"/>
  <testcase classname="com.example.framework.tests.HighVolumeUserApiTest" name="shouldCreateUsersUnderConcurrentLoad" time="0.044"/>
  <testcase classname="com.example.framework.tests.HighVolumeUserApiTest" name="shouldCreateUsersUnderConcurrentLoad" time="0.028"/>
  <testcase classname="com.example.framework.tests.HighVolumeUserApiTest" name="shouldCreateUsersUnderConcurrentLoad" time="0.074"/>
  <testcase classname="com.example.framework.tests.HighVolumeUserApiTest" name="shouldCreateUsersUnderConcurrentLoad" time="0.023"/>
  <testcase classname="com.example.framework.tests.HighVolumeUserApiTest" name="shouldCreateUsersUnderConcurrentLoad" time="0.047"/>
  <testcase classname="com.example.framework.tests.HighVolumeUserApiTest" name="shouldCreateUsersUnderConcurrentLoad" time="0.064"/>
  <testcase classname="com.example.framework.tests.HighVolumeUserApiTest" name="shouldCreateUsersUnderConcurrentLoad" time="0.119"/>
  <testcase classname="com.example.framework.tests.HighVolumeUserApiTest" name="shouldCreateUsersUnderConcurrentLoad" time="0.023"/>
  <testcase classname="com.example.framework.tests.HighVolumeUserApiTest" name="shouldCreateUsersUnderConcurrentLoad" time="0.051"/>
  <testcase classname="com.example.framework.tests.HighVolumeUserApiTest" name="shouldCreateUsersUnderConcurrentLoad" time="0.125"/>
  <testcase classname="com.example.framework.tests.HighVolumeUserApiTest" name="shouldCreateUsersUnderConcurrentLoad" time="0.060"/>
  <testcase classname="com.example.framework.tests.HighVolumeUserApiTest" name="shouldCreateUsersUnderConcurrentLoad" time="0.026"/>
  <testcase classname="com.example.framework.tests.HighVolumeUserApiTest" name="shouldCreateUsersUnderConcurrentLoad" time="0.056"/>
  <testcase classname="com.example.framework.tests.HighVolumeUserApiTest" name="shouldCreateUsersUnderConcurrentLoad" time="0.046"/>
  <testcase classname="com.example.framework.tests.HighVolumeUserApiTest" name="shouldCreateUsersUnderConcurrentLoad" time="0.031"/>
  <testcase classname="com.example.framework.tests.HighVolumeUserApiTest" name="shouldCreateUsersUnderConcurrentLoad" time="0.047"/>
  <testcase classname="com.example.framework.tests.HighVolumeUserApiTest" name="shouldCreateUsersUnderConcurrentLoad" time="0.081"/>
  <testcase classname="com.example.framework.tests.HighVolumeUserApiTest" name="shouldCreateUsersUnderConcurrentLoad" time="0.018"/>
  <testcase classname="com.example.framework.tests.HighVolumeUserApiTest" name="shouldCreateUsersUnderConcurrentLoad" time="0.066"/>
  <testcase classname="com.example.framework.tests.HighVolumeUserApiTest" name="shouldCreateUsersUnderConcurrentLoad" time="2.689"/>
  <testcase classname="com.example.framework.tests.HighVolumeUserApiTest" name="shouldCreateUsersUnderConcurrentLoad" time="0.040"/>
  <testcase classname="com.example.framework.tests.HighVolumeUserApiTest" name="shouldCreateUsersUnderConcurrentLoad" time="0.067"/>
  <testcase classname="com.example.framework.tests.HighVolumeUserApiTest" name="shouldCreateUsersUnderConcurrentLoad" time="0.070"/>
  <testcase classname="com.example.framework.tests.HighVolumeUserApiTest" name="shouldCreateUsersUnderConcurrentLoad" time="0.127"/>
  <testcase classname="com.example.framework.tests.HighVolumeUserApiTest" name="shouldCreateUsersUnderConcurrentLoad" time="0.062"/>
  <testcase classname="com.example.framework.tests.HighVolumeUserApiTest" name="shouldCreateUsersUnderConcurrentLoad" time="0.016"/>
  <testcase classname="com.example.framework.tests.HighVolumeUserApiTest" name="shouldCreateUsersUnderConcurrentLoad" time="0.027"/>
  <testcase classname="com.example.framework.tests.HighVolumeUserApiTest" name="shouldCreateUsersUnderConcurrentLoad" time="0.041"/>
  <testcase classname="com.example.framework.tests.HighVolumeUserApiTest" name="shouldCreateUsersUnderConcurrentLoad" time="0.035"/>
  <testcase classname="com.example.framework.tests.HighVolumeUserApiTest" name="shouldCreateUsersUnderConcurrentLoad" time="0.064"/>
  <testcase classname="com.example.framework.tests.HighVolumeUserApiTest" name="shouldCreateUsersUnderConcurrentLoad" time="0.054"/>
  <testcase classname="com.example.framework.tests.HighVolumeUserApiTest" name="shouldCreateUsersUnderConcurrentLoad" time="0.026"/>
  <testcase classname="com.example.framework.tests.HighVolumeUserApiTest" name="shouldCreateUsersUnderConcurrentLoad" time="0.037"/>
  <testcase classname="com.example.framework.tests.HighVolumeUserApiTest" name="shouldCreateUsersUnderConcurrentLoad" time="0.046"/>
  <testcase classname="com.example.framework.tests.HighVolumeUserApiTest" name="shouldCreateUsersUnderConcurrentLoad" time="0.025"/>
  <testcase classname="com.example.framework.tests.HighVolumeUserApiTest" name="shouldCreateUsersUnderConcurrentLoad" time="0.044"/>
  <testcase classname="com.example.framework.tests.HighVolumeUserApiTest" name="shouldCreateUsersUnderConcurrentLoad" time="0.038"/>
  <testcase classname="com.example.framework.tests.HighVolumeUserApiTest" name="shouldCreateUsersUnderConcurrentLoad" time="0.027"/>
  <testcase classname="com.example.framework.tests.HighVolumeUserApiTest" name="shouldCreateUsersUnderConcurrentLoad" time="0.061"/>
  <testcase classname="com.example.framework.tests.HighVolumeUserApiTest" name="shouldCreateUsersUnderConcurrentLoad" time="0.059"/>
  <testcase classname="com.example.framework.tests.HighVolumeUserApiTest" name="shouldCreateUsersUnderConcurrentLoad" time="0.056"/>
  <testcase classname="com.example.framework.tests.HighVolumeUserApiTest" name="shouldCreateUsersUnderConcurrentLoad" time="0.027"/>
  <testcase classname="com.example.framework.tests.HighVolumeUserApiTest" name="shouldCreateUsersUnderConcurrentLoad" time="0.032"/>
  <testcase classname="com.example.framework.tests.HighVolumeUserApiTest" name="shouldCreateUsersUnderConcurrentLoad" time="0.029"/>
  <testcase classname="com.example.framework.tests.HighVolumeUserApiTest" name="shouldCreateUsersUnderConcurrentLoad" time="0.046"/>
  <testcase classname="com.example.framework.tests.HighVolumeUserApiTest" name="shouldCreateUsersUnderConcurrentLoad" time="0.076"/>
  <testcase classname="com.example.framework.tests.HighVolumeUserApiTest" name="shouldCreateUsersUnderConcurrentLoad" time="0.076"/>
  <testcase classname="com.example.framework.tests.HighVolumeUserApiTest" name="shouldCreateUsersUnderConcurrentLoad" time="0.056"/>
  <testcase classname="com.example.framework.tests.HighVolumeUserApiTest" name="shouldCreateUsersUnderConcurrentLoad" time="0.062"/>
  <testcase classname="com.example.framework.tests.HighVolumeUserApiTest" name="shouldCreateUsersUnderConcurrentLoad" time="0.072"/>
  <testcase classname="com.example.framework.tests.HighVolumeUserApiTest" name="shouldCreateUsersUnderConcurrentLoad" time="0.023"/>
  <testcase classname="com.example.framework.tests.HighVolumeUserApiTest" name="shouldCreateUsersUnderConcurrentLoad" time="0.095"/>
  <testcase classname="com.example.framework.tests.HighVolumeUserApiTest" name="shouldCreateUsersUnderConcurrentLoad" time="0.037"/>
  <testcase classname="com.example.framework.tests.HighVolumeUserApiTest" name="shouldCreateUsersUnderConcurrentLoad" time="0.062"/>
  <testcase classname="com.example.framework.tests.HighVolumeUserApiTest" name="shouldCreateUsersUnderConcurrentLoad" time="0.066"/>
  <testcase classname="com.example.framework.tests.HighVolumeUserApiTest" name="shouldCreateUsersUnderConcurrentLoad" time="0.068"/>
  <testcase classname="com.example.framework.tests.HighVolumeUserApiTest" name="shouldCreateUsersUnderConcurrentLoad" time="0.039"/>
  <testcase classname="com.example.framework.tests.HighVolumeUserApiTest" name="shouldCreateUsersUnderConcurrentLoad" time="0.075"/>
  <testcase classname="com.example.framework.tests.HighVolumeUserApiTest" name="shouldCreateUsersUnderConcurrentLoad" time="0.101"/>
  <testcase classname="com.example.framework.tests.HighVolumeUserApiTest" name="shouldCreateUsersUnderConcurrentLoad" time="0.038"/>
  <testcase classname="com.example.framework.tests.HighVolumeUserApiTest" name="shouldCreateUsersUnderConcurrentLoad" time="0.083"/>
  <testcase classname="com.example.framework.tests.HighVolumeUserApiTest" name="shouldCreateUsersUnderConcurrentLoad" time="0.055"/>
  <testcase classname="com.example.framework.tests.HighVolumeUserApiTest" name="shouldCreateUsersUnderConcurrentLoad" time="0.017"/>
  <testcase classname="com.example.framework.tests.HighVolumeUserApiTest" name="shouldCreateUsersUnderConcurrentLoad" time="0.074"/>
  <testcase classname="com.example.framework.tests.HighVolumeUserApiTest" name="shouldCreateUsersUnderConcurrentLoad" time="0.066"/>
  <testcase classname="com.example.framework.tests.HighVolumeUserApiTest" name="shouldCreateUsersUnderConcurrentLoad" time="0.030"/>
  <testcase classname="com.example.framework.tests.HighVolumeUserApiTest" name="shouldCreateUsersUnderConcurrentLoad" time="0.044"/>
  <testcase classname="com.example.framework.tests.HighVolumeUserApiTest" name="shouldCreateUsersUnderConcurrentLoad" time="0.041"/>
  <testcase classname="com.example.framework.tests.HighVolumeUserApiTest" name="shouldCreateUsersUnderConcurrentLoad" time="0.049"/>
  <testcase classname="com.example.framework.tests.HighVolumeUserApiTest" name="shouldCreateUsersUnderConcurrentLoad" time="0.033"/>
  <testcase classname="com.example.framework.tests.HighVolumeUserApiTest" name="shouldCreateUsersUnderConcurrentLoad" time="0.109"/>
  <testcase classname="com.example.framework.tests.HighVolumeUserApiTest" name="shouldCreateUsersUnderConcurrentLoad" time="0.048"/>
  <testcase classname="com.example.framework.tests.HighVolumeUserApiTest" name="shouldCreateUsersUnderConcurrentLoad" time="0.086"/>
  <testcase classname="com.example.framework.tests.HighVolumeUserApiTest" name="shouldCreateUsersUnderConcurrentLoad" time="0.071"/>
  <testcase classname="com.example.framework.tests.HighVolumeUserApiTest" name="shouldCreateUsersUnderConcurrentLoad" time="0.036"/>
  <testcase classname="com.example.framework.tests.HighVolumeUserApiTest" name="shouldCreateUsersUnderConcurrentLoad" time="0.027"/>
  <testcase classname="com.example.framework.tests.HighVolumeUserApiTest" name="shouldCreateUsersUnderConcurrentLoad" time="0.064"/>
  <testcase classname="com.example.framework.tests.HighVolumeUserApiTest" name="shouldCreateUsersUnderConcurrentLoad" time="0.033"/>
  <testcase classname="com.example.framework.tests.HighVolumeUserApiTest" name="shouldCreateUsersUnderConcurrentLoad" time="0.037"/>
  <testcase classname="com.example.framework.tests.HighVolumeUserApiTest" name="shouldCreateUsersUnderConcurrentLoad" time="0.093"/>
  <testcase classname="com.example.framework.tests.HighVolumeUserApiTest" name="shouldCreateUsersUnderConcurrentLoad" time="0.121"/>
  <testcase classname="com.example.framework.tests.HighVolumeUserApiTest" name="shouldCreateUsersUnderConcurrentLoad" time="0.138"/>
  <testcase classname="com.example.framework.tests.HighVolumeUserApiTest" name="shouldCreateUsersUnderConcurrentLoad" time="0.039"/>
  <testcase classname="com.example.framework.tests.HighVolumeUserApiTest" name="shouldCreateUsersUnderConcurrentLoad" time="0.037"/>
  <testcase classname="com.example.framework.tests.HighVolumeUserApiTest" name="shouldCreateUsersUnderConcurrentLoad" time="0.050"/>
  <testcase classname="com.example.framework.tests.HighVolumeUserApiTest" name="shouldCreateUsersUnderConcurrentLoad" time="0.091"/>
  <testcase classname="com.example.framework.tests.HighVolumeUserApiTest" name="shouldCreateUsersUnderConcurrentLoad" time="0.068"/>
  <testcase classname="com.example.framework.tests.HighVolumeUserApiTest" name="shouldCreateUsersUnderConcurrentLoad" time="0.081"/>
  <testcase classname="com.example.framework.tests.HighVolumeUserApiTest" name="shouldCreateUsersUnderConcurrentLoad" time="0.050"/>
  <testcase classname="com.example.framework.tests.HighVolumeUserApiTest" name="shouldCreateUsersUnderConcurrentLoad" time="0.086"/>
  <testcase classname="com.example.framework.tests.HighVolumeUserApiTest" name="shouldCreateUsersUnderConcurrentLoad" time="0.032"/>
  <testcase classname="com.example.framework.tests.HighVolumeUserApiTest" name="shouldCreateUsersUnderConcurrentLoad" time="0.141"/>
  <testcase classname="com.example.framework.tests.HighVolumeUserApiTest" name="shouldCreateUsersUnderConcurrentLoad" time="0.072"/>
  <testcase classname="com.example.framework.tests.HighVolumeUserApiTest" name="shouldCreateUsersUnderConcurrentLoad" time="0.043"/>
  <testcase classname="com.example.framework.tests.HighVolumeUserApiTest" name="shouldCreateUsersUnderConcurrentLoad" time="0.031"/>
  <testcase classname="com.example.framework.tests.HighVolumeUserApiTest" name="shouldCreateUsersUnderConcurrentLoad" time="2.680"/>
  <testcase classname="com.example.framework.tests.HighVolumeUserApiTest" name="shouldCreateUsersUnderConcurrentLoad" time="0.024"/>
  <testcase classname="com.example.framework.tests.HighVolumeUserApiTest" name="shouldCreateUsersUnderConcurrentLoad" time="0.031"/>
  <testcase classname="com.example.framework.tests.HighVolumeUserApiTest" name="shouldCreateUsersUnderConcurrentLoad" time="0.086"/>
  <testcase classname="com.example.framework.tests.HighVolumeUserApiTest" name="shouldCreateUsersUnderConcurrentLoad" time="0.058"/>
  <testcase classname="com.example.framework.tests.HighVolumeUserApiTest" name="shouldCreateUsersUnderConcurrentLoad" time="0.081"/>
  <testcase classname="com.example.framework.tests.HighVolumeUserApiTest" name="shouldCreateUsersUnderConcurrentLoad" time="0.123"/>
  <testcase classname="com.example.framework.tests.HighVolumeUserApiTest" name="shouldCreateUsersUnderConcurrentLoad" time="0.067"/>
  <testcase classname="com.example.framework.tests.HighVolumeUserApiTest" name="shouldCreateUsersUnderConcurrentLoad" time="0.049"/>
  <testcase classname="com.example.framework.tests.HighVolumeUserApiTest" name="shouldCreateUsersUnderConcurrentLoad" time="0.043"/>
  <testcase classname="com.example.framework.tests.HighVolumeUserApiTest" name="shouldCreateUsersUnderConcurrentLoad" time="0.042"/>
  <testcase classname="com.example.framework.tests.HighVolumeUserApiTest" name="shouldCreateUsersUnderConcurrentLoad" time="0.040"/>
  <testcase classname="com.example.framework.tests.HighVolumeUserApiTest" name="shouldCreateUsersUnderConcurrentLoad" time="0.100"/>
  <testcase classname="com.example.framework.tests.HighVolumeUserApiTest" name="shouldCreateUsersUnderConcurrentLoad" time="0.100"/>
  <testcase classname="com.example.framework.tests.HighVolumeUserApiTest" name="shouldCreateUsersUnderConcurrentLoad" time="0.028"/>
  <testcase classname="com.example.framework.tests.HighVolumeUserApiTest" name="shouldCreateUsersUnderConcurrentLoad" time="0.022"/>
  <testcase classname="com.example.framework.tests.HighVolumeUserApiTest" name="shouldCreateUsersUnderConcurrentLoad" time="0.036"/>
  <testcase classname="com.example.framework.tests.HighVolumeUserApiTest" name="shouldCreateUsersUnderConcurrentLoad" time="0.046"/>
  <testcase classname="com.example.framework.tests.HighVolumeUserApiTest" name="shouldCreateUsersUnderConcurrentLoad" time="0.027"/>
  <testcase classname="com.example.framework.tests.HighVolumeUserApiTest" name="shouldCreateUsersUnderConcurrentLoad" time="0.056"/>
  <testcase classname="com.example.framework.tests.HighVolumeUserApiTest" name="shouldCreateUsersUnderConcurrentLoad" time="0.031"/>
  <testcase classname="com.example.framework.tests.HighVolumeUserApiTest" name="shouldCreateUsersUnderConcurrentLoad" time="0.058"/>
  <testcase classname="com.example.framework.tests.HighVolumeUserApiTest" name="shouldCreateUsersUnderConcurrentLoad" time="0.030"/>
  <testcase classname="com.example.framework.tests.HighVolumeUserApiTest" name="shouldCreateUsersUnderConcurrentLoad" time="0.027"/>
  <testcase classname="com.example.framework.tests.HighVolumeUserApiTest" name="shouldCreateUsersUnderConcurrentLoad" time="0.021"/>
  <testcase classname="com.example.framework.tests.HighVolumeUserApiTest" name="shouldCreateUsersUnderConcurrentLoad" time="0.093"/>
  <testcase classname="com.example.framework.tests.HighVolumeUserApiTest" name="shouldCreateUsersUnderConcurrentLoad" time="0.024"/>
  <testcase classname="com.example.framework.tests.HighVolumeUserApiTest" name="shouldCreateUsersUnderConcurrentLoad" time="0.022"/>
  <testcase classname="com.example.framework.tests.HighVolumeUserApiTest" name="shouldCreateUsersUnderConcurrentLoad" time="0.087"/>
  <testcase classname="com.example.framework.tests.HighVolumeUserApiTest" name="shouldCreateUsersUnderConcurrentLoad" time="0.073"/>
  <testcase classname="com.example.framework.tests.HighVolumeUserApiTest" name="shouldCreateUsersUnderConcurrentLoad" time="0.038"/>
  <testcase classname="com.example.framework.tests.HighVolumeUserApiTest" name="shouldCreateUsersUnderConcurrentLoad" time="0.040"/>
  <testcase classname="com.example.framework.tests.HighVolumeUserApiTest" name="shouldCreateUsersUnderConcurrentLoad" time="0.020"/>
  <testcase classname="com.example.framework.tests.HighVolumeUserApiTest" name="shouldCreateUsersUnderConcurrentLoad" time="0.046"/>
  <testcase classname="com.example.framework.tests.HighVolumeUserApiTest" name="shouldCreateUsersUnderConcurrentLoad" time="0.056"/>
  <testcase classname="com.example.framework.tests.HighVolumeUserApiTest" name="shouldCreateUsersUnderConcurrentLoad" time="0.048"/>
  <testcase classname="com.example.framework.tests.HighVolumeUserApiTest" name="shouldCreateUsersUnderConcurrentLoad" time="0.066"/>
  <testcase classname="com.example.framework.tests.HighVolumeUserApiTest" name="shouldCreateUsersUnderConcurrentLoad" time="0.030"/>
  <testcase classname="com.example.framework.tests.HighVolumeUserApiTest" name="shouldCreateUsersUnderConcurrentLoad" time="0.021"/>
  <testcase classname="com.example.framework.tests.HighVolumeUserApiTest" name="shouldCreateUsersUnderConcurrentLoad" time="0.063"/>
  <testcase classname="com.example.framework.tests.HighVolumeUserApiTest" name="shouldCreateUsersUnderConcurrentLoad" time="0.022"/>
  <testcase classname="com.example.framework.tests.HighVolumeUserApiTest" name="shouldCreateUsersUnderConcurrentLoad" time="0.120"/>
  <testcase classname="com.example.framework.tests.HighVolumeUserApiTest" name="shouldCreateUsersUnderConcurrentLoad" time="0.020"/>
  <testcase classname="com.example.framework.tests.HighVolumeUserApiTest" name="shouldCreateUsersUnderConcurrentLoad" time="0.039"/>
  <testcase classname="com.example.framework.tests.HighVolumeUserApiTest" name="shouldCreateUsersUnderConcurrentLoad" time="0.042"/>
  <testcase classname="com.example.framework.tests.HighVolumeUserApiTest" name="shouldCreateUsersUnderConcurrentLoad" time="0.027"/>
  <testcase classname="com.example.framework.tests.HighVolumeUserApiTest" name="shouldCreateUsersUnderConcurrentLoad" time="0.028"/>
  <testcase classname="com.example.framework.tests.HighVolumeUserApiTest" name="shouldCreateUsersUnderConcurrentLoad" time="0.034"/>
  <testcase classname="com.example.framework.tests.HighVolumeUserApiTest" name="shouldCreateUsersUnderConcurrentLoad" time="0.015"/>
  <testcase classname="com.example.framework.tests.HighVolumeUserApiTest" name="shouldCreateUsersUnderConcurrentLoad" time="0.032"/>
  <testcase classname="com.example.framework.tests.HighVolumeUserApiTest" name="shouldCreateUsersUnderConcurrentLoad" time="0.051"/>
  <testcase classname="com.example.framework.tests.HighVolumeUserApiTest" name="shouldCreateUsersUnderConcurrentLoad" time="2.683"/>
  <testcase classname="com.example.framework.tests.HighVolumeUserApiTest" name="shouldCreateUsersUnderConcurrentLoad" time="0.091"/>
  <testcase classname="com.example.framework.tests.HighVolumeUserApiTest" name="shouldCreateUsersUnderConcurrentLoad" time="0.084"/>
  <testcase classname="com.example.framework.tests.HighVolumeUserApiTest" name="shouldCreateUsersUnderConcurrentLoad" time="0.127"/>
  <testcase classname="com.example.framework.tests.HighVolumeUserApiTest" name="shouldCreateUsersUnderConcurrentLoad" time="0.121"/>
  <testcase classname="com.example.framework.tests.HighVolumeUserApiTest" name="shouldCreateUsersUnderConcurrentLoad" time="0.029"/>
  <testcase classname="com.example.framework.tests.HighVolumeUserApiTest" name="shouldCreateUsersUnderConcurrentLoad" time="0.027"/>
  <testcase classname="com.example.framework.tests.HighVolumeUserApiTest" name="shouldCreateUsersUnderConcurrentLoad" time="0.028"/>
  <testcase classname="com.example.framework.tests.HighVolumeUserApiTest" name="shouldCreateUsersUnderConcurrentLoad" time="0.025"/>
  <testcase classname="com.example.framework.tests.HighVolumeUserApiTest" name="shouldCreateUsersUnderConcurrentLoad" time="0.021"/>
  <testcase classname="com.example.framework.tests.HighVolumeUserApiTest" name="shouldCreateUsersUnderConcurrentLoad" time="0.018"/>
  <testcase classname="com.example.framework.tests.HighVolumeUserApiTest" name="shouldCreateUsersUnderConcurrentLoad" time="0.065"/>
  <testcase classname="com.example.framework.tests.HighVolumeUserApiTest" name="shouldCreateUsersUnderConcurrentLoad" time="0.083"/>
  <testcase classname="com.example.framework.tests.HighVolumeUserApiTest" name="shouldCreateUsersUnderConcurrentLoad" time="0.150"/>
  <testcase classname="com.example.framework.tests.HighVolumeUserApiTest" name="shouldCreateUsersUnderConcurrentLoad" time="0.060"/>
  <testcase classname="com.example.framework.tests.HighVolumeUserApiTest" name="shouldCreateUsersUnderConcurrentLoad" time="0.027"/>
  <testcase classname="com.example.framework.tests.HighVolumeUserApiTest" name="shouldCreateUsersUnderConcurrentLoad" time="0.040"/>
  <testcase classname="com.example.framework.tests.HighVolumeUserApiTest" name="shouldCreateUsersUnderConcurrentLoad" time="0.029"/>
  <testcase classname="com.example.framework.tests.HighVolumeUserApiTest" name="shouldCreateUsersUnderConcurrentLoad" time="0.053"/>
  <testcase classname="com.example.framework.tests.HighVolumeUserApiTest" name="shouldCreateUsersUnderConcurrentLoad" time="0.110"/>
  <testcase classname="com.example.framework.tests.HighVolumeUserApiTest" name="shouldCreateUsersUnderConcurrentLoad" time="0.045"/>
  <testcase classname="com.example.framework.tests.HighVolumeUserApiTest" name="shouldCreateUsersUnderConcurrentLoad" time="0.060"/>
  <testcase classname="com.example.framework.tests.HighVolumeUserApiTest" name="shouldCreateUsersUnderConcurrentLoad" time="0.059"/>
  <testcase classname="com.example.framework.tests.HighVolumeUserApiTest" name="shouldCreateUsersUnderConcurrentLoad" time="0.063"/>
  <testcase classname="com.example.framework.tests.HighVolumeUserApiTest" name="shouldCreateUsersUnderConcurrentLoad" time="0.065"/>
  <testcase classname="com.example.framework.tests.HighVolumeUserApiTest" name="shouldCreateUsersUnderConcurrentLoad" time="0.049"/>
  <testcase classname="com.example.framework.tests.HighVolumeUserApiTest" name="shouldCreateUsersUnderConcurrentLoad" time="0.096"/>
  <testcase classname="com.example.framework.tests.HighVolumeUserApiTest" name="shouldCreateUsersUnderConcurrentLoad" time="0.047"/>
  <testcase classname="com.example.framework.tests.HighVolumeUserApiTest" name="shouldCreateUsersUnderConcurrentLoad" time="0.037"/>
  <testcase classname="com.example.framework.tests.HighVolumeUserApiTest" name="shouldCreateUsersUnderConcurrentLoad" time="0.048"/>
  <testcase classname="com.example.framework.tests.HighVolumeUserApiTest" name="shouldCreateUsersUnderConcurrentLoad" time="0.031"/>
  <testcase classname="com.example.framework.tests.HighVolumeUserApiTest" name="shouldCreateUsersUnderConcurrentLoad" time="0.056"/>
  <testcase classname="com.example.framework.tests.HighVolumeUserApiTest" name="shouldCreateUsersUnderConcurrentLoad" time="0.042"/>
  <testcase classname="com.example.framework.tests.HighVolumeUserApiTest" name="shouldCreateUsersUnderConcurrentLoad" time="0.056"/>
  <testcase classname="com.example.framework.tests.HighVolumeUserApiTest" name="shouldCreateUsersUnderConcurrentLoad" time="0.027"/>
  <testcase classname="com.example.framework.tests.HighVolumeUserApiTest" name="shouldCreateUsersUnderConcurrentLoad" time="0.076"/>
  <testcase classname="com.example.framework.tests.HighVolumeUserApiTest" name="shouldCreateUsersUnderConcurrentLoad" time="0.057"/>
  <testcase classname="com.example.framework.tests.HighVolumeUserApiTest" name="shouldCreateUsersUnderConcurrentLoad" time="0.039"/>
  <testcase classname="com.example.framework.tests.HighVolumeUserApiTest" name="shouldCreateUsersUnderConcurrentLoad" time="0.057"/>
  <testcase classname="com.example.framework.tests.HighVolumeUserApiTest" name="shouldCreateUsersUnderConcurrentLoad" time="0.021"/>
  <testcase classname="com.example.framework.tests.HighVolumeUserApiTest" name="shouldCreateUsersUnderConcurrentLoad" time="0.019"/>
  <testcase classname="com.example.framework.tests.HighVolumeUserApiTest" name="shouldCreateUsersUnderConcurrentLoad" time="0.041"/>
  <testcase classname="com.example.framework.tests.HighVolumeUserApiTest" name="shouldCreateUsersUnderConcurrentLoad" time="0.013"/>
  <testcase classname="com.example.framework.tests.HighVolumeUserApiTest" name="shouldCreateUsersUnderConcurrentLoad" time="0.018"/>
  <testcase classname="com.example.framework.tests.HighVolumeUserApiTest" name="shouldCreateUsersUnderConcurrentLoad" time="0.060"/>
  <testcase classname="com.example.framework.tests.HighVolumeUserApiTest" name="shouldCreateUsersUnderConcurrentLoad" time="0.127"/>
  <testcase classname="com.example.framework.tests.HighVolumeUserApiTest" name="shouldCreateUsersUnderConcurrentLoad" time="0.111"/>
  <testcase classname="com.example.framework.tests.HighVolumeUserApiTest" name="shouldCreateUsersUnderConcurrentLoad" time="0.069"/>
  <testcase classname="com.example.framework.tests.HighVolumeUserApiTest" name="shouldCreateUsersUnderConcurrentLoad" time="0.050"/>
  <testcase classname="com.example.framework.tests.HighVolumeUserApiTest" name="shouldCreateUsersUnderConcurrentLoad" time="0.034"/>
  <testcase classname="com.example.framework.tests.HighVolumeUserApiTest" name="shouldCreateUsersUnderConcurrentLoad" time="0.071"/>
  <testcase classname="com.example.framework.tests.HighVolumeUserApiTest" name="shouldCreateUsersUnderConcurrentLoad" time="0.051"/>
  <testcase classname="com.example.framework.tests.HighVolumeUserApiTest" name="shouldCreateUsersUnderConcurrentLoad" time="0.061"/>
  <testcase classname="com.example.framework.tests.HighVolumeUserApiTest" name="shouldCreateUsersUnderConcurrentLoad" time="0.042"/>
  <testcase classname="com.example.framework.tests.HighVolumeUserApiTest" name="shouldCreateUsersUnderConcurrentLoad" time="0.045"/>
  <testcase classname="com.example.framework.tests.HighVolumeUserApiTest" name="shouldCreateUsersUnderConcurrentLoad" time="0.076"/>
  <testcase classname="com.example.framework.tests.HighVolumeUserApiTest" name="shouldCreateUsersUnderConcurrentLoad" time="0.026"/>
  <testcase classname="com.example.framework.tests.HighVolumeUserApiTest" name="shouldCreateUsersUnderConcurrentLoad" time="0.027"/>
  <testcase classname="com.example.framework.tests.HighVolumeUserApiTest" name="shouldCreateUsersUnderConcurrentLoad" time="0.024"/>
  <testcase classname="com.example.framework.tests.HighVolumeUserApiTest" name="shouldCreateUsersUnderConcurrentLoad" time="0.037"/>
  <testcase classname="com.example.framework.tests.HighVolumeUserApiTest" name="shouldCreateUsersUnderConcurrentLoad" time="0.025"/>
  <testcase classname="com.example.framework.tests.HighVolumeUserApiTest" name="shouldCreateUsersUnderConcurrentLoad" time="0.080"/>
  <testcase classname="com.example.framework.tests.HighVolumeUserApiTest" name="shouldCreateUsersUnderConcurrentLoad" time="0.045"/>
  <testcase classname="com.example.framework.tests.HighVolumeUserApiTest" name="shouldCreateUsersUnderConcurrentLoad" time="0.031"/>
  <testcase classname="com.example.framework.tests.HighVolumeUserApiTest" name="shouldCreateUsersUnderConcurrentLoad" time="0.048"/>
  <testcase classname="com.example.framework.tests.HighVolumeUserApiTest" name="shouldCreateUsersUnderConcurrentLoad" time="0.023"/>
  <testcase classname="com.example.framework.tests.HighVolumeUserApiTest" name="shouldCreateUsersUnderConcurrentLoad" time="0.058"/>
  <testcase classname="com.example.framework.tests.HighVolumeUserApiTest" name="shouldCreateUsersUnderConcurrentLoad" time="0.029"/>
  <testcase classname="com.example.framework.tests.HighVolumeUserApiTest" name="shouldCreateUsersUnderConcurrentLoad" time="0.018"/>
  <testcase classname="com.example.framework.tests.HighVolumeUserApiTest" name="shouldCreateUsersUnderConcurrentLoad" time="0.052"/>
  <testcase classname="com.example.framework.tests.HighVolumeUserApiTest" name="shouldCreateUsersUnderConcurrentLoad" time="0.020"/>
  <testcase classname="com.example.framework.tests.HighVolumeUserApiTest" name="shouldCreateUsersUnderConcurrentLoad" time="0.021"/>
  <testcase classname="com.example.framework.tests.HighVolumeUserApiTest" name="shouldCreateUsersUnderConcurrentLoad" time="0.037"/>
  <testcase classname="com.example.framework.tests.HighVolumeUserApiTest" name="shouldCreateUsersUnderConcurrentLoad" time="0.022"/>
  <testcase classname="com.example.framework.tests.HighVolumeUserApiTest" name="shouldCreateUsersUnderConcurrentLoad" time="0.061"/>
  <testcase classname="com.example.framework.tests.HighVolumeUserApiTest" name="shouldCreateUsersUnderConcurrentLoad" time="0.022"/>
  <testcase classname="com.example.framework.tests.HighVolumeUserApiTest" name="shouldCreateUsersUnderConcurrentLoad" time="0.119"/>
  <testcase classname="com.example.framework.tests.HighVolumeUserApiTest" name="shouldCreateUsersUnderConcurrentLoad" time="0.028"/>
  <testcase classname="com.example.framework.tests.HighVolumeUserApiTest" name="shouldCreateUsersUnderConcurrentLoad" time="0.031"/>
  <testcase classname="com.example.framework.tests.HighVolumeUserApiTest" name="shouldCreateUsersUnderConcurrentLoad" time="0.038"/>
  <testcase classname="com.example.framework.tests.HighVolumeUserApiTest" name="shouldCreateUsersUnderConcurrentLoad" time="0.056"/>
  <testcase classname="com.example.framework.tests.HighVolumeUserApiTest" name="shouldCreateUsersUnderConcurrentLoad" time="0.068"/>
  <testcase classname="com.example.framework.tests.HighVolumeUserApiTest" name="shouldCreateUsersUnderConcurrentLoad" time="0.025"/>
  <testcase classname="com.example.framework.tests.HighVolumeUserApiTest" name="shouldCreateUsersUnderConcurrentLoad" time="0.060"/>
  <testcase classname="com.example.framework.tests.HighVolumeUserApiTest" name="shouldCreateUsersUnderConcurrentLoad" time="0.059"/>
  <testcase classname="com.example.framework.tests.HighVolumeUserApiTest" name="shouldCreateUsersUnderConcurrentLoad" time="0.041"/>
  <testcase classname="com.example.framework.tests.HighVolumeUserApiTest" name="shouldCreateUsersUnderConcurrentLoad" time="0.046"/>
  <testcase classname="com.example.framework.tests.HighVolumeUserApiTest" name="shouldCreateUsersUnderConcurrentLoad" time="0.037"/>
  <testcase classname="com.example.framework.tests.HighVolumeUserApiTest" name="shouldCreateUsersUnderConcurrentLoad" time="0.077"/>
  <testcase classname="com.example.framework.tests.HighVolumeUserApiTest" name="shouldCreateUsersUnderConcurrentLoad" time="0.087"/>
  <testcase classname="com.example.framework.tests.HighVolumeUserApiTest" name="shouldCreateUsersUnderConcurrentLoad" time="0.036"/>
  <testcase classname="com.example.framework.tests.HighVolumeUserApiTest" name="shouldCreateUsersUnderConcurrentLoad" time="0.033"/>
  <testcase classname="com.example.framework.tests.HighVolumeUserApiTest" name="shouldCreateUsersUnderConcurrentLoad" time="0.053"/>
  <testcase classname="com.example.framework.tests.HighVolumeUserApiTest" name="shouldCreateUsersUnderConcurrentLoad" time="0.038"/>
  <testcase classname="com.example.framework.tests.HighVolumeUserApiTest" name="shouldCreateUsersUnderConcurrentLoad" time="0.029"/>
  <testcase classname="com.example.framework.tests.HighVolumeUserApiTest" name="shouldCreateUsersUnderConcurrentLoad" time="0.074"/>
  <testcase classname="com.example.framework.tests.HighVolumeUserApiTest" name="shouldCreateUsersUnderConcurrentLoad" time="0.028"/>
  <testcase classname="com.example.framework.tests.HighVolumeUserApiTest" name="shouldCreateUsersUnderConcurrentLoad" time="0.244"/>
  <testcase classname="com.example.framework.tests.HighVolumeUserApiTest" name="shouldCreateUsersUnderConcurrentLoad" time="0.029"/>
  <testcase classname="com.example.framework.tests.HighVolumeUserApiTest" name="shouldCreateUsersUnderConcurrentLoad" time="0.075"/>
  <testcase classname="com.example.framework.tests.HighVolumeUserApiTest" name="shouldCreateUsersUnderConcurrentLoad" time="0.118"/>
  <testcase classname="com.example.framework.tests.HighVolumeUserApiTest" name="shouldCreateUsersUnderConcurrentLoad" time="0.041"/>
  <testcase classname="com.example.framework.tests.HighVolumeUserApiTest" name="shouldCreateUsersUnderConcurrentLoad" time="0.044"/>
  <testcase classname="com.example.framework.tests.HighVolumeUserApiTest" name="shouldCreateUsersUnderConcurrentLoad" time="0.049"/>
  <testcase classname="com.example.framework.tests.HighVolumeUserApiTest" name="shouldCreateUsersUnderConcurrentLoad" time="0.034"/>
  <testcase classname="com.example.framework.tests.HighVolumeUserApiTest" name="shouldCreateUsersUnderConcurrentLoad" time="0.033"/>
  <testcase classname="com.example.framework.tests.HighVolumeUserApiTest" name="shouldCreateUsersUnderConcurrentLoad" time="0.082"/>
  <testcase classname="com.example.framework.tests.HighVolumeUserApiTest" name="shouldCreateUsersUnderConcurrentLoad" time="0.070"/>
  <testcase classname="com.example.framework.tests.HighVolumeUserApiTest" name="shouldCreateUsersUnderConcurrentLoad" time="0.025"/>
  <testcase classname="com.example.framework.tests.HighVolumeUserApiTest" name="shouldCreateUsersUnderConcurrentLoad" time="0.104"/>
  <testcase classname="com.example.framework.tests.HighVolumeUserApiTest" name="shouldCreateUsersUnderConcurrentLoad" time="0.053"/>
  <testcase classname="com.example.framework.tests.HighVolumeUserApiTest" name="shouldCreateUsersUnderConcurrentLoad" time="0.049"/>
  <testcase classname="com.example.framework.tests.HighVolumeUserApiTest" name="shouldCreateUsersUnderConcurrentLoad" time="0.016"/>
  <testcase classname="com.example.framework.tests.HighVolumeUserApiTest" name="shouldCreateUsersUnderConcurrentLoad" time="0.015"/>
  <testcase classname="com.example.framework.tests.HighVolumeUserApiTest" name="shouldCreateUsersUnderConcurrentLoad" time="0.020"/>
  <testcase classname="com.example.framework.tests.HighVolumeUserApiTest" name="shouldCreateUsersUnderConcurrentLoad" time="0.085"/>
  <testcase classname="com.example.framework.tests.HighVolumeUserApiTest" name="shouldCreateUsersUnderConcurrentLoad" time="0.082"/>
  <testcase classname="com.example.framework.tests.HighVolumeUserApiTest" name="shouldCreateUsersUnderConcurrentLoad" time="0.046"/>
  <testcase classname="com.example.framework.tests.HighVolumeUserApiTest" name="shouldCreateUsersUnderConcurrentLoad" time="0.042"/>
  <testcase classname="com.example.framework.tests.HighVolumeUserApiTest" name="shouldCreateUsersUnderConcurrentLoad" time="0.087"/>
  <testcase classname="com.example.framework.tests.HighVolumeUserApiTest" name="shouldCreateUsersUnderConcurrentLoad" time="0.027"/>
  <testcase classname="com.example.framework.tests.HighVolumeUserApiTest" name="shouldCreateUsersUnderConcurrentLoad" time="0.021"/>
  <testcase classname="com.example.framework.tests.HighVolumeUserApiTest" name="shouldCreateUsersUnderConcurrentLoad" time="0.070"/>
  <testcase classname="com.example.framework.tests.HighVolumeUserApiTest" name="shouldCreateUsersUnderConcurrentLoad" time="0.023"/>
  <testcase classname="com.example.framework.tests.HighVolumeUserApiTest" name="shouldCreateUsersUnderConcurrentLoad" time="0.017"/>
  <testcase classname="com.example.framework.tests.HighVolumeUserApiTest" name="shouldCreateUsersUnderConcurrentLoad" time="0.039"/>
  <testcase classname="com.example.framework.tests.HighVolumeUserApiTest" name="shouldCreateUsersUnderConcurrentLoad" time="2.687"/>
  <testcase classname="com.example.framework.tests.HighVolumeUserApiTest" name="shouldCreateUsersUnderConcurrentLoad" time="0.029"/>
  <testcase classname="com.example.framework.tests.HighVolumeUserApiTest" name="shouldCreateUsersUnderConcurrentLoad" time="0.026"/>
  <testcase classname="com.example.framework.tests.HighVolumeUserApiTest" name="shouldCreateUsersUnderConcurrentLoad" time="0.102"/>
  <testcase classname="com.example.framework.tests.HighVolumeUserApiTest" name="shouldCreateUsersUnderConcurrentLoad" time="0.054"/>
  <testcase classname="com.example.framework.tests.HighVolumeUserApiTest" name="shouldCreateUsersUnderConcurrentLoad" time="0.026"/>
  <testcase classname="com.example.framework.tests.HighVolumeUserApiTest" name="shouldCreateUsersUnderConcurrentLoad" time="0.061"/>
  <testcase classname="com.example.framework.tests.HighVolumeUserApiTest" name="shouldCreateUsersUnderConcurrentLoad" time="0.043"/>
  <testcase classname="com.example.framework.tests.HighVolumeUserApiTest" name="shouldCreateUsersUnderConcurrentLoad" time="0.045"/>
  <testcase classname="com.example.framework.tests.HighVolumeUserApiTest" name="shouldCreateUsersUnderConcurrentLoad" time="0.031"/>
  <testcase classname="com.example.framework.tests.HighVolumeUserApiTest" name="shouldCreateUsersUnderConcurrentLoad" time="0.098"/>
  <testcase classname="com.example.framework.tests.HighVolumeUserApiTest" name="shouldCreateUsersUnderConcurrentLoad" time="0.063"/>
  <testcase classname="com.example.framework.tests.HighVolumeUserApiTest" name="shouldCreateUsersUnderConcurrentLoad" time="0.062"/>
  <testcase classname="com.example.framework.tests.HighVolumeUserApiTest" name="shouldCreateUsersUnderConcurrentLoad" time="0.030"/>
  <testcase classname="com.example.framework.tests.HighVolumeUserApiTest" name="shouldCreateUsersUnderConcurrentLoad" time="0.027"/>
  <testcase classname="com.example.framework.tests.HighVolumeUserApiTest" name="shouldCreateUsersUnderConcurrentLoad" time="0.018"/>
  <testcase classname="com.example.framework.tests.HighVolumeUserApiTest" name="shouldCreateUsersUnderConcurrentLoad" time="0.110"/>
  <testcase classname="com.example.framework.tests.HighVolumeUserApiTest" name="shouldCreateUsersUnderConcurrentLoad" time="0.073"/>
  <testcase classname="com.example.framework.tests.HighVolumeUserApiTest" name="shouldCreateUsersUnderConcurrentLoad" time="0.037"/>
  <testcase classname="com.example.framework.tests.HighVolumeUserApiTest" name="shouldCreateUsersUnderConcurrentLoad" time="0.062"/>
  <testcase classname="com.example.framework.tests.HighVolumeUserApiTest" name="shouldCreateUsersUnderConcurrentLoad" time="0.148"/>
  <testcase classname="com.example.framework.tests.HighVolumeUserApiTest" name="shouldCreateUsersUnderConcurrentLoad" time="0.066"/>
  <testcase classname="com.example.framework.tests.HighVolumeUserApiTest" name="shouldCreateUsersUnderConcurrentLoad" time="0.026"/>
  <testcase classname="com.example.framework.tests.HighVolumeUserApiTest" name="shouldCreateUsersUnderConcurrentLoad" time="0.025"/>
  <testcase classname="com.example.framework.tests.HighVolumeUserApiTest" name="shouldCreateUsersUnderConcurrentLoad" time="0.047"/>
  <testcase classname="com.example.framework.tests.HighVolumeUserApiTest" name="shouldCreateUsersUnderConcurrentLoad" time="0.081"/>
  <testcase classname="com.example.framework.tests.HighVolumeUserApiTest" name="shouldCreateUsersUnderConcurrentLoad" time="0.043"/>
  <testcase classname="com.example.framework.tests.HighVolumeUserApiTest" name="shouldCreateUsersUnderConcurrentLoad" time="0.084"/>
  <testcase classname="com.example.framework.tests.HighVolumeUserApiTest" name="shouldCreateUsersUnderConcurrentLoad" time="0.047"/>
  <testcase classname="com.example.framework.tests.HighVolumeUserApiTest" name="shouldCreateUsersUnderConcurrentLoad" time="0.050"/>
  <testcase classname="com.example.framework.tests.HighVolumeUserApiTest" name="shouldCreateUsersUnderConcurrentLoad" time="0.053"/>
  <testcase classname="com.example.framework.tests.HighVolumeUserApiTest" name="shouldCreateUsersUnderConcurrentLoad" time="0.037"/>
  <testcase classname="com.example.framework.tests.HighVolumeUserApiTest" name="shouldCreateUsersUnderConcurrentLoad" time="0.034"/>
  <testcase classname="com.example.framework.tests.HighVolumeUserApiTest" name="shouldCreateUsersUnderConcurrentLoad" time="0.109"/>
  <testcase classname="com.example.framework.tests.HighVolumeUserApiTest" name="shouldCreateUsersUnderConcurrentLoad" time="0.041"/>
  <testcase classname="com.example.framework.tests.HighVolumeUserApiTest" name="shouldCreateUsersUnderConcurrentLoad" time="0.097"/>
  <testcase classname="com.example.framework.tests.HighVolumeUserApiTest" name="shouldCreateUsersUnderConcurrentLoad" time="0.134"/>
  <testcase classname="com.example.framework.tests.HighVolumeUserApiTest" name="shouldCreateUsersUnderConcurrentLoad" time="0.063"/>
  <testcase classname="com.example.framework.tests.HighVolumeUserApiTest" name="shouldCreateUsersUnderConcurrentLoad" time="0.047"/>
  <testcase classname="com.example.framework.tests.HighVolumeUserApiTest" name="shouldCreateUsersUnderConcurrentLoad" time="0.034"/>
  <testcase classname="com.example.framework.tests.HighVolumeUserApiTest" name="shouldCreateUsersUnderConcurrentLoad" time="0.105"/>
  <testcase classname="com.example.framework.tests.HighVolumeUserApiTest" name="shouldCreateUsersUnderConcurrentLoad" time="0.031"/>
  <testcase classname="com.example.framework.tests.HighVolumeUserApiTest" name="shouldCreateUsersUnderConcurrentLoad" time="0.082"/>
  <testcase classname="com.example.framework.tests.HighVolumeUserApiTest" name="shouldCreateUsersUnderConcurrentLoad" time="0.067"/>
  <testcase classname="com.example.framework.tests.HighVolumeUserApiTest" name="shouldCreateUsersUnderConcurrentLoad" time="0.125"/>
  <testcase classname="com.example.framework.tests.HighVolumeUserApiTest" name="shouldCreateUsersUnderConcurrentLoad" time="0.085"/>
  <testcase classname="com.example.framework.tests.HighVolumeUserApiTest" name="shouldCreateUsersUnderConcurrentLoad" time="0.105"/>
  <testcase classname="com.example.framework.tests.HighVolumeUserApiTest" name="shouldCreateUsersUnderConcurrentLoad" time="0.030"/>
  <testcase classname="com.example.framework.tests.HighVolumeUserApiTest" name="shouldCreateUsersUnderConcurrentLoad" time="0.085"/>
  <testcase classname="com.example.framework.tests.HighVolumeUserApiTest" name="shouldCreateUsersUnderConcurrentLoad" time="0.065"/>
  <testcase classname="com.example.framework.tests.HighVolumeUserApiTest" name="shouldCreateUsersUnderConcurrentLoad" time="0.038"/>
  <testcase classname="com.example.framework.tests.HighVolumeUserApiTest" name="shouldCreateUsersUnderConcurrentLoad" time="0.017"/>
  <testcase classname="com.example.framework.tests.HighVolumeUserApiTest" name="shouldCreateUsersUnderConcurrentLoad" time="0.121"/>
  <testcase classname="com.example.framework.tests.HighVolumeUserApiTest" name="shouldCreateUsersUnderConcurrentLoad" time="0.039"/>
  <testcase classname="com.example.framework.tests.HighVolumeUserApiTest" name="shouldCreateUsersUnderConcurrentLoad" time="0.053"/>
  <testcase classname="com.example.framework.tests.HighVolumeUserApiTest" name="shouldCreateUsersUnderConcurrentLoad" time="0.084"/>
  <testcase classname="com.example.framework.tests.HighVolumeUserApiTest" name="shouldCreateUsersUnderConcurrentLoad" time="0.070"/>
  <testcase classname="com.example.framework.tests.HighVolumeUserApiTest" name="shouldCreateUsersUnderConcurrentLoad" time="0.031"/>
  <testcase classname="com.example.framework.tests.HighVolumeUserApiTest" name="shouldCreateUsersUnderConcurrentLoad" time="0.070"/>
  <testcase classname="com.example.framework.tests.HighVolumeUserApiTest" name="shouldCreateUsersUnderConcurrentLoad" time="0.063"/>
  <testcase classname="com.example.framework.tests.HighVolumeUserApiTest" name="shouldCreateUsersUnderConcurrentLoad" time="0.041"/>
  <testcase classname="com.example.framework.tests.HighVolumeUserApiTest" name="shouldCreateUsersUnderConcurrentLoad" time="0.038"/>
  <testcase classname="com.example.framework.tests.HighVolumeUserApiTest" name="shouldCreateUsersUnderConcurrentLoad" time="0.014"/>
  <testcase classname="com.example.framework.tests.HighVolumeUserApiTest" name="shouldCreateUsersUnderConcurrentLoad" time="0.030"/>
  <testcase classname="com.example.framework.tests.HighVolumeUserApiTest" name="shouldCreateUsersUnderConcurrentLoad" time="0.041"/>
  <testcase classname="com.example.framework.tests.HighVolumeUserApiTest" name="shouldCreateUsersUnderConcurrentLoad" time="0.025"/>
  <testcase classname="com.example.framework.tests.HighVolumeUserApiTest" name="shouldCreateUsersUnderConcurrentLoad" time="0.053"/>
  <testcase classname="com.example.framework.tests.HighVolumeUserApiTest" name="shouldCreateUsersUnderConcurrentLoad" time="0.023"/>
  <testcase classname="com.example.framework.tests.HighVolumeUserApiTest" name="shouldCreateUsersUnderConcurrentLoad" time="0.071"/>
  <testcase classname="com.example.framework.tests.HighVolumeUserApiTest" name="shouldCreateUsersUnderConcurrentLoad" time="0.032"/>
  <testcase classname="com.example.framework.tests.HighVolumeUserApiTest" name="shouldCreateUsersUnderConcurrentLoad" time="0.053"/>
  <testcase classname="com.example.framework.tests.HighVolumeUserApiTest" name="shouldCreateUsersUnderConcurrentLoad" time="0.068"/>
  <testcase classname="com.example.framework.tests.HighVolumeUserApiTest" name="shouldCreateUsersUnderConcurrentLoad" time="0.019"/>
  <testcase classname="com.example.framework.tests.HighVolumeUserApiTest" name="shouldCreateUsersUnderConcurrentLoad" time="0.047"/>
  <testcase classname="com.example.framework.tests.HighVolumeUserApiTest" name="shouldCreateUsersUnderConcurrentLoad" time="0.105"/>
  <testcase classname="com.example.framework.tests.HighVolumeUserApiTest" name="shouldCreateUsersUnderConcurrentLoad" time="0.096"/>
  <testcase classname="com.example.framework.tests.HighVolumeUserApiTest" name="shouldCreateUsersUnderConcurrentLoad" time="0.039"/>
  <testcase classname="com.example.framework.tests.HighVolumeUserApiTest" name="shouldCreateUsersUnderConcurrentLoad" time="0.017"/>
  <testcase classname="com.example.framework.tests.HighVolumeUserApiTest" name="shouldCreateUsersUnderConcurrentLoad" time="0.041"/>
  <testcase classname="com.example.framework.tests.HighVolumeUserApiTest" name="shouldCreateUsersUnderConcurrentLoad" time="0.028"/>
  <testcase classname="com.example.framework.tests.HighVolumeUserApiTest" name="shouldCreateUsersUnderConcurrentLoad" time="0.020"/>
  <testcase classname="com.example.framework.tests.HighVolumeUserApiTest" name="shouldCreateUsersUnderConcurrentLoad" time="0.032"/>
  <testcase classname="com.example.framework.tests.HighVolumeUserApiTest" name="shouldCreateUsersUnderConcurrentLoad" time="0.042"/>
  <testcase classname="com.example.framework.tests.HighVolumeUserApiTest" name="shouldCreateUsersUnderConcurrentLoad" time="0.051"/>
  <testcase classname="com.example.framework.tests.HighVolumeUserApiTest" name="shouldCreateUsersUnderConcurrentLoad" time="0.063"/>
  <testcase classname="com.example.framework.tests.HighVolumeUserApiTest" name="shouldCreateUsersUnderConcurrentLoad" time="0.065"/>
  <testcase classname="com.example.framework.tests.HighVolumeUserApiTest" name="shouldCreateUsersUnderConcurrentLoad" time="0.119"/>
  <testcase classname="com.example.framework.tests.HighVolumeUserApiTest" name="shouldCreateUsersUnderConcurrentLoad" time="0.041"/>
  <testcase classname="com.example.framework.tests.HighVolumeUserApiTest" name="shouldCreateUsersUnderConcurrentLoad" time="0.042"/>
  <testcase classname="com.example.framework.tests.HighVolumeUserApiTest" name="shouldCreateUsersUnderConcurrentLoad" time="0.031"/>
  <testcase classname="com.example.framework.tests.HighVolumeUserApiTest" name="shouldCreateUsersUnderConcurrentLoad" time="0.085"/>
  <testcase classname="com.example.framework.tests.HighVolumeUserApiTest" name="shouldCreateUsersUnderConcurrentLoad" time="0.068"/>
  <testcase classname="com.example.framework.tests.HighVolumeUserApiTest" name="shouldCreateUsersUnderConcurrentLoad" time="0.044"/>
  <testcase classname="com.example.framework.tests.HighVolumeUserApiTest" name="shouldCreateUsersUnderConcurrentLoad" time="0.064"/>
  <testcase classname="com.example.framework.tests.HighVolumeUserApiTest" name="shouldCreateUsersUnderConcurrentLoad" time="0.070"/>
  <testcase classname="com.example.framework.tests.HighVolumeUserApiTest" name="shouldCreateUsersUnderConcurrentLoad" time="0.133"/>
  <testcase classname="com.example.framework.tests.HighVolumeUserApiTest" name="shouldCreateUsersUnderConcurrentLoad" time="0.046"/>
  <testcase classname="com.example.framework.tests.HighVolumeUserApiTest" name="shouldCreateUsersUnderConcurrentLoad" time="0.020"/>
  <testcase classname="com.example.framework.tests.HighVolumeUserApiTest" name="shouldCreateUsersUnderConcurrentLoad" time="0.015"/>
  <testcase classname="com.example.framework.tests.HighVolumeUserApiTest" name="shouldCreateUsersUnderConcurrentLoad" time="0.045"/>
  <testcase classname="com.example.framework.tests.HighVolumeUserApiTest" name="shouldCreateUsersUnderConcurrentLoad" time="0.038"/>
  <testcase classname="com.example.framework.tests.HighVolumeUserApiTest" name="shouldCreateUsersUnderConcurrentLoad" time="0.048"/>
  <testcase classname="com.example.framework.tests.HighVolumeUserApiTest" name="shouldCreateUsersUnderConcurrentLoad" time="0.075"/>
  <testcase classname="com.example.framework.tests.HighVolumeUserApiTest" name="shouldCreateUsersUnderConcurrentLoad" time="0.053"/>
  <testcase classname="com.example.framework.tests.HighVolumeUserApiTest" name="shouldCreateUsersUnderConcurrentLoad" time="0.044"/>
  <testcase classname="com.example.framework.tests.HighVolumeUserApiTest" name="shouldCreateUsersUnderConcurrentLoad" time="0.032"/>
  <testcase classname="com.example.framework.tests.HighVolumeUserApiTest" name="shouldCreateUsersUnderConcurrentLoad" time="0.053"/>
  <testcase classname="com.example.framework.tests.HighVolumeUserApiTest" name="shouldCreateUsersUnderConcurrentLoad" time="0.020"/>
  <testcase classname="com.example.framework.tests.HighVolumeUserApiTest" name="shouldCreateUsersUnderConcurrentLoad" time="0.044"/>
  <testcase classname="com.example.framework.tests.HighVolumeUserApiTest" name="shouldCreateUsersUnderConcurrentLoad" time="2.685"/>
  <testcase classname="com.example.framework.tests.HighVolumeUserApiTest" name="shouldCreateUsersUnderConcurrentLoad" time="0.038"/>
  <testcase classname="com.example.framework.tests.HighVolumeUserApiTest" name="shouldCreateUsersUnderConcurrentLoad" time="0.033"/>
  <testcase classname="com.example.framework.tests.HighVolumeUserApiTest" name="shouldCreateUsersUnderConcurrentLoad" time="0.097"/>
  <testcase classname="com.example.framework.tests.HighVolumeUserApiTest" name="shouldCreateUsersUnderConcurrentLoad" time="0.063"/>
  <testcase classname="com.example.framework.tests.HighVolumeUserApiTest" name="shouldCreateUsersUnderConcurrentLoad" time="0.021"/>
  <testcase classname="com.example.framework.tests.HighVolumeUserApiTest" name="shouldCreateUsersUnderConcurrentLoad" time="0.043"/>
  <testcase classname="com.example.framework.tests.HighVolumeUserApiTest" name="shouldCreateUsersUnderConcurrentLoad" time="0.089"/>
  <testcase classname="com.example.framework.tests.HighVolumeUserApiTest" name="shouldCreateUsersUnderConcurrentLoad" time="0.032"/>
  <testcase classname="com.example.framework.tests.HighVolumeUserApiTest" name="shouldCreateUsersUnderConcurrentLoad" time="0.058"/>
  <testcase classname="com.example.framework.tests.HighVolumeUserApiTest" name="shouldCreateUsersUnderConcurrentLoad" time="0.087"/>
  <testcase classname="com.example.framework.tests.HighVolumeUserApiTest" name="shouldCreateUsersUnderConcurrentLoad" time="0.033"/>
  <testcase classname="com.example.framework.tests.HighVolumeUserApiTest" name="shouldCreateUsersUnderConcurrentLoad" time="0.074"/>
  <testcase classname="com.example.framework.tests.HighVolumeUserApiTest" name="shouldCreateUsersUnderConcurrentLoad" time="0.040"/>
  <testcase classname="com.example.framework.tests.HighVolumeUserApiTest" name="shouldCreateUsersUnderConcurrentLoad" time="0.021"/>
  <testcase classname="com.example.framework.tests.HighVolumeUserApiTest" name="shouldCreateUsersUnderConcurrentLoad" time="0.022"/>
  <testcase classname="com.example.framework.tests.HighVolumeUserApiTest" name="shouldCreateUsersUnderConcurrentLoad" time="0.085"/>
  <testcase classname="com.example.framework.tests.HighVolumeUserApiTest" name="shouldCreateUsersUnderConcurrentLoad" time="0.093"/>
  <testcase classname="com.example.framework.tests.HighVolumeUserApiTest" name="shouldCreateUsersUnderConcurrentLoad" time="0.062"/>
  <testcase classname="com.example.framework.tests.HighVolumeUserApiTest" name="shouldCreateUsersUnderConcurrentLoad" time="0.074"/>
  <testcase classname="com.example.framework.tests.HighVolumeUserApiTest" name="shouldCreateUsersUnderConcurrentLoad" time="0.023"/>
  <testcase classname="com.example.framework.tests.HighVolumeUserApiTest" name="shouldCreateUsersUnderConcurrentLoad" time="0.073"/>
  <testcase classname="com.example.framework.tests.HighVolumeUserApiTest" name="shouldCreateUsersUnderConcurrentLoad" time="0.026"/>
  <testcase classname="com.example.framework.tests.HighVolumeUserApiTest" name="shouldCreateUsersUnderConcurrentLoad" time="0.029"/>
  <testcase classname="com.example.framework.tests.HighVolumeUserApiTest" name="shouldCreateUsersUnderConcurrentLoad" time="0.074"/>
  <testcase classname="com.example.framework.tests.HighVolumeUserApiTest" name="shouldCreateUsersUnderConcurrentLoad" time="2.679"/>
  <testcase classname="com.example.framework.tests.HighVolumeUserApiTest" name="shouldCreateUsersUnderConcurrentLoad" time="0.118"/>
  <testcase classname="com.example.framework.tests.HighVolumeUserApiTest" name="shouldCreateUsersUnderConcurrentLoad" time="0.036"/>
[...]
  <testcase classname="com.example.framework.tests.HighVolumeUserApiTest" name="shouldCreateUsersUnderConcurrentLoad" time="0.033"/>
  <testcase classname="com.example.framework.tests.HighVolumeUserApiTest" name="shouldCreateUsersUnderConcurrentLoad" time="2.681"/>
  <testcase classname="com.example.framework.tests.HighVolumeUserApiTest" name="shouldCreateUsersUnderConcurrentLoad" time="0.088"/>
  <testcase classname="com.example.framework.tests.HighVolumeUserApiTest" name="shouldCreateUsersUnderConcurrentLoad" time="0.023"/>
  <testcase classname="com.example.framework.tests.HighVolumeUserApiTest" name="shouldCreateUsersUnderConcurrentLoad" time="0.029"/>
  <testcase classname="com.example.framework.tests.HighVolumeUserApiTest" name="shouldCreateUsersUnderConcurrentLoad" time="0.074"/>
  <testcase classname="com.example.framework.tests.HighVolumeUserApiTest" name="shouldCreateUsersUnderConcurrentLoad" time="0.025"/>
  <testcase classname="com.example.framework.tests.HighVolumeUserApiTest" name="shouldCreateUsersUnderConcurrentLoad" time="0.025"/>
  <testcase classname="com.example.framework.tests.HighVolumeUserApiTest" name="shouldCreateUsersUnderConcurrentLoad" time="0.045"/>
  <testcase classname="com.example.framework.tests.HighVolumeUserApiTest" name="shouldCreateUsersUnderConcurrentLoad" time="0.022"/>
  <testcase classname="com.example.framework.tests.HighVolumeUserApiTest" name="shouldCreateUsersUnderConcurrentLoad" time="0.070"/>
  <testcase classname="com.example.framework.tests.HighVolumeUserApiTest" name="shouldCreateUsersUnderConcurrentLoad" time="0.018"/>
  <testcase classname="com.example.framework.tests.HighVolumeUserApiTest" name="shouldCreateUsersUnderConcurrentLoad" time="0.116"/>
  <testcase classname="com.example.framework.tests.HighVolumeUserApiTest" name="shouldCreateUsersUnderConcurrentLoad" time="0.049"/>
  <testcase classname="com.example.framework.tests.HighVolumeUserApiTest" name="shouldCreateUsersUnderConcurrentLoad" time="0.035"/>
  <testcase classname="com.example.framework.tests.HighVolumeUserApiTest" name="shouldCreateUsersUnderConcurrentLoad" time="2.693"/>
  <testcase classname="com.example.framework.tests.HighVolumeUserApiTest" name="shouldCreateUsersUnderConcurrentLoad" time="0.051"/>
  <testcase classname="com.example.framework.tests.HighVolumeUserApiTest" name="shouldCreateUsersUnderConcurrentLoad" time="0.058"/>
  <testcase classname="com.example.framework.tests.HighVolumeUserApiTest" name="shouldCreateUsersUnderConcurrentLoad" time="0.059"/>
  <testcase classname="com.example.framework.tests.HighVolumeUserApiTest" name="shouldCreateUsersUnderConcurrentLoad" time="0.031"/>
  <testcase classname="com.example.framework.tests.HighVolumeUserApiTest" name="shouldCreateUsersUnderConcurrentLoad" time="0.022"/>
  <testcase classname="com.example.framework.tests.HighVolumeUserApiTest" name="shouldCreateUsersUnderConcurrentLoad" time="0.045"/>
  <testcase classname="com.example.framework.tests.HighVolumeUserApiTest" name="shouldCreateUsersUnderConcurrentLoad" time="0.035"/>
  <testcase classname="com.example.framework.tests.HighVolumeUserApiTest" name="shouldCreateUsersUnderConcurrentLoad" time="0.081"/>
  <testcase classname="com.example.framework.tests.HighVolumeUserApiTest" name="shouldCreateUsersUnderConcurrentLoad" time="0.093"/>
  <testcase classname="com.example.framework.tests.HighVolumeUserApiTest" name="shouldCreateUsersUnderConcurrentLoad" time="0.045"/>
  <testcase classname="com.example.framework.tests.HighVolumeUserApiTest" name="shouldCreateUsersUnderConcurrentLoad" time="0.041"/>
  <testcase classname="com.example.framework.tests.HighVolumeUserApiTest" name="shouldCreateUsersUnderConcurrentLoad" time="0.015"/>
  <testcase classname="com.example.framework.tests.HighVolumeUserApiTest" name="shouldCreateUsersUnderConcurrentLoad" time="0.076"/>
  <testcase classname="com.example.framework.tests.HighVolumeUserApiTest" name="shouldCreateUsersUnderConcurrentLoad" time="0.076"/>
  <testcase classname="com.example.framework.tests.HighVolumeUserApiTest" name="shouldCreateUsersUnderConcurrentLoad" time="0.072"/>
  <testcase classname="com.example.framework.tests.HighVolumeUserApiTest" name="shouldCreateUsersUnderConcurrentLoad" time="0.018"/>
  <testcase classname="com.example.framework.tests.HighVolumeUserApiTest" name="shouldCreateUsersUnderConcurrentLoad" time="0.099"/>
  <testcase classname="com.example.framework.tests.HighVolumeUserApiTest" name="shouldCreateUsersUnderConcurrentLoad" time="0.022"/>
  <testcase classname="com.example.framework.tests.HighVolumeUserApiTest" name="shouldCreateUsersUnderConcurrentLoad" time="0.138"/>
  <testcase classname="com.example.framework.tests.HighVolumeUserApiTest" name="shouldCreateUsersUnderConcurrentLoad" time="0.025"/>
  <testcase classname="com.example.framework.tests.HighVolumeUserApiTest" name="shouldCreateUsersUnderConcurrentLoad" time="0.046"/>
  <testcase classname="com.example.framework.tests.HighVolumeUserApiTest" name="shouldCreateUsersUnderConcurrentLoad" time="0.047"/>
  <testcase classname="com.example.framework.tests.HighVolumeUserApiTest" name="shouldCreateUsersUnderConcurrentLoad" time="2.682"/>
  <testcase classname="com.example.framework.tests.HighVolumeUserApiTest" name="shouldCreateUsersUnderConcurrentLoad" time="0.029"/>
  <testcase classname="com.example.framework.tests.HighVolumeUserApiTest" name="shouldCreateUsersUnderConcurrentLoad" time="0.077"/>
  <testcase classname="com.example.framework.tests.HighVolumeUserApiTest" name="shouldCreateUsersUnderConcurrentLoad" time="0.073"/>
  <testcase classname="com.example.framework.tests.HighVolumeUserApiTest" name="shouldCreateUsersUnderConcurrentLoad" time="0.153"/>
  <testcase classname="com.example.framework.tests.HighVolumeUserApiTest" name="shouldCreateUsersUnderConcurrentLoad" time="0.046"/>
  <testcase classname="com.example.framework.tests.HighVolumeUserApiTest" name="shouldCreateUsersUnderConcurrentLoad" time="0.054"/>
  <testcase classname="com.example.framework.tests.HighVolumeUserApiTest" name="shouldCreateUsersUnderConcurrentLoad" time="0.025"/>
  <testcase classname="com.example.framework.tests.HighVolumeUserApiTest" name="shouldCreateUsersUnderConcurrentLoad" time="0.023"/>
  <testcase classname="com.example.framework.tests.HighVolumeUserApiTest" name="shouldCreateUsersUnderConcurrentLoad" time="0.028"/>
  <testcase classname="com.example.framework.tests.HighVolumeUserApiTest" name="shouldCreateUsersUnderConcurrentLoad" time="0.054"/>
  <testcase classname="com.example.framework.tests.HighVolumeUserApiTest" name="shouldCreateUsersUnderConcurrentLoad" time="0.062"/>
  <testcase classname="com.example.framework.tests.HighVolumeUserApiTest" name="shouldCreateUsersUnderConcurrentLoad" time="0.101"/>
  <testcase classname="com.example.framework.tests.HighVolumeUserApiTest" name="shouldCreateUsersUnderConcurrentLoad" time="0.035"/>
  <testcase classname="com.example.framework.tests.HighVolumeUserApiTest" name="shouldCreateUsersUnderConcurrentLoad" time="0.063"/>
  <testcase classname="com.example.framework.tests.HighVolumeUserApiTest" name="shouldCreateUsersUnderConcurrentLoad" time="2.692"/>
  <testcase classname="com.example.framework.tests.HighVolumeUserApiTest" name="shouldCreateUsersUnderConcurrentLoad" time="0.038"/>
  <testcase classname="com.example.framework.tests.HighVolumeUserApiTest" name="shouldCreateUsersUnderConcurrentLoad" time="0.031"/>
  <testcase classname="com.example.framework.tests.HighVolumeUserApiTest" name="shouldCreateUsersUnderConcurrentLoad" time="0.060"/>
  <testcase classname="com.example.framework.tests.HighVolumeUserApiTest" name="shouldCreateUsersUnderConcurrentLoad" time="0.040"/>
  <testcase classname="com.example.framework.tests.HighVolumeUserApiTest" name="shouldCreateUsersUnderConcurrentLoad" time="0.034"/>
  <testcase classname="com.example.framework.tests.HighVolumeUserApiTest" name="shouldCreateUsersUnderConcurrentLoad" time="0.052"/>
  <testcase classname="com.example.framework.tests.HighVolumeUserApiTest" name="shouldCreateUsersUnderConcurrentLoad" time="2.684"/>
  <testcase classname="com.example.framework.tests.HighVolumeUserApiTest" name="shouldCreateUsersUnderConcurrentLoad" time="0.078"/>
  <testcase classname="com.example.framework.tests.HighVolumeUserApiTest" name="shouldCreateUsersUnderConcurrentLoad" time="0.069"/>
  <testcase classname="com.example.framework.tests.HighVolumeUserApiTest" name="shouldCreateUsersUnderConcurrentLoad" time="0.021"/>
  <testcase classname="com.example.framework.tests.HighVolumeUserApiTest" name="shouldCreateUsersUnderConcurrentLoad" time="0.030"/>
  <testcase classname="com.example.framework.tests.HighVolumeUserApiTest" name="shouldCreateUsersUnderConcurrentLoad" time="0.117"/>
  <testcase classname="com.example.framework.tests.HighVolumeUserApiTest" name="shouldCreateUsersUnderConcurrentLoad" time="0.022"/>
  <testcase classname="com.example.framework.tests.HighVolumeUserApiTest" name="shouldCreateUsersUnderConcurrentLoad" time="0.028"/>
  <testcase classname="com.example.framework.tests.HighVolumeUserApiTest" name="shouldCreateUsersUnderConcurrentLoad" time="0.027"/>
  <testcase classname="com.example.framework.tests.HighVolumeUserApiTest" name="shouldCreateUsersUnderConcurrentLoad" time="0.049"/>
  <testcase classname="com.example.framework.tests.HighVolumeUserApiTest" name="shouldCreateUsersUnderConcurrentLoad" time="0.029"/>
  <testcase classname="com.example.framework.tests.HighVolumeUserApiTest" name="shouldCreateUsersUnderConcurrentLoad" time="0.038"/>
  <testcase classname="com.example.framework.tests.HighVolumeUserApiTest" name="shouldCreateUsersUnderConcurrentLoad" time="0.045"/>
  <testcase classname="com.example.framework.tests.HighVolumeUserApiTest" name="shouldCreateUsersUnderConcurrentLoad" time="0.061"/>
  <testcase classname="com.example.framework.tests.HighVolumeUserApiTest" name="shouldCreateUsersUnderConcurrentLoad" time="0.028"/>
  <testcase classname="com.example.framework.tests.HighVolumeUserApiTest" name="shouldCreateUsersUnderConcurrentLoad" time="0.043"/>
  <testcase classname="com.example.framework.tests.HighVolumeUserApiTest" name="shouldCreateUsersUnderConcurrentLoad" time="0.016"/>
  <testcase classname="com.example.framework.tests.HighVolumeUserApiTest" name="shouldCreateUsersUnderConcurrentLoad" time="0.030"/>
  <testcase classname="com.example.framework.tests.HighVolumeUserApiTest" name="shouldCreateUsersUnderConcurrentLoad" time="0.056"/>
  <testcase classname="com.example.framework.tests.HighVolumeUserApiTest" name="shouldCreateUsersUnderConcurrentLoad" time="0.131"/>
  <testcase classname="com.example.framework.tests.HighVolumeUserApiTest" name="shouldCreateUsersUnderConcurrentLoad" time="0.074"/>
  <testcase classname="com.example.framework.tests.HighVolumeUserApiTest" name="shouldCreateUsersUnderConcurrentLoad" time="0.046"/>
  <testcase classname="com.example.framework.tests.HighVolumeUserApiTest" name="shouldCreateUsersUnderConcurrentLoad" time="0.040"/>
  <testcase classname="com.example.framework.tests.HighVolumeUserApiTest" name="shouldCreateUsersUnderConcurrentLoad" time="0.025"/>
  <testcase classname="com.example.framework.tests.HighVolumeUserApiTest" name="shouldCreateUsersUnderConcurrentLoad" time="0.133"/>
  <testcase classname="com.example.framework.tests.HighVolumeUserApiTest" name="shouldCreateUsersUnderConcurrentLoad" time="0.048"/>
  <testcase classname="com.example.framework.tests.HighVolumeUserApiTest" name="shouldCreateUsersUnderConcurrentLoad" time="0.075"/>
  <testcase classname="com.example.framework.tests.HighVolumeUserApiTest" name="shouldCreateUsersUnderConcurrentLoad" time="0.029"/>
  <testcase classname="com.example.framework.tests.HighVolumeUserApiTest" name="shouldCreateUsersUnderConcurrentLoad" time="0.033"/>
  <testcase classname="com.example.framework.tests.HighVolumeUserApiTest" name="shouldCreateUsersUnderConcurrentLoad" time="0.076"/>
  <testcase classname="com.example.framework.tests.HighVolumeUserApiTest" name="shouldCreateUsersUnderConcurrentLoad" time="0.061"/>
  <testcase classname="com.example.framework.tests.HighVolumeUserApiTest" name="shouldCreateUsersUnderConcurrentLoad" time="0.079"/>
  <testcase classname="com.example.framework.tests.HighVolumeUserApiTest" name="shouldCreateUsersUnderConcurrentLoad" time="0.036"/>
  <testcase classname="com.example.framework.tests.HighVolumeUserApiTest" name="shouldCreateUsersUnderConcurrentLoad" time="0.069"/>
  <testcase classname="com.example.framework.tests.HighVolumeUserApiTest" name="shouldCreateUsersUnderConcurrentLoad" time="0.062"/>
  <testcase classname="com.example.framework.tests.HighVolumeUserApiTest" name="shouldCreateUsersUnderConcurrentLoad" time="0.020"/>
  <testcase classname="com.example.framework.tests.HighVolumeUserApiTest" name="shouldCreateUsersUnderConcurrentLoad" time="0.059"/>
  <testcase classname="com.example.framework.tests.HighVolumeUserApiTest" name="shouldCreateUsersUnderConcurrentLoad" time="0.045"/>
  <testcase classname="com.example.framework.tests.HighVolumeUserApiTest" name="shouldCreateUsersUnderConcurrentLoad" time="0.031"/>
  <testcase classname="com.example.framework.tests.HighVolumeUserApiTest" name="shouldCreateUsersUnderConcurrentLoad" time="0.045"/>
  <testcase classname="com.example.framework.tests.HighVolumeUserApiTest" name="shouldCreateUsersUnderConcurrentLoad" time="0.056"/>
  <testcase classname="com.example.framework.tests.HighVolumeUserApiTest" name="shouldCreateUsersUnderConcurrentLoad" time="0.057"/>
  <testcase classname="com.example.framework.tests.HighVolumeUserApiTest" name="shouldCreateUsersUnderConcurrentLoad" time="0.027"/>
  <testcase classname="com.example.framework.tests.HighVolumeUserApiTest" name="shouldCreateUsersUnderConcurrentLoad" time="0.030"/>
  <testcase classname="com.example.framework.tests.HighVolumeUserApiTest" name="shouldCreateUsersUnderConcurrentLoad" time="0.023"/>
  <testcase classname="com.example.framework.tests.HighVolumeUserApiTest" name="shouldCreateUsersUnderConcurrentLoad" time="0.043"/>
  <testcase classname="com.example.framework.tests.HighVolumeUserApiTest" name="shouldCreateUsersUnderConcurrentLoad" time="0.034"/>
  <testcase classname="com.example.framework.tests.HighVolumeUserApiTest" name="shouldCreateUsersUnderConcurrentLoad" time="0.045"/>
  <testcase classname="com.example.framework.tests.HighVolumeUserApiTest" name="shouldCreateUsersUnderConcurrentLoad" time="0.091"/>
  <testcase classname="com.example.framework.tests.HighVolumeUserApiTest" name="shouldCreateUsersUnderConcurrentLoad" time="2.693"/>
  <testcase classname="com.example.framework.tests.HighVolumeUserApiTest" name="shouldCreateUsersUnderConcurrentLoad" time="0.064"/>
  <testcase classname="com.example.framework.tests.HighVolumeUserApiTest" name="shouldCreateUsersUnderConcurrentLoad" time="0.022"/>
  <testcase classname="com.example.framework.tests.HighVolumeUserApiTest" name="shouldCreateUsersUnderConcurrentLoad" time="0.060"/>
  <testcase classname="com.example.framework.tests.HighVolumeUserApiTest" name="shouldCreateUsersUnderConcurrentLoad" time="0.027"/>
  <testcase classname="com.example.framework.tests.HighVolumeUserApiTest" name="shouldCreateUsersUnderConcurrentLoad" time="0.058"/>
  <testcase classname="com.example.framework.tests.HighVolumeUserApiTest" name="shouldCreateUsersUnderConcurrentLoad" time="0.026"/>
  <testcase classname="com.example.framework.tests.HighVolumeUserApiTest" name="shouldCreateUsersUnderConcurrentLoad" time="0.050"/>
  <testcase classname="com.example.framework.tests.HighVolumeUserApiTest" name="shouldCreateUsersUnderConcurrentLoad" time="0.058"/>
  <testcase classname="com.example.framework.tests.HighVolumeUserApiTest" name="shouldCreateUsersUnderConcurrentLoad" time="0.083"/>
  <testcase classname="com.example.framework.tests.HighVolumeUserApiTest" name="shouldCreateUsersUnderConcurrentLoad" time="0.057"/>
  <testcase classname="com.example.framework.tests.HighVolumeUserApiTest" name="shouldCreateUsersUnderConcurrentLoad" time="0.049"/>
  <testcase classname="com.example.framework.tests.HighVolumeUserApiTest" name="shouldCreateUsersUnderConcurrentLoad" time="0.019"/>
  <testcase classname="com.example.framework.tests.HighVolumeUserApiTest" name="shouldCreateUsersUnderConcurrentLoad" time="0.046"/>
  <testcase classname="com.example.framework.tests.HighVolumeUserApiTest" name="shouldCreateUsersUnderConcurrentLoad" time="0.027"/>
  <testcase classname="com.example.framework.tests.HighVolumeUserApiTest" name="shouldCreateUsersUnderConcurrentLoad" time="0.150"/>
  <testcase classname="com.example.framework.tests.HighVolumeUserApiTest" name="shouldCreateUsersUnderConcurrentLoad" time="0.106"/>
  <testcase classname="com.example.framework.tests.HighVolumeUserApiTest" name="shouldCreateUsersUnderConcurrentLoad" time="0.035"/>
  <testcase classname="com.example.framework.tests.HighVolumeUserApiTest" name="shouldCreateUsersUnderConcurrentLoad" time="0.035"/>
  <testcase classname="com.example.framework.tests.HighVolumeUserApiTest" name="shouldCreateUsersUnderConcurrentLoad" time="0.024"/>
  <testcase classname="com.example.framework.tests.HighVolumeUserApiTest" name="shouldCreateUsersUnderConcurrentLoad" time="0.075"/>
  <testcase classname="com.example.framework.tests.HighVolumeUserApiTest" name="shouldCreateUsersUnderConcurrentLoad" time="0.039"/>
  <testcase classname="com.example.framework.tests.HighVolumeUserApiTest" name="shouldCreateUsersUnderConcurrentLoad" time="0.082"/>
  <testcase classname="com.example.framework.tests.HighVolumeUserApiTest" name="shouldCreateUsersUnderConcurrentLoad" time="0.064"/>
  <testcase classname="com.example.framework.tests.HighVolumeUserApiTest" name="shouldCreateUsersUnderConcurrentLoad" time="0.025"/>
  <testcase classname="com.example.framework.tests.HighVolumeUserApiTest" name="shouldCreateUsersUnderConcurrentLoad" time="0.031"/>
  <testcase classname="com.example.framework.tests.HighVolumeUserApiTest" name="shouldCreateUsersUnderConcurrentLoad" time="0.061"/>
  <testcase classname="com.example.framework.tests.HighVolumeUserApiTest" name="shouldCreateUsersUnderConcurrentLoad" time="0.023"/>
  <testcase classname="com.example.framework.tests.HighVolumeUserApiTest" name="shouldCreateUsersUnderConcurrentLoad" time="2.677"/>
  <testcase classname="com.example.framework.tests.HighVolumeUserApiTest" name="shouldCreateUsersUnderConcurrentLoad" time="0.091"/>
  <testcase classname="com.example.framework.tests.HighVolumeUserApiTest" name="shouldCreateUsersUnderConcurrentLoad" time="0.030"/>
  <testcase classname="com.example.framework.tests.HighVolumeUserApiTest" name="shouldCreateUsersUnderConcurrentLoad" time="0.040"/>
  <testcase classname="com.example.framework.tests.HighVolumeUserApiTest" name="shouldCreateUsersUnderConcurrentLoad" time="0.076"/>
  <testcase classname="com.example.framework.tests.HighVolumeUserApiTest" name="shouldCreateUsersUnderConcurrentLoad" time="2.680"/>
  <testcase classname="com.example.framework.tests.HighVolumeUserApiTest" name="shouldCreateUsersUnderConcurrentLoad" time="0.127"/>
  <testcase classname="com.example.framework.tests.HighVolumeUserApiTest" name="shouldCreateUsersUnderConcurrentLoad" time="0.062"/>
  <testcase classname="com.example.framework.tests.HighVolumeUserApiTest" name="shouldCreateUsersUnderConcurrentLoad" time="0.099"/>
  <testcase classname="com.example.framework.tests.HighVolumeUserApiTest" name="shouldCreateUsersUnderConcurrentLoad" time="0.033"/>
  <testcase classname="com.example.framework.tests.HighVolumeUserApiTest" name="shouldCreateUsersUnderConcurrentLoad" time="0.034"/>
  <testcase classname="com.example.framework.tests.HighVolumeUserApiTest" name="shouldCreateUsersUnderConcurrentLoad" time="0.065"/>
</testsuite> <!-- com.example.framework.tests.HighVolumeUserApiTest -->
