<?xml version="1.0" encoding="UTF-8"?>
<testsuite xmlns:xsi="http://www.w3.org/2001/XMLSchema-instance" xsi:noNamespaceSchemaLocation="https://maven.apache.org/surefire/maven-surefire-plugin/xsd/surefire-test-report-3.0.xsd" version="3.0" name="TestSuite" time="7.698" tests="1003" errors="0" skipped="0" failures="0">
  <properties>
[...]
</properties>
  <testcase name="shouldCreateUsersUnderConcurrentLoad[com.example.framework.model.CreateUserRequest@351a9b62](8)" classname="com.example.framework.tests.HighVolumeUserApiTest" time="2.692"/>
  <testcase name="shouldCreateUsersUnderConcurrentLoad[com.example.framework.model.CreateUserRequest@22023231](8)" classname="com.example.framework.tests.HighVolumeUserApiTest" time="2.696"/>
  <testcase name="shouldCreateUsersUnderConcurrentLoad[com.example.framework.model.CreateUserRequest@2176efb1](8)" classname="com.example.framework.tests.HighVolumeUserApiTest" time="2.696"/>
  <testcase name="shouldCreateUsersUnderConcurrentLoad[com.example.framework.model.CreateUserRequest@5178bc19](8)" classname="com.example.framework.tests.HighVolumeUserApiTest" time="2.696"/>
  <testcase name="shouldCreateUsersUnderConcurrentLoad[com.example.framework.model.CreateUserRequest@2b4900d1](9)" classname="com.example.framework.tests.HighVolumeUserApiTest" time="2.696"/>
  <testcase name="shouldCreateUsersUnderConcurrentLoad[com.example.framework.model.CreateUserRequest@50ca231](9)" classname="com.example.framework.tests.HighVolumeUserApiTest" time="2.696"/>
  <testcase name="shouldCreateUsersUnderConcurrentLoad[com.example.framework.model.CreateUserRequest@439cd76a](9)" classname="com.example.framework.tests.HighVolumeUserApiTest" time="2.696"/>
  <testcase name="shouldCreateUsersUnderConcurrentLoad[com.example.framework.model.CreateUserRequest@3d0ba609](11)" classname="com.example.framework.tests.HighVolumeUserApiTest" time="2.697"/>
  <testcase name="shouldCreateUsersUnderConcurrentLoad[com.example.framework.model.CreateUserRequest@2c2f940a](9)" classname="com.example.framework.tests.HighVolumeUserApiTest" time="2.697"/>
  <testcase name="shouldCreateUsersUnderConcurrentLoad[com.example.framework.model.CreateUserRequest@652296f2](11)" classname="com.example.framework.tests.HighVolumeUserApiTest" time="2.697"/>
  <testcase name="shouldCreateUsersUnderConcurrentLoad[com.example.framework.model.CreateUserRequest@680e2d4a](13)" classname="com.example.framework.tests.HighVolumeUserApiTest" time="2.697"/>
  <testcase name="shouldCreateUsersUnderConcurrentLoad[com.example.framework.model.CreateUserRequest@3a095bf4](9)" classname="com.example.framework.tests.HighVolumeUserApiTest" time="2.697"/>
  <testcase name="shouldCreateUsersUnderConcurrentLoad[com.example.framework.model.CreateUserRequest@370ade04](15)" classname="com.example.framework.tests.HighVolumeUserApiTest" time="2.697"/>
  <testcase name="shouldCreateUsersUnderConcurrentLoad[com.example.framework.model.CreateUserRequest@2f0aa297](15)" classname="com.example.framework.tests.HighVolumeUserApiTest" time="2.698"/>
  <testcase name="shouldCreateUsersUnderConcurrentLoad[com.example.framework.model.CreateUserRequest@284b0c69](17)" classname="com.example.framework.tests.HighVolumeUserApiTest" time="2.698"/>
  <testcase name="shouldCreateUsersUnderConcurrentLoad[com.example.framework.model.CreateUserRequest@1783c6cb](17)" classname="com.example.framework.tests.HighVolumeUserApiTest" time="2.698"/>
  <testcase name="shouldCreateUsersUnderConcurrentLoad[com.example.framework.model.CreateUserRequest@7c3b0149](17)" classname="com.example.framework.tests.HighVolumeUserApiTest" time="2.699"/>
  <testcase name="shouldCreateUsersUnderConcurrentLoad[com.example.framework.model.CreateUserRequest@40ecad58](18)" classname="com.example.framework.tests.HighVolumeUserApiTest" time="2.699"/>
  <testcase name="shouldCreateUsersUnderConcurrentLoad[com.example.framework.model.CreateUserRequest@158b5a5a](20)" classname="com.example.framework.tests.HighVolumeUserApiTest" time="2.699"/>
  <testcase name="shouldCreateUsersUnderConcurrentLoad[com.example.framework.model.CreateUserRequest@2bad9b86](20)" classname="com.example.framework.tests.HighVolumeUserApiTest" time="2.699"/>
  <testcase name="shouldCreateUsersUnderConcurrentLoad[com.example.framework.model.CreateUserRequest@351b77a5](23)" classname="com.example.framework.tests.HighVolumeUserApiTest" time="2.701"/>
  <testcase name="shouldCreateUsersUnderConcurrentLoad[com.example.framework.model.CreateUserRequest@60ea6b0a](22)" classname="com.example.framework.tests.HighVolumeUserApiTest" time="2.701"/>
  <testcase name="shouldCreateUsersUnderConcurrentLoad[com.example.framework.model.CreateUserRequest@11b5ac7f](25)" classname="com.example.framework.tests.HighVolumeUserApiTest" time="2.701"/>
  <testcase name="shouldCreateUsersUnderConcurrentLoad[com.example.framework.model.CreateUserRequest@6fe53d4a](22)" classname="com.example.framework.tests.HighVolumeUserApiTest" time="2.701"/>
  <testcase name="shouldCreateUsersUnderConcurrentLoad[com.example.framework.model.CreateUserRequest@25b54463](25)" classname="com.example.framework.tests.HighVolumeUserApiTest" time="2.701"/>
  <testcase name="shouldCreateUsersUnderConcurrentLoad[com.example.framework.model.CreateUserRequest@36a4d6af](26)" classname="com.example.framework.tests.HighVolumeUserApiTest" time="0.014"/>
  <testcase name="shouldCreateUsersUnderConcurrentLoad[com.example.framework.model.CreateUserRequest@64d1658e](27)" classname="com.example.framework.tests.HighVolumeUserApiTest" time="0.002"/>
  <testcase name="shouldCreateUsersUnderConcurrentLoad[com.example.framework.model.CreateUserRequest@7adcf13f](29)" classname="com.example.framework.tests.HighVolumeUserApiTest" time="0.001"/>
  <testcase name="shouldCreateUsersUnderConcurrentLoad[com.example.framework.model.CreateUserRequest@604277e9](29)" classname="com.example.framework.tests.HighVolumeUserApiTest" time="0.002"/>
  <testcase name="shouldCreateUsersUnderConcurrentLoad[com.example.framework.model.CreateUserRequest@36bf7d43](30)" classname="com.example.framework.tests.HighVolumeUserApiTest" time="0.0"/>
  <testcase name="shouldCreateUsersUnderConcurrentLoad[com.example.framework.model.CreateUserRequest@77ec6239](31)" classname="com.example.framework.tests.HighVolumeUserApiTest" time="0.016"/>
  <testcase name="shouldCreateUsersUnderConcurrentLoad[com.example.framework.model.CreateUserRequest@5f1d09d8](33)" classname="com.example.framework.tests.HighVolumeUserApiTest" time="0.001"/>
  <testcase name="shouldCreateUsersUnderConcurrentLoad[com.example.framework.model.CreateUserRequest@21ab8f1b](35)" classname="com.example.framework.tests.HighVolumeUserApiTest" time="0.001"/>
  <testcase name="shouldCreateUsersUnderConcurrentLoad[com.example.framework.model.CreateUserRequest@43a0e99d](35)" classname="com.example.framework.tests.HighVolumeUserApiTest" time="0.0"/>
  <testcase name="shouldCreateUsersUnderConcurrentLoad[com.example.framework.model.CreateUserRequest@4da9bf9](32)" classname="com.example.framework.tests.HighVolumeUserApiTest" time="0.0"/>
  <testcase name="shouldCreateUsersUnderConcurrentLoad[com.example.framework.model.CreateUserRequest@5972ad8a](36)" classname="com.example.framework.tests.HighVolumeUserApiTest" time="0.0"/>
  <testcase name="shouldCreateUsersUnderConcurrentLoad[com.example.framework.model.CreateUserRequest@512f871c](37)" classname="com.example.framework.tests.HighVolumeUserApiTest" time="0.015"/>
  <testcase name="shouldCreateUsersUnderConcurrentLoad[com.example.framework.model.CreateUserRequest@60990b64](39)" classname="com.example.framework.tests.HighVolumeUserApiTest" time="0.0"/>
  <testcase name="shouldCreateUsersUnderConcurrentLoad[com.example.framework.model.CreateUserRequest@7cbd37f0](40)" classname="com.example.framework.tests.HighVolumeUserApiTest" time="0.001"/>
  <testcase name="shouldCreateUsersUnderConcurrentLoad[com.example.framework.model.CreateUserRequest@ee9fc9b](41)" classname="com.example.framework.tests.HighVolumeUserApiTest" time="0.0"/>
  <testcase name="shouldCreateUsersUnderConcurrentLoad[com.example.framework.model.CreateUserRequest@5b159a87](38)" classname="com.example.framework.tests.HighVolumeUserApiTest" time="0.001"/>
  <testcase name="shouldCreateUsersUnderConcurrentLoad[com.example.framework.model.CreateUserRequest@7ab6a1aa](42)" classname="com.example.framework.tests.HighVolumeUserApiTest" time="0.0"/>
  <testcase name="shouldCreateUsersUnderConcurrentLoad[com.example.framework.model.CreateUserRequest@455cd5a7](44)" classname="com.example.framework.tests.HighVolumeUserApiTest" time="0.0"/>
  <testcase name="shouldCreateUsersUnderConcurrentLoad[com.example.framework.model.CreateUserRequest@56d69ec0](45)" classname="com.example.framework.tests.HighVolumeUserApiTest" time="0.0"/>
  <testcase name="shouldCreateUsersUnderConcurrentLoad[com.example.framework.model.CreateUserRequest@6692f0c5](46)" classname="com.example.framework.tests.HighVolumeUserApiTest" time="0.001"/>
  <testcase name="shouldCreateUsersUnderConcurrentLoad[com.example.framework.model.CreateUserRequest@6b2d680f](47)" classname="com.example.framework.tests.HighVolumeUserApiTest" time="0.001"/>
  <testcase name="shouldCreateUsersUnderConcurrentLoad[com.example.framework.model.CreateUserRequest@473a4ba6](48)" classname="com.example.framework.tests.HighVolumeUserApiTest" time="0.0"/>
  <testcase name="shouldCreateUsersUnderConcurrentLoad[com.example.framework.model.CreateUserRequest@5b1af935](49)" classname="com.example.framework.tests.HighVolumeUserApiTest" time="0.001"/>
  <testcase name="shouldCreateUsersUnderConcurrentLoad[com.example.framework.model.CreateUserRequest@2e22afd1](49)" classname="com.example.framework.tests.HighVolumeUserApiTest" time="0.017"/>
  <testcase name="shouldCreateUsersUnderConcurrentLoad[com.example.framework.model.CreateUserRequest@c820066](50)" classname="com.example.framework.tests.HighVolumeUserApiTest" time="0.0"/>
  <testcase name="shouldCreateUsersUnderConcurrentLoad[com.example.framework.model.CreateUserRequest@7990c187](51)" classname="com.example.framework.tests.HighVolumeUserApiTest" time="0.024"/>
  <testcase name="shouldCreateUsersUnderConcurrentLoad[com.example.framework.model.CreateUserRequest@4acb97da](54)" classname="com.example.framework.tests.HighVolumeUserApiTest" time="0.005"/>
  <testcase name="shouldCreateUsersUnderConcurrentLoad[com.example.framework.model.CreateUserRequest@31b4afee](53)" classname="com.example.framework.tests.HighVolumeUserApiTest" time="0.005"/>
  <testcase name="shouldCreateUsersUnderConcurrentLoad[com.example.framework.model.CreateUserRequest@26247736](52)" classname="com.example.framework.tests.HighVolumeUserApiTest" time="0.005"/>
  <testcase name="shouldCreateUsersUnderConcurrentLoad[com.example.framework.model.CreateUserRequest@3a4ed623](55)" classname="com.example.framework.tests.HighVolumeUserApiTest" time="0.002"/>
  <testcase name="shouldCreateUsersUnderConcurrentLoad[com.example.framework.model.CreateUserRequest@3732450e](57)" classname="com.example.framework.tests.HighVolumeUserApiTest" time="0.011"/>
  <testcase name="shouldCreateUsersUnderConcurrentLoad[com.example.framework.model.CreateUserRequest@3f68ea11](57)" classname="com.example.framework.tests.HighVolumeUserApiTest" time="0.012"/>
  <testcase name="shouldCreateUsersUnderConcurrentLoad[com.example.framework.model.CreateUserRequest@3d5ecbb8](58)" classname="com.example.framework.tests.HighVolumeUserApiTest" time="0.0"/>
  <testcase name="shouldCreateUsersUnderConcurrentLoad[com.example.framework.model.CreateUserRequest@6930c456](59)" classname="com.example.framework.tests.HighVolumeUserApiTest" time="0.0"/>
  <testcase name="shouldCreateUsersUnderConcurrentLoad[com.example.framework.model.CreateUserRequest@770acb61](61)" classname="com.example.framework.tests.HighVolumeUserApiTest" time="0.0"/>
  <testcase name="shouldCreateUsersUnderConcurrentLoad[com.example.framework.model.CreateUserRequest@2dba8f02](67)" classname="com.example.framework.tests.HighVolumeUserApiTest" time="0.0"/>
  <testcase name="shouldCreateUsersUnderConcurrentLoad[com.example.framework.model.CreateUserRequest@376a7bf0](67)" classname="com.example.framework.tests.HighVolumeUserApiTest" time="0.0"/>
  <testcase name="shouldCreateUsersUnderConcurrentLoad[com.example.framework.model.CreateUserRequest@698ca059](68)" classname="com.example.framework.tests.HighVolumeUserApiTest" time="0.0"/>
  <testcase name="shouldCreateUsersUnderConcurrentLoad[com.example.framework.model.CreateUserRequest@781a9ed8](67)" classname="com.example.framework.tests.HighVolumeUserApiTest" time="0.012"/>
  <testcase name="shouldCreateUsersUnderConcurrentLoad[com.example.framework.model.CreateUserRequest@1aec3dcb](69)" classname="com.example.framework.tests.HighVolumeUserApiTest" time="0.0"/>
  <testcase name="shouldCreateUsersUnderConcurrentLoad[com.example.framework.model.CreateUserRequest@1cdedf3f](70)" classname="com.example.framework.tests.HighVolumeUserApiTest" time="0.0"/>
  <testcase name="shouldCreateUsersUnderConcurrentLoad[com.example.framework.model.CreateUserRequest@3a4dcc6](61)" classname="com.example.framework.tests.HighVolumeUserApiTest" time="0.001"/>
  <testcase name="shouldCreateUsersUnderConcurrentLoad[com.example.framework.model.CreateUserRequest@771ab8d1](71)" classname="com.example.framework.tests.HighVolumeUserApiTest" time="0.0"/>
  <testcase name="shouldCreateUsersUnderConcurrentLoad[com.example.framework.model.CreateUserRequest@19307977](72)" classname="com.example.framework.tests.HighVolumeUserApiTest" time="0.0"/>
  <testcase name="shouldCreateUsersUnderConcurrentLoad[com.example.framework.model.CreateUserRequest@3408b1e0](62)" classname="com.example.framework.tests.HighVolumeUserApiTest" time="0.0"/>
  <testcase name="shouldCreateUsersUnderConcurrentLoad[com.example.framework.model.CreateUserRequest@1abae472](64)" classname="com.example.framework.tests.HighVolumeUserApiTest" time="0.0"/>
  <testcase name="shouldCreateUsersUnderConcurrentLoad[com.example.framework.model.CreateUserRequest@275dda1](73)" classname="com.example.framework.tests.HighVolumeUserApiTest" time="0.003"/>
  <testcase name="shouldCreateUsersUnderConcurrentLoad[com.example.framework.model.CreateUserRequest@db9d014](63)" classname="com.example.framework.tests.HighVolumeUserApiTest" time="0.006"/>
  <testcase name="shouldCreateUsersUnderConcurrentLoad[com.example.framework.model.CreateUserRequest@557d774b](74)" classname="com.example.framework.tests.HighVolumeUserApiTest" time="0.001"/>
  <testcase name="shouldCreateUsersUnderConcurrentLoad[com.example.framework.model.CreateUserRequest@29460e0c](75)" classname="com.example.framework.tests.HighVolumeUserApiTest" time="0.004"/>
  <testcase name="shouldCreateUsersUnderConcurrentLoad[com.example.framework.model.CreateUserRequest@54cab418](76)" classname="com.example.framework.tests.HighVolumeUserApiTest" time="0.003"/>
  <testcase name="shouldCreateUsersUnderConcurrentLoad[com.example.framework.model.CreateUserRequest@49e08917](77)" classname="com.example.framework.tests.HighVolumeUserApiTest" time="0.001"/>
  <testcase name="shouldCreateUsersUnderConcurrentLoad[com.example.framework.model.CreateUserRequest@79667172](78)" classname="com.example.framework.tests.HighVolumeUserApiTest" time="0.005"/>
  <testcase name="shouldCreateUsersUnderConcurrentLoad[com.example.framework.model.CreateUserRequest@638b61ed](79)" classname="com.example.framework.tests.HighVolumeUserApiTest" time="0.0"/>
  <testcase name="shouldCreateUsersUnderConcurrentLoad[com.example.framework.model.CreateUserRequest@75a7b684](80)" classname="com.example.framework.tests.HighVolumeUserApiTest" time="0.04"/>
  <testcase name="shouldCreateUsersUnderConcurrentLoad[com.example.framework.model.CreateUserRequest@49f6e6aa](81)" classname="com.example.framework.tests.HighVolumeUserApiTest" time="0.041"/>
  <testcase name="shouldCreateUsersUnderConcurrentLoad[com.example.framework.model.CreateUserRequest@68f48e27](82)" classname="com.example.framework.tests.HighVolumeUserApiTest" time="0.004"/>
  <testcase name="shouldCreateUsersUnderConcurrentLoad[com.example.framework.model.CreateUserRequest@19b45a5c](83)" classname="com.example.framework.tests.HighVolumeUserApiTest" time="0.007"/>
  <testcase name="shouldCreateUsersUnderConcurrentLoad[com.example.framework.model.CreateUserRequest@211a6356](84)" classname="com.example.framework.tests.HighVolumeUserApiTest" time="0.005"/>
  <testcase name="shouldCreateUsersUnderConcurrentLoad[com.example.framework.model.CreateUserRequest@5171d26e](85)" classname="com.example.framework.tests.HighVolumeUserApiTest" time="0.0"/>
  <testcase name="shouldCreateUsersUnderConcurrentLoad[com.example.framework.model.CreateUserRequest@6baa7c7](86)" classname="com.example.framework.tests.HighVolumeUserApiTest" time="0.0"/>
  <testcase name="shouldCreateUsersUnderConcurrentLoad[com.example.framework.model.CreateUserRequest@60a5bed9](87)" classname="com.example.framework.tests.HighVolumeUserApiTest" time="0.001"/>
  <testcase name="shouldCreateUsersUnderConcurrentLoad[com.example.framework.model.CreateUserRequest@24f106a7](88)" classname="com.example.framework.tests.HighVolumeUserApiTest" time="0.002"/>
  <testcase name="shouldCreateUsersUnderConcurrentLoad[com.example.framework.model.CreateUserRequest@1062b893](89)" classname="com.example.framework.tests.HighVolumeUserApiTest" time="0.006"/>
  <testcase name="shouldCreateUsersUnderConcurrentLoad[com.example.framework.model.CreateUserRequest@24fecea7](90)" classname="com.example.framework.tests.HighVolumeUserApiTest" time="0.006"/>
  <testcase name="shouldCreateUsersUnderConcurrentLoad[com.example.framework.model.CreateUserRequest@476aec14](91)" classname="com.example.framework.tests.HighVolumeUserApiTest" time="0.0"/>
  <testcase name="shouldCreateUsersUnderConcurrentLoad[com.example.framework.model.CreateUserRequest@e62f35c](92)" classname="com.example.framework.tests.HighVolumeUserApiTest" time="0.01"/>
  <testcase name="shouldCreateUsersUnderConcurrentLoad[com.example.framework.model.CreateUserRequest@2d7b80d7](93)" classname="com.example.framework.tests.HighVolumeUserApiTest" time="0.01"/>
  <testcase name="shouldCreateUsersUnderConcurrentLoad[com.example.framework.model.CreateUserRequest@314abc0f](94)" classname="com.example.framework.tests.HighVolumeUserApiTest" time="0.001"/>
  <testcase name="shouldCreateUsersUnderConcurrentLoad[com.example.framework.model.CreateUserRequest@5c45f936](96)" classname="com.example.framework.tests.HighVolumeUserApiTest" time="0.001"/>
  <testcase name="shouldCreateUsersUnderConcurrentLoad[com.example.framework.model.CreateUserRequest@131b6c02](96)" classname="com.example.framework.tests.HighVolumeUserApiTest" time="0.0"/>
  <testcase name="shouldCreateUsersUnderConcurrentLoad[com.example.framework.model.CreateUserRequest@64b4e87c](97)" classname="com.example.framework.tests.HighVolumeUserApiTest" time="0.0"/>
  <testcase name="shouldCreateUsersUnderConcurrentLoad[com.example.framework.model.CreateUserRequest@bbd13ea](98)" classname="com.example.framework.tests.HighVolumeUserApiTest" time="0.006"/>
  <testcase name="shouldCreateUsersUnderConcurrentLoad[com.example.framework.model.CreateUserRequest@3c6b6c54](99)" classname="com.example.framework.tests.HighVolumeUserApiTest" time="0.0"/>
  <testcase name="shouldCreateUsersUnderConcurrentLoad[com.example.framework.model.CreateUserRequest@579c8a3d](100)" classname="com.example.framework.tests.HighVolumeUserApiTest" time="0.0"/>
  <testcase name="shouldCreateUsersUnderConcurrentLoad[com.example.framework.model.CreateUserRequest@174c18b5](101)" classname="com.example.framework.tests.HighVolumeUserApiTest" time="0.004"/>
  <testcase name="shouldCreateUsersUnderConcurrentLoad[com.example.framework.model.CreateUserRequest@71ff30e3](104)" classname="com.example.framework.tests.HighVolumeUserApiTest" time="0.009"/>
  <testcase name="shouldCreateUsersUnderConcurrentLoad[com.example.framework.model.CreateUserRequest@21b73ec6](106)" classname="com.example.framework.tests.HighVolumeUserApiTest" time="0.01"/>
  <testcase name="shouldCreateUsersUnderConcurrentLoad[com.example.framework.model.CreateUserRequest@581ee0d2](106)" classname="com.example.framework.tests.HighVolumeUserApiTest" time="0.01"/>
  <testcase name="shouldCreateUsersUnderConcurrentLoad[com.example.framework.model.CreateUserRequest@269fd51f](102)" classname="com.example.framework.tests.HighVolumeUserApiTest" time="0.0"/>
  <testcase name="shouldCreateUsersUnderConcurrentLoad[com.example.framework.model.CreateUserRequest@54a428d](103)" classname="com.example.framework.tests.HighVolumeUserApiTest" time="0.0"/>
  <testcase name="shouldCreateUsersUnderConcurrentLoad[com.example.framework.model.CreateUserRequest@4c21f38e](110)" classname="com.example.framework.tests.HighVolumeUserApiTest" time="0.0"/>
  <testcase name="shouldCreateUsersUnderConcurrentLoad[com.example.framework.model.CreateUserRequest@3b4fd676](112)" classname="com.example.framework.tests.HighVolumeUserApiTest" time="0.0"/>
  <testcase name="shouldCreateUsersUnderConcurrentLoad[com.example.framework.model.CreateUserRequest@f42394d](113)" classname="com.example.framework.tests.HighVolumeUserApiTest" time="0.021"/>
  <testcase name="shouldCreateUsersUnderConcurrentLoad[com.example.framework.model.CreateUserRequest@290568ac](110)" classname="com.example.framework.tests.HighVolumeUserApiTest" time="0.0"/>
  <testcase name="shouldCreateUsersUnderConcurrentLoad[com.example.framework.model.CreateUserRequest@3dedb3b8](108)" classname="com.example.framework.tests.HighVolumeUserApiTest" time="0.0"/>
  <testcase name="shouldCreateUsersUnderConcurrentLoad[com.example.framework.model.CreateUserRequest@1fb0a740](107)" classname="com.example.framework.tests.HighVolumeUserApiTest" time="0.0"/>
  <testcase name="shouldCreateUsersUnderConcurrentLoad[com.example.framework.model.CreateUserRequest@452511df](112)" classname="com.example.framework.tests.HighVolumeUserApiTest" time="0.0"/>
  <testcase name="shouldCreateUsersUnderConcurrentLoad[com.example.framework.model.CreateUserRequest@d86b606](114)" classname="com.example.framework.tests.HighVolumeUserApiTest" time="0.029"/>
  <testcase name="shouldCreateUsersUnderConcurrentLoad[com.example.framework.model.CreateUserRequest@567d2aad](115)" classname="com.example.framework.tests.HighVolumeUserApiTest" time="0.036"/>
  <testcase name="shouldCreateUsersUnderConcurrentLoad[com.example.framework.model.CreateUserRequest@2b6c6dc4](117)" classname="com.example.framework.tests.HighVolumeUserApiTest" time="0.0"/>
  <testcase name="shouldCreateUsersUnderConcurrentLoad[com.example.framework.model.CreateUserRequest@2186e910](117)" classname="com.example.framework.tests.HighVolumeUserApiTest" time="0.0"/>
  <testcase name="shouldCreateUsersUnderConcurrentLoad[com.example.framework.model.CreateUserRequest@46d2533d](119)" classname="com.example.framework.tests.HighVolumeUserApiTest" time="0.0"/>
  <testcase name="shouldCreateUsersUnderConcurrentLoad[com.example.framework.model.CreateUserRequest@7f866eb2](118)" classname="com.example.framework.tests.HighVolumeUserApiTest" time="0.001"/>
  <testcase name="shouldCreateUsersUnderConcurrentLoad[com.example.framework.model.CreateUserRequest@35a23aaf](120)" classname="com.example.framework.tests.HighVolumeUserApiTest" time="0.001"/>
  <testcase name="shouldCreateUsersUnderConcurrentLoad[com.example.framework.model.CreateUserRequest@2aba7871](121)" classname="com.example.framework.tests.HighVolumeUserApiTest" time="0.0"/>
  <testcase name="shouldCreateUsersUnderConcurrentLoad[com.example.framework.model.CreateUserRequest@4dd14947](122)" classname="com.example.framework.tests.HighVolumeUserApiTest" time="0.0"/>
  <testcase name="shouldCreateUsersUnderConcurrentLoad[com.example.framework.model.CreateUserRequest@3a6c58f9](123)" classname="com.example.framework.tests.HighVolumeUserApiTest" time="0.001"/>
  <testcase name="shouldCreateUsersUnderConcurrentLoad[com.example.framework.model.CreateUserRequest@398ec663](125)" classname="com.example.framework.tests.HighVolumeUserApiTest" time="0.0"/>
  <testcase name="shouldCreateUsersUnderConcurrentLoad[com.example.framework.model.CreateUserRequest@39eb0d9c](125)" classname="com.example.framework.tests.HighVolumeUserApiTest" time="0.001"/>
  <testcase name="shouldCreateUsersUnderConcurrentLoad[com.example.framework.model.CreateUserRequest@74c81e38](126)" classname="com.example.framework.tests.HighVolumeUserApiTest" time="0.0"/>
  <testcase name="shouldCreateUsersUnderConcurrentLoad[com.example.framework.model.CreateUserRequest@6b69fee6](127)" classname="com.example.framework.tests.HighVolumeUserApiTest" time="0.004"/>
  <testcase name="shouldCreateUsersUnderConcurrentLoad[com.example.framework.model.CreateUserRequest@61905b71](128)" classname="com.example.framework.tests.HighVolumeUserApiTest" time="0.0"/>
  <testcase name="shouldCreateUsersUnderConcurrentLoad[com.example.framework.model.CreateUserRequest@69d92c52](129)" classname="com.example.framework.tests.HighVolumeUserApiTest" time="0.0"/>
  <testcase name="shouldCreateUsersUnderConcurrentLoad[com.example.framework.model.CreateUserRequest@521878fe](130)" classname="com.example.framework.tests.HighVolumeUserApiTest" time="0.0"/>
  <testcase name="shouldCreateUsersUnderConcurrentLoad[com.example.framework.model.CreateUserRequest@564795aa](131)" classname="com.example.framework.tests.HighVolumeUserApiTest" time="0.01"/>
  <testcase name="shouldCreateUsersUnderConcurrentLoad[com.example.framework.model.CreateUserRequest@45a61ce1](132)" classname="com.example.framework.tests.HighVolumeUserApiTest" time="0.0"/>
  <testcase name="shouldCreateUsersUnderConcurrentLoad[com.example.framework.model.CreateUserRequest@5d397656](133)" classname="com.example.framework.tests.HighVolumeUserApiTest" time="0.0"/>
  <testcase name="shouldCreateUsersUnderConcurrentLoad[com.example.framework.model.CreateUserRequest@1afb9501](134)" classname="com.example.framework.tests.HighVolumeUserApiTest" time="0.0"/>
  <testcase name="shouldCreateUsersUnderConcurrentLoad[com.example.framework.model.CreateUserRequest@347fc693](135)" classname="com.example.framework.tests.HighVolumeUserApiTest" time="0.0"/>
  <testcase name="shouldCreateUsersUnderConcurrentLoad[com.example.framework.model.CreateUserRequest@4a70859e](136)" classname="com.example.framework.tests.HighVolumeUserApiTest" time="0.0"/>
  <testcase name="shouldCreateUsersUnderConcurrentLoad[com.example.framework.model.CreateUserRequest@5907767b](137)" classname="com.example.framework.tests.HighVolumeUserApiTest" time="0.0"/>
  <testcase name="shouldCreateUsersUnderConcurrentLoad[com.example.framework.model.CreateUserRequest@3c071663](139)" classname="com.example.framework.tests.HighVolumeUserApiTest" time="0.0"/>
  <testcase name="shouldCreateUsersUnderConcurrentLoad[com.example.framework.model.CreateUserRequest@27cb5618](140)" classname="com.example.framework.tests.HighVolumeUserApiTest" time="0.004"/>
  <testcase name="shouldCreateUsersUnderConcurrentLoad[com.example.framework.model.CreateUserRequest@3c3ab748](138)" classname="com.example.framework.tests.HighVolumeUserApiTest" time="0.0"/>
  <testcase name="shouldCreateUsersUnderConcurrentLoad[com.example.framework.model.CreateUserRequest@7fbfcd41](141)" classname="com.example.framework.tests.HighVolumeUserApiTest" time="0.0"/>
  <testcase name="shouldCreateUsersUnderConcurrentLoad[com.example.framework.model.CreateUserRequest@f0516b9](142)" classname="com.example.framework.tests.HighVolumeUserApiTest" time="0.0"/>
  <testcase name="shouldCreateUsersUnderConcurrentLoad[com.example.framework.model.CreateUserRequest@3f8eec03](143)" classname="com.example.framework.tests.HighVolumeUserApiTest" time="0.007"/>
  <testcase name="shouldCreateUsersUnderConcurrentLoad[com.example.framework.model.CreateUserRequest@18b32a55](144)" classname="com.example.framework.tests.HighVolumeUserApiTest" time="0.007"/>
  <testcase name="shouldCreateUsersUnderConcurrentLoad[com.example.framework.model.CreateUserRequest@6375d438](145)" classname="com.example.framework.tests.HighVolumeUserApiTest" time="0.0"/>
  <testcase name="shouldCreateUsersUnderConcurrentLoad[com.example.framework.model.CreateUserRequest@eeae5e2](147)" classname="com.example.framework.tests.HighVolumeUserApiTest" time="0.012"/>
  <testcase name="shouldCreateUsersUnderConcurrentLoad[com.example.framework.model.CreateUserRequest@63f5d881](147)" classname="com.example.framework.tests.HighVolumeUserApiTest" time="0.012"/>
  <testcase name="shouldCreateUsersUnderConcurrentLoad[com.example.framework.model.CreateUserRequest@5a9342b9](148)" classname="com.example.framework.tests.HighVolumeUserApiTest" time="0.0"/>
  <testcase name="shouldCreateUsersUnderConcurrentLoad[com.example.framework.model.CreateUserRequest@70f21f15](149)" classname="com.example.framework.tests.HighVolumeUserApiTest" time="0.0"/>
  <testcase name="shouldCreateUsersUnderConcurrentLoad[com.example.framework.model.CreateUserRequest@53ee1c5a](150)" classname="com.example.framework.tests.HighVolumeUserApiTest" time="0.0"/>
  <testcase name="shouldCreateUsersUnderConcurrentLoad[com.example.framework.model.CreateUserRequest@36c13a93](151)" classname="com.example.framework.tests.HighVolumeUserApiTest" time="0.015"/>
  <testcase name="shouldCreateUsersUnderConcurrentLoad[com.example.framework.model.CreateUserRequest@4e11d12d](153)" classname="com.example.framework.tests.HighVolumeUserApiTest" time="0.0"/>
  <testcase name="shouldCreateUsersUnderConcurrentLoad[com.example.framework.model.CreateUserRequest@17f80e07](152)" classname="com.example.framework.tests.HighVolumeUserApiTest" time="0.0"/>
  <testcase name="shouldCreateUsersUnderConcurrentLoad[com.example.framework.model.CreateUserRequest@8bbb55e](154)" classname="com.example.framework.tests.HighVolumeUserApiTest" time="0.002"/>
  <testcase name="shouldCreateUsersUnderConcurrentLoad[com.example.framework.model.CreateUserRequest@67225570](156)" classname="com.example.framework.tests.HighVolumeUserApiTest" time="0.002"/>
  <testcase name="shouldCreateUsersUnderConcurrentLoad[com.example.framework.model.CreateUserRequest@148e1c03](155)" classname="com.example.framework.tests.HighVolumeUserApiTest" time="0.002"/>
  <testcase name="shouldCreateUsersUnderConcurrentLoad[com.example.framework.model.CreateUserRequest@7f0d0518](157)" classname="com.example.framework.tests.HighVolumeUserApiTest" time="0.001"/>
  <testcase name="shouldCreateUsersUnderConcurrentLoad[com.example.framework.model.CreateUserRequest@104a7ed8](158)" classname="com.example.framework.tests.HighVolumeUserApiTest" time="0.006"/>
  <testcase name="shouldCreateUsersUnderConcurrentLoad[com.example.framework.model.CreateUserRequest@40a3ad93](159)" classname="com.example.framework.tests.HighVolumeUserApiTest" time="0.0"/>
  <testcase name="shouldCreateUsersUnderConcurrentLoad[com.example.framework.model.CreateUserRequest@4bb150f3](160)" classname="com.example.framework.tests.HighVolumeUserApiTest" time="0.0"/>
  <testcase name="shouldCreateUsersUnderConcurrentLoad[com.example.framework.model.CreateUserRequest@57a8b93a](161)" classname="com.example.framework.tests.HighVolumeUserApiTest" time="0.005"/>
  <testcase name="shouldCreateUsersUnderConcurrentLoad[com.example.framework.model.CreateUserRequest@cc59bd2](165)" classname="com.example.framework.tests.HighVolumeUserApiTest" time="0.0"/>
  <testcase name="shouldCreateUsersUnderConcurrentLoad[com.example.framework.model.CreateUserRequest@55296842](166)" classname="com.example.framework.tests.HighVolumeUserApiTest" time="0.0"/>
  <testcase name="shouldCreateUsersUnderConcurrentLoad[com.example.framework.model.CreateUserRequest@7e12f774](163)" classname="com.example.framework.tests.HighVolumeUserApiTest" time="0.0"/>
  <testcase name="shouldCreateUsersUnderConcurrentLoad[com.example.framework.model.CreateUserRequest@13feaa92](163)" classname="com.example.framework.tests.HighVolumeUserApiTest" time="0.0"/>
  <testcase name="shouldCreateUsersUnderConcurrentLoad[com.example.framework.model.CreateUserRequest@cb2c3d5](167)" classname="com.example.framework.tests.HighVolumeUserApiTest" time="0.0"/>
  <testcase name="shouldCreateUsersUnderConcurrentLoad[com.example.framework.model.CreateUserRequest@5fff8e62](164)" classname="com.example.framework.tests.HighVolumeUserApiTest" time="0.0"/>
  <testcase name="shouldCreateUsersUnderConcurrentLoad[com.example.framework.model.CreateUserRequest@6fb84c54](168)" classname="com.example.framework.tests.HighVolumeUserApiTest" time="0.0"/>
  <testcase name="shouldCreateUsersUnderConcurrentLoad[com.example.framework.model.CreateUserRequest@440f924e](171)" classname="com.example.framework.tests.HighVolumeUserApiTest" time="0.008"/>
  <testcase name="shouldCreateUsersUnderConcurrentLoad[com.example.framework.model.CreateUserRequest@5a22289b](175)" classname="com.example.framework.tests.HighVolumeUserApiTest" time="0.0"/>
  <testcase name="shouldCreateUsersUnderConcurrentLoad[com.example.framework.model.CreateUserRequest@5f5a787c](174)" classname="com.example.framework.tests.HighVolumeUserApiTest" time="0.0"/>
  <testcase name="shouldCreateUsersUnderConcurrentLoad[com.example.framework.model.CreateUserRequest@51eeb389](178)" classname="com.example.framework.tests.HighVolumeUserApiTest" time="0.0"/>
  <testcase name="shouldCreateUsersUnderConcurrentLoad[com.example.framework.model.CreateUserRequest@2cd73788](178)" classname="com.example.framework.tests.HighVolumeUserApiTest" time="0.0"/>
  <testcase name="shouldCreateUsersUnderConcurrentLoad[com.example.framework.model.CreateUserRequest@726ab9a7](179)" classname="com.example.framework.tests.HighVolumeUserApiTest" time="0.003"/>
  <testcase name="shouldCreateUsersUnderConcurrentLoad[com.example.framework.model.CreateUserRequest@44bfb86](174)" classname="com.example.framework.tests.HighVolumeUserApiTest" time="0.0"/>
  <testcase name="shouldCreateUsersUnderConcurrentLoad[com.example.framework.model.CreateUserRequest@57be2d08](174)" classname="com.example.framework.tests.HighVolumeUserApiTest" time="0.0"/>
  <testcase name="shouldCreateUsersUnderConcurrentLoad[com.example.framework.model.CreateUserRequest@68d1ca6c](180)" classname="com.example.framework.tests.HighVolumeUserApiTest" time="0.0"/>
  <testcase name="shouldCreateUsersUnderConcurrentLoad[com.example.framework.model.CreateUserRequest@45fa191b](172)" classname="com.example.framework.tests.HighVolumeUserApiTest" time="0.001"/>
  <testcase name="shouldCreateUsersUnderConcurrentLoad[com.example.framework.model.CreateUserRequest@3bcdc786](171)" classname="com.example.framework.tests.HighVolumeUserApiTest" time="0.002"/>
  <testcase name="shouldCreateUsersUnderConcurrentLoad[com.example.framework.model.CreateUserRequest@177f7b74](181)" classname="com.example.framework.tests.HighVolumeUserApiTest" time="0.007"/>
  <testcase name="shouldCreateUsersUnderConcurrentLoad[com.example.framework.model.CreateUserRequest@208316c](182)" classname="com.example.framework.tests.HighVolumeUserApiTest" time="0.0"/>
  <testcase name="shouldCreateUsersUnderConcurrentLoad[com.example.framework.model.CreateUserRequest@53999978](183)" classname="com.example.framework.tests.HighVolumeUserApiTest" time="0.004"/>
  <testcase name="shouldCreateUsersUnderConcurrentLoad[com.example.framework.model.CreateUserRequest@46856cb9](184)" classname="com.example.framework.tests.HighVolumeUserApiTest" time="0.004"/>
  <testcase name="shouldCreateUsersUnderConcurrentLoad[com.example.framework.model.CreateUserRequest@c8d3a84](176)" classname="com.example.framework.tests.HighVolumeUserApiTest" time="0.004"/>
  <testcase name="shouldCreateUsersUnderConcurrentLoad[com.example.framework.model.CreateUserRequest@2575aafa](185)" classname="com.example.framework.tests.HighVolumeUserApiTest" time="0.001"/>
  <testcase name="shouldCreateUsersUnderConcurrentLoad[com.example.framework.model.CreateUserRequest@6d7d09b9](186)" classname="com.example.framework.tests.HighVolumeUserApiTest" time="0.004"/>
  <testcase name="shouldCreateUsersUnderConcurrentLoad[com.example.framework.model.CreateUserRequest@2e749b93](188)" classname="com.example.framework.tests.HighVolumeUserApiTest" time="0.0"/>
  <testcase name="shouldCreateUsersUnderConcurrentLoad[com.example.framework.model.CreateUserRequest@433c1821](188)" classname="com.example.framework.tests.HighVolumeUserApiTest" time="0.0"/>
  <testcase name="shouldCreateUsersUnderConcurrentLoad[com.example.framework.model.CreateUserRequest@564ce5c2](190)" classname="com.example.framework.tests.HighVolumeUserApiTest" time="0.0"/>
  <testcase name="shouldCreateUsersUnderConcurrentLoad[com.example.framework.model.CreateUserRequest@48f20dbd](191)" classname="com.example.framework.tests.HighVolumeUserApiTest" time="0.001"/>
  <testcase name="shouldCreateUsersUnderConcurrentLoad[com.example.framework.model.CreateUserRequest@6a318a87](192)" classname="com.example.framework.tests.HighVolumeUserApiTest" time="0.003"/>
  <testcase name="shouldCreateUsersUnderConcurrentLoad[com.example.framework.model.CreateUserRequest@43b456a5](189)" classname="com.example.framework.tests.HighVolumeUserApiTest" time="0.002"/>
  <testcase name="shouldCreateUsersUnderConcurrentLoad[com.example.framework.model.CreateUserRequest@15c1f8a3](194)" classname="com.example.framework.tests.HighVolumeUserApiTest" time="0.007"/>
  <testcase name="shouldCreateUsersUnderConcurrentLoad[com.example.framework.model.CreateUserRequest@32d8b44d](194)" classname="com.example.framework.tests.HighVolumeUserApiTest" time="0.007"/>
  <testcase name="shouldCreateUsersUnderConcurrentLoad[com.example.framework.model.CreateUserRequest@6c3323ed](195)" classname="com.example.framework.tests.HighVolumeUserApiTest" time="0.001"/>
  <testcase name="shouldCreateUsersUnderConcurrentLoad[com.example.framework.model.CreateUserRequest@7611408d](196)" classname="com.example.framework.tests.HighVolumeUserApiTest" time="0.003"/>
  <testcase name="shouldCreateUsersUnderConcurrentLoad[com.example.framework.model.CreateUserRequest@59bb4b1f](197)" classname="com.example.framework.tests.HighVolumeUserApiTest" time="0.004"/>
  <testcase name="shouldCreateUsersUnderConcurrentLoad[com.example.framework.model.CreateUserRequest@73f5a471](199)" classname="com.example.framework.tests.HighVolumeUserApiTest" time="0.004"/>
  <testcase name="shouldCreateUsersUnderConcurrentLoad[com.example.framework.model.CreateUserRequest@4f81ee28](199)" classname="com.example.framework.tests.HighVolumeUserApiTest" time="0.004"/>
  <testcase name="shouldCreateUsersUnderConcurrentLoad[com.example.framework.model.CreateUserRequest@328a72ad](200)" classname="com.example.framework.tests.HighVolumeUserApiTest" time="0.005"/>
  <testcase name="shouldCreateUsersUnderConcurrentLoad[com.example.framework.model.CreateUserRequest@10c23fe1](201)" classname="com.example.framework.tests.HighVolumeUserApiTest" time="0.011"/>
  <testcase name="shouldCreateUsersUnderConcurrentLoad[com.example.framework.model.CreateUserRequest@50cb7d88](202)" classname="com.example.framework.tests.HighVolumeUserApiTest" time="0.0"/>
  <testcase name="shouldCreateUsersUnderConcurrentLoad[com.example.framework.model.CreateUserRequest@47ebd060](204)" classname="com.example.framework.tests.HighVolumeUserApiTest" time="0.0"/>
  <testcase name="shouldCreateUsersUnderConcurrentLoad[com.example.framework.model.CreateUserRequest@5f0df21a](205)" classname="com.example.framework.tests.HighVolumeUserApiTest" time="0.0"/>
  <testcase name="shouldCreateUsersUnderConcurrentLoad[com.example.framework.model.CreateUserRequest@45af89ab](206)" classname="com.example.framework.tests.HighVolumeUserApiTest" time="0.002"/>
  <testcase name="shouldCreateUsersUnderConcurrentLoad[com.example.framework.model.CreateUserRequest@2f85da11](204)" classname="com.example.framework.tests.HighVolumeUserApiTest" time="0.002"/>
  <testcase name="shouldCreateUsersUnderConcurrentLoad[com.example.framework.model.CreateUserRequest@14748b65](207)" classname="com.example.framework.tests.HighVolumeUserApiTest" time="0.002"/>
  <testcase name="shouldCreateUsersUnderConcurrentLoad[com.example.framework.model.CreateUserRequest@131a8876](208)" classname="com.example.framework.tests.HighVolumeUserApiTest" time="0.006"/>
  <testcase name="shouldCreateUsersUnderConcurrentLoad[com.example.framework.model.CreateUserRequest@43733796](209)" classname="com.example.framework.tests.HighVolumeUserApiTest" time="0.019"/>
  <testcase name="shouldCreateUsersUnderConcurrentLoad[com.example.framework.model.CreateUserRequest@261f768b](210)" classname="com.example.framework.tests.HighVolumeUserApiTest" time="0.0"/>
  <testcase name="shouldCreateUsersUnderConcurrentLoad[com.example.framework.model.CreateUserRequest@5857fbd2](211)" classname="com.example.framework.tests.HighVolumeUserApiTest" time="0.003"/>
  <testcase name="shouldCreateUsersUnderConcurrentLoad[com.example.framework.model.CreateUserRequest@774773bf](212)" classname="com.example.framework.tests.HighVolumeUserApiTest" time="0.004"/>
  <testcase name="shouldCreateUsersUnderConcurrentLoad[com.example.framework.model.CreateUserRequest@16b51006](213)" classname="com.example.framework.tests.HighVolumeUserApiTest" time="0.006"/>
  <testcase name="shouldCreateUsersUnderConcurrentLoad[com.example.framework.model.CreateUserRequest@97e729f](218)" classname="com.example.framework.tests.HighVolumeUserApiTest" time="0.0"/>
  <testcase name="shouldCreateUsersUnderConcurrentLoad[com.example.framework.model.CreateUserRequest@1db10877](219)" classname="com.example.framework.tests.HighVolumeUserApiTest" time="0.001"/>
  <testcase name="shouldCreateUsersUnderConcurrentLoad[com.example.framework.model.CreateUserRequest@18d925d8](220)" classname="com.example.framework.tests.HighVolumeUserApiTest" time="0.003"/>
  <testcase name="shouldCreateUsersUnderConcurrentLoad[com.example.framework.model.CreateUserRequest@6ebff3e2](217)" classname="com.example.framework.tests.HighVolumeUserApiTest" time="0.003"/>
  <testcase name="shouldCreateUsersUnderConcurrentLoad[com.example.framework.model.CreateUserRequest@20908cb6](223)" classname="com.example.framework.tests.HighVolumeUserApiTest" time="0.0"/>
  <testcase name="shouldCreateUsersUnderConcurrentLoad[com.example.framework.model.CreateUserRequest@6e1bb393](217)" classname="com.example.framework.tests.HighVolumeUserApiTest" time="0.0"/>
  <testcase name="shouldCreateUsersUnderConcurrentLoad[com.example.framework.model.CreateUserRequest@194549d4](222)" classname="com.example.framework.tests.HighVolumeUserApiTest" time="0.001"/>
  <testcase name="shouldCreateUsersUnderConcurrentLoad[com.example.framework.model.CreateUserRequest@2ece6211](224)" classname="com.example.framework.tests.HighVolumeUserApiTest" time="0.0"/>
  <testcase name="shouldCreateUsersUnderConcurrentLoad[com.example.framework.model.CreateUserRequest@71f522](225)" classname="com.example.framework.tests.HighVolumeUserApiTest" time="0.001"/>
  <testcase name="shouldCreateUsersUnderConcurrentLoad[com.example.framework.model.CreateUserRequest@3bf6324d](217)" classname="com.example.framework.tests.HighVolumeUserApiTest" time="0.006"/>
  <testcase name="shouldCreateUsersUnderConcurrentLoad[com.example.framework.model.CreateUserRequest@5140101f](214)" classname="com.example.framework.tests.HighVolumeUserApiTest" time="0.0"/>
  <testcase name="shouldCreateUsersUnderConcurrentLoad[com.example.framework.model.CreateUserRequest@778b0b1e](227)" classname="com.example.framework.tests.HighVolumeUserApiTest" time="0.0"/>
  <testcase name="shouldCreateUsersUnderConcurrentLoad[com.example.framework.model.CreateUserRequest@152e4394](228)" classname="com.example.framework.tests.HighVolumeUserApiTest" time="0.001"/>
  <testcase name="shouldCreateUsersUnderConcurrentLoad[com.example.framework.model.CreateUserRequest@2ccfff87](226)" classname="com.example.framework.tests.HighVolumeUserApiTest" time="0.001"/>
  <testcase name="shouldCreateUsersUnderConcurrentLoad[com.example.framework.model.CreateUserRequest@eae0b73](223)" classname="com.example.framework.tests.HighVolumeUserApiTest" time="0.015"/>
  <testcase name="shouldCreateUsersUnderConcurrentLoad[com.example.framework.model.CreateUserRequest@10d68de7](231)" classname="com.example.framework.tests.HighVolumeUserApiTest" time="0.0"/>
  <testcase name="shouldCreateUsersUnderConcurrentLoad[com.example.framework.model.CreateUserRequest@4f9f08c7](230)" classname="com.example.framework.tests.HighVolumeUserApiTest" time="0.0"/>
  <testcase name="shouldCreateUsersUnderConcurrentLoad[com.example.framework.model.CreateUserRequest@4714ad5f](231)" classname="com.example.framework.tests.HighVolumeUserApiTest" time="0.0"/>
  <testcase name="shouldCreateUsersUnderConcurrentLoad[com.example.framework.model.CreateUserRequest@1ba606aa](232)" classname="com.example.framework.tests.HighVolumeUserApiTest" time="0.0"/>
  <testcase name="shouldCreateUsersUnderConcurrentLoad[com.example.framework.model.CreateUserRequest@3ae50ebe](234)" classname="com.example.framework.tests.HighVolumeUserApiTest" time="0.0"/>
  <testcase name="shouldCreateUsersUnderConcurrentLoad[com.example.framework.model.CreateUserRequest@3d4ea7bc](235)" classname="com.example.framework.tests.HighVolumeUserApiTest" time="0.0"/>
  <testcase name="shouldCreateUsersUnderConcurrentLoad[com.example.framework.model.CreateUserRequest@5d6ef99c](233)" classname="com.example.framework.tests.HighVolumeUserApiTest" time="0.0"/>
  <testcase name="shouldCreateUsersUnderConcurrentLoad[com.example.framework.model.CreateUserRequest@2445fc7b](236)" classname="com.example.framework.tests.HighVolumeUserApiTest" time="0.0"/>
  <testcase name="shouldCreateUsersUnderConcurrentLoad[com.example.framework.model.CreateUserRequest@2be6b5e9](237)" classname="com.example.framework.tests.HighVolumeUserApiTest" time="0.0"/>
  <testcase name="shouldCreateUsersUnderConcurrentLoad[com.example.framework.model.CreateUserRequest@75368c](238)" classname="com.example.framework.tests.HighVolumeUserApiTest" time="0.003"/>
  <testcase name="shouldCreateUsersUnderConcurrentLoad[com.example.framework.model.CreateUserRequest@7f046a78](240)" classname="com.example.framework.tests.HighVolumeUserApiTest" time="0.002"/>
  <testcase name="shouldCreateUsersUnderConcurrentLoad[com.example.framework.model.CreateUserRequest@36d6ad2a](242)" classname="com.example.framework.tests.HighVolumeUserApiTest" time="0.006"/>
  <testcase name="shouldCreateUsersUnderConcurrentLoad[com.example.framework.model.CreateUserRequest@269006d3](243)" classname="com.example.framework.tests.HighVolumeUserApiTest" time="0.006"/>
  <testcase name="shouldCreateUsersUnderConcurrentLoad[com.example.framework.model.CreateUserRequest@7f946464](244)" classname="com.example.framework.tests.HighVolumeUserApiTest" time="0.008"/>
  <testcase name="shouldCreateUsersUnderConcurrentLoad[com.example.framework.model.CreateUserRequest@5d1fdeb5](244)" classname="com.example.framework.tests.HighVolumeUserApiTest" time="0.01"/>
  <testcase name="shouldCreateUsersUnderConcurrentLoad[com.example.framework.model.CreateUserRequest@6ca20112](241)" classname="com.example.framework.tests.HighVolumeUserApiTest" time="0.011"/>
  <testcase name="shouldCreateUsersUnderConcurrentLoad[com.example.framework.model.CreateUserRequest@1088b8fa](247)" classname="com.example.framework.tests.HighVolumeUserApiTest" time="0.013"/>
  <testcase name="shouldCreateUsersUnderConcurrentLoad[com.example.framework.model.CreateUserRequest@16a324bb](245)" classname="com.example.framework.tests.HighVolumeUserApiTest" time="0.013"/>
  <testcase name="shouldCreateUsersUnderConcurrentLoad[com.example.framework.model.CreateUserRequest@7342a2a4](248)" classname="com.example.framework.tests.HighVolumeUserApiTest" time="0.006"/>
  <testcase name="shouldCreateUsersUnderConcurrentLoad[com.example.framework.model.CreateUserRequest@fb4b0df](249)" classname="com.example.framework.tests.HighVolumeUserApiTest" time="0.035"/>
  <testcase name="shouldCreateUsersUnderConcurrentLoad[com.example.framework.model.CreateUserRequest@65cd79ea](249)" classname="com.example.framework.tests.HighVolumeUserApiTest" time="0.036"/>
  <testcase name="shouldCreateUsersUnderConcurrentLoad[com.example.framework.model.CreateUserRequest@5ba354a4](250)" classname="com.example.framework.tests.HighVolumeUserApiTest" time="0.038"/>
  <testcase name="shouldCreateUsersUnderConcurrentLoad[com.example.framework.model.CreateUserRequest@67d3763b](252)" classname="com.example.framework.tests.HighVolumeUserApiTest" time="0.042"/>
  <testcase name="shouldCreateUsersUnderConcurrentLoad[com.example.framework.model.CreateUserRequest@10a2ae98](253)" classname="com.example.framework.tests.HighVolumeUserApiTest" time="0.002"/>
  <testcase name="shouldCreateUsersUnderConcurrentLoad[com.example.framework.model.CreateUserRequest@25e32227](254)" classname="com.example.framework.tests.HighVolumeUserApiTest" time="0.002"/>
  <testcase name="shouldCreateUsersUnderConcurrentLoad[com.example.framework.model.CreateUserRequest@3db72b03](257)" classname="com.example.framework.tests.HighVolumeUserApiTest" time="0.0"/>
  <testcase name="shouldCreateUsersUnderConcurrentLoad[com.example.framework.model.CreateUserRequest@393d55b9](258)" classname="com.example.framework.tests.HighVolumeUserApiTest" time="0.0"/>
  <testcase name="shouldCreateUsersUnderConcurrentLoad[com.example.framework.model.CreateUserRequest@1bfedbe9](257)" classname="com.example.framework.tests.HighVolumeUserApiTest" time="0.0"/>
  <testcase name="shouldCreateUsersUnderConcurrentLoad[com.example.framework.model.CreateUserRequest@72011dcf](255)" classname="com.example.framework.tests.HighVolumeUserApiTest" time="0.001"/>
  <testcase name="shouldCreateUsersUnderConcurrentLoad[com.example.framework.model.CreateUserRequest@1c359c51](259)" classname="com.example.framework.tests.HighVolumeUserApiTest" time="0.001"/>
  <testcase name="shouldCreateUsersUnderConcurrentLoad[com.example.framework.model.CreateUserRequest@3b87ac06](259)" classname="com.example.framework.tests.HighVolumeUserApiTest" time="0.003"/>
  <testcase name="shouldCreateUsersUnderConcurrentLoad[com.example.framework.model.CreateUserRequest@14482bb4](261)" classname="com.example.framework.tests.HighVolumeUserApiTest" time="0.003"/>
  <testcase name="shouldCreateUsersUnderConcurrentLoad[com.example.framework.model.CreateUserRequest@274024d2](262)" classname="com.example.framework.tests.HighVolumeUserApiTest" time="0.0"/>
  <testcase name="shouldCreateUsersUnderConcurrentLoad[com.example.framework.model.CreateUserRequest@a0d78d5](263)" classname="com.example.framework.tests.HighVolumeUserApiTest" time="0.0"/>
  <testcase name="shouldCreateUsersUnderConcurrentLoad[com.example.framework.model.CreateUserRequest@3666f39e](264)" classname="com.example.framework.tests.HighVolumeUserApiTest" time="0.0"/>
  <testcase name="shouldCreateUsersUnderConcurrentLoad[com.example.framework.model.CreateUserRequest@1b1a536b](266)" classname="com.example.framework.tests.HighVolumeUserApiTest" time="0.002"/>
  <testcase name="shouldCreateUsersUnderConcurrentLoad[com.example.framework.model.CreateUserRequest@7b382d01](266)" classname="com.example.framework.tests.HighVolumeUserApiTest" time="0.003"/>
  <testcase name="shouldCreateUsersUnderConcurrentLoad[com.example.framework.model.CreateUserRequest@3c18362a](272)" classname="com.example.framework.tests.HighVolumeUserApiTest" time="0.001"/>
  <testcase name="shouldCreateUsersUnderConcurrentLoad[com.example.framework.model.CreateUserRequest@6cb1d2fd](273)" classname="com.example.framework.tests.HighVolumeUserApiTest" time="0.001"/>
  <testcase name="shouldCreateUsersUnderConcurrentLoad[com.example.framework.model.CreateUserRequest@2a9d25f2](274)" classname="com.example.framework.tests.HighVolumeUserApiTest" time="0.0"/>
  <testcase name="shouldCreateUsersUnderConcurrentLoad[com.example.framework.model.CreateUserRequest@60075ea3](275)" classname="com.example.framework.tests.HighVolumeUserApiTest" time="0.0"/>
  <testcase name="shouldCreateUsersUnderConcurrentLoad[com.example.framework.model.CreateUserRequest@23bde6b3](260)" classname="com.example.framework.tests.HighVolumeUserApiTest" time="0.009"/>
  <testcase name="shouldCreateUsersUnderConcurrentLoad[com.example.framework.model.CreateUserRequest@4b84f59a](276)" classname="com.example.framework.tests.HighVolumeUserApiTest" time="0.0"/>
  <testcase name="shouldCreateUsersUnderConcurrentLoad[com.example.framework.model.CreateUserRequest@567feb6d](271)" classname="com.example.framework.tests.HighVolumeUserApiTest" time="0.0"/>
  <testcase name="shouldCreateUsersUnderConcurrentLoad[com.example.framework.model.CreateUserRequest@e516cdf](277)" classname="com.example.framework.tests.HighVolumeUserApiTest" time="0.0"/>
  <testcase name="shouldCreateUsersUnderConcurrentLoad[com.example.framework.model.CreateUserRequest@755a390e](278)" classname="com.example.framework.tests.HighVolumeUserApiTest" time="0.0"/>
  <testcase name="shouldCreateUsersUnderConcurrentLoad[com.example.framework.model.CreateUserRequest@527e55ce](279)" classname="com.example.framework.tests.HighVolumeUserApiTest" time="0.0"/>
  <testcase name="shouldCreateUsersUnderConcurrentLoad[com.example.framework.model.CreateUserRequest@e3cb4ee](280)" classname="com.example.framework.tests.HighVolumeUserApiTest" time="0.002"/>
  <testcase name="shouldCreateUsersUnderConcurrentLoad[com.example.framework.model.CreateUserRequest@45592600](282)" classname="com.example.framework.tests.HighVolumeUserApiTest" time="0.002"/>
  <testcase name="shouldCreateUsersUnderConcurrentLoad[com.example.framework.model.CreateUserRequest@4584e0a1](282)" classname="com.example.framework.tests.HighVolumeUserApiTest" time="0.002"/>
  <testcase name="shouldCreateUsersUnderConcurrentLoad[com.example.framework.model.CreateUserRequest@34be86d1](270)" classname="com.example.framework.tests.HighVolumeUserApiTest" time="0.0"/>
  <testcase name="shouldCreateUsersUnderConcurrentLoad[com.example.framework.model.CreateUserRequest@76c8d842](283)" classname="com.example.framework.tests.HighVolumeUserApiTest" time="0.001"/>
  <testcase name="shouldCreateUsersUnderConcurrentLoad[com.example.framework.model.CreateUserRequest@3ecb7ffd](269)" classname="com.example.framework.tests.HighVolumeUserApiTest" time="0.004"/>
  <testcase name="shouldCreateUsersUnderConcurrentLoad[com.example.framework.model.CreateUserRequest@2b3218d](268)" classname="com.example.framework.tests.HighVolumeUserApiTest" time="0.0"/>
  <testcase name="shouldCreateUsersUnderConcurrentLoad[com.example.framework.model.CreateUserRequest@4407a08a](267)" classname="com.example.framework.tests.HighVolumeUserApiTest" time="0.005"/>
  <testcase name="shouldCreateUsersUnderConcurrentLoad[com.example.framework.model.CreateUserRequest@3457ebe3](286)" classname="com.example.framework.tests.HighVolumeUserApiTest" time="0.0"/>
  <testcase name="shouldCreateUsersUnderConcurrentLoad[com.example.framework.model.CreateUserRequest@4f79f741](286)" classname="com.example.framework.tests.HighVolumeUserApiTest" time="0.0"/>
  <testcase name="shouldCreateUsersUnderConcurrentLoad[com.example.framework.model.CreateUserRequest@7a787d43](284)" classname="com.example.framework.tests.HighVolumeUserApiTest" time="0.0"/>
  <testcase name="shouldCreateUsersUnderConcurrentLoad[com.example.framework.model.CreateUserRequest@3c60fe7b](287)" classname="com.example.framework.tests.HighVolumeUserApiTest" time="0.003"/>
  <testcase name="shouldCreateUsersUnderConcurrentLoad[com.example.framework.model.CreateUserRequest@7dbe0db6](288)" classname="com.example.framework.tests.HighVolumeUserApiTest" time="0.0"/>
  <testcase name="shouldCreateUsersUnderConcurrentLoad[com.example.framework.model.CreateUserRequest@6934950c](289)" classname="com.example.framework.tests.HighVolumeUserApiTest" time="0.0"/>
  <testcase name="shouldCreateUsersUnderConcurrentLoad[com.example.framework.model.CreateUserRequest@34907d2c](290)" classname="com.example.framework.tests.HighVolumeUserApiTest" time="0.012"/>
  <testcase name="shouldCreateUsersUnderConcurrentLoad[com.example.framework.model.CreateUserRequest@6a9d7863](291)" classname="com.example.framework.tests.HighVolumeUserApiTest" time="0.012"/>
  <testcase name="shouldCreateUsersUnderConcurrentLoad[com.example.framework.model.CreateUserRequest@547cb429](292)" classname="com.example.framework.tests.HighVolumeUserApiTest" time="0.012"/>
  <testcase name="shouldCreateUsersUnderConcurrentLoad[com.example.framework.model.CreateUserRequest@72de80ad](293)" classname="com.example.framework.tests.HighVolumeUserApiTest" time="0.0"/>
  <testcase name="shouldCreateUsersUnderConcurrentLoad[com.example.framework.model.CreateUserRequest@2ca15da7](296)" classname="com.example.framework.tests.HighVolumeUserApiTest" time="0.0"/>
  <testcase name="shouldCreateUsersUnderConcurrentLoad[com.example.framework.model.CreateUserRequest@43c9e720](298)" classname="com.example.framework.tests.HighVolumeUserApiTest" time="0.0"/>
  <testcase name="shouldCreateUsersUnderConcurrentLoad[com.example.framework.model.CreateUserRequest@60fcf2b6](299)" classname="com.example.framework.tests.HighVolumeUserApiTest" time="0.0"/>
  <testcase name="shouldCreateUsersUnderConcurrentLoad[com.example.framework.model.CreateUserRequest@77d63e43](300)" classname="com.example.framework.tests.HighVolumeUserApiTest" time="0.0"/>
  <testcase name="shouldCreateUsersUnderConcurrentLoad[com.example.framework.model.CreateUserRequest@6ddc36c4](301)" classname="com.example.framework.tests.HighVolumeUserApiTest" time="0.0"/>
  <testcase name="shouldCreateUsersUnderConcurrentLoad[com.example.framework.model.CreateUserRequest@6db0bd8f](302)" classname="com.example.framework.tests.HighVolumeUserApiTest" time="0.001"/>
  <testcase name="shouldCreateUsersUnderConcurrentLoad[com.example.framework.model.CreateUserRequest@6c0b509d](302)" classname="com.example.framework.tests.HighVolumeUserApiTest" time="0.0"/>
  <testcase name="shouldCreateUsersUnderConcurrentLoad[com.example.framework.model.CreateUserRequest@aa27af4](295)" classname="com.example.framework.tests.HighVolumeUserApiTest" time="0.0"/>
  <testcase name="shouldCreateUsersUnderConcurrentLoad[com.example.framework.model.CreateUserRequest@2ad8c6e2](303)" classname="com.example.framework.tests.HighVolumeUserApiTest" time="0.001"/>
  <testcase name="shouldCreateUsersUnderConcurrentLoad[com.example.framework.model.CreateUserRequest@7f8cb849](305)" classname="com.example.framework.tests.HighVolumeUserApiTest" time="0.004"/>
  <testcase name="shouldCreateUsersUnderConcurrentLoad[com.example.framework.model.CreateUserRequest@5b2cde18](305)" classname="com.example.framework.tests.HighVolumeUserApiTest" time="0.004"/>
  <testcase name="shouldCreateUsersUnderConcurrentLoad[com.example.framework.model.CreateUserRequest@786c8da4](306)" classname="com.example.framework.tests.HighVolumeUserApiTest" time="0.0"/>
  <testcase name="shouldCreateUsersUnderConcurrentLoad[com.example.framework.model.CreateUserRequest@574aaf0](307)" classname="com.example.framework.tests.HighVolumeUserApiTest" time="0.0"/>
  <testcase name="shouldCreateUsersUnderConcurrentLoad[com.example.framework.model.CreateUserRequest@79179701](308)" classname="com.example.framework.tests.HighVolumeUserApiTest" time="0.0"/>
  <testcase name="shouldCreateUsersUnderConcurrentLoad[com.example.framework.model.CreateUserRequest@2a3ca452](294)" classname="com.example.framework.tests.HighVolumeUserApiTest" time="0.003"/>
  <testcase name="shouldCreateUsersUnderConcurrentLoad[com.example.framework.model.CreateUserRequest@25c24b68](309)" classname="com.example.framework.tests.HighVolumeUserApiTest" time="0.0"/>
  <testcase name="shouldCreateUsersUnderConcurrentLoad[com.example.framework.model.CreateUserRequest@42895178](310)" classname="com.example.framework.tests.HighVolumeUserApiTest" time="0.001"/>
  <testcase name="shouldCreateUsersUnderConcurrentLoad[com.example.framework.model.CreateUserRequest@37279288](311)" classname="com.example.framework.tests.HighVolumeUserApiTest" time="0.011"/>
  <testcase name="shouldCreateUsersUnderConcurrentLoad[com.example.framework.model.CreateUserRequest@20d7c8f5](314)" classname="com.example.framework.tests.HighVolumeUserApiTest" time="0.021"/>
  <testcase name="shouldCreateUsersUnderConcurrentLoad[com.example.framework.model.CreateUserRequest@199fb68](316)" classname="com.example.framework.tests.HighVolumeUserApiTest" time="0.021"/>
  <testcase name="shouldCreateUsersUnderConcurrentLoad[com.example.framework.model.CreateUserRequest@53c9df72](316)" classname="com.example.framework.tests.HighVolumeUserApiTest" time="0.021"/>
  <testcase name="shouldCreateUsersUnderConcurrentLoad[com.example.framework.model.CreateUserRequest@43e7d8d6](317)" classname="com.example.framework.tests.HighVolumeUserApiTest" time="0.0"/>
  <testcase name="shouldCreateUsersUnderConcurrentLoad[com.example.framework.model.CreateUserRequest@6e24ddbd](313)" classname="com.example.framework.tests.HighVolumeUserApiTest" time="0.0"/>
  <testcase name="shouldCreateUsersUnderConcurrentLoad[com.example.framework.model.CreateUserRequest@2142c1b7](318)" classname="com.example.framework.tests.HighVolumeUserApiTest" time="0.0"/>
  <testcase name="shouldCreateUsersUnderConcurrentLoad[com.example.framework.model.CreateUserRequest@6a1509c1](312)" classname="com.example.framework.tests.HighVolumeUserApiTest" time="0.0"/>
  <testcase name="shouldCreateUsersUnderConcurrentLoad[com.example.framework.model.CreateUserRequest@82c5d8e](319)" classname="com.example.framework.tests.HighVolumeUserApiTest" time="0.0"/>
  <testcase name="shouldCreateUsersUnderConcurrentLoad[com.example.framework.model.CreateUserRequest@18f04d35](320)" classname="com.example.framework.tests.HighVolumeUserApiTest" time="0.007"/>
  <testcase name="shouldCreateUsersUnderConcurrentLoad[com.example.framework.model.CreateUserRequest@729b8143](322)" classname="com.example.framework.tests.HighVolumeUserApiTest" time="0.0"/>
  <testcase name="shouldCreateUsersUnderConcurrentLoad[com.example.framework.model.CreateUserRequest@45b707f3](323)" classname="com.example.framework.tests.HighVolumeUserApiTest" time="0.0"/>
  <testcase name="shouldCreateUsersUnderConcurrentLoad[com.example.framework.model.CreateUserRequest@24e61fac](325)" classname="com.example.framework.tests.HighVolumeUserApiTest" time="0.0"/>
  <testcase name="shouldCreateUsersUnderConcurrentLoad[com.example.framework.model.CreateUserRequest@ab77bde](324)" classname="com.example.framework.tests.HighVolumeUserApiTest" time="0.0"/>
  <testcase name="shouldCreateUsersUnderConcurrentLoad[com.example.framework.model.CreateUserRequest@f6c6e60](326)" classname="com.example.framework.tests.HighVolumeUserApiTest" time="0.0"/>
  <testcase name="shouldCreateUsersUnderConcurrentLoad[com.example.framework.model.CreateUserRequest@b0fdebd](328)" classname="com.example.framework.tests.HighVolumeUserApiTest" time="0.0"/>
  <testcase name="shouldCreateUsersUnderConcurrentLoad[com.example.framework.model.CreateUserRequest@71dc5d7a](328)" classname="com.example.framework.tests.HighVolumeUserApiTest" time="0.001"/>
  <testcase name="shouldCreateUsersUnderConcurrentLoad[com.example.framework.model.CreateUserRequest@6eb79671](329)" classname="com.example.framework.tests.HighVolumeUserApiTest" time="0.004"/>
  <testcase name="shouldCreateUsersUnderConcurrentLoad[com.example.framework.model.CreateUserRequest@3392b446](331)" classname="com.example.framework.tests.HighVolumeUserApiTest" time="0.009"/>
  <testcase name="shouldCreateUsersUnderConcurrentLoad[com.example.framework.model.CreateUserRequest@22aeb62c](332)" classname="com.example.framework.tests.HighVolumeUserApiTest" time="0.009"/>
  <testcase name="shouldCreateUsersUnderConcurrentLoad[com.example.framework.model.CreateUserRequest@1b31624](333)" classname="com.example.framework.tests.HighVolumeUserApiTest" time="0.009"/>
  <testcase name="shouldCreateUsersUnderConcurrentLoad[com.example.framework.model.CreateUserRequest@1db35d86](334)" classname="com.example.framework.tests.HighVolumeUserApiTest" time="0.009"/>
  <testcase name="shouldCreateUsersUnderConcurrentLoad[com.example.framework.model.CreateUserRequest@1468d3e3](330)" classname="com.example.framework.tests.HighVolumeUserApiTest" time="0.001"/>
  <testcase name="shouldCreateUsersUnderConcurrentLoad[com.example.framework.model.CreateUserRequest@33389be2](329)" classname="com.example.framework.tests.HighVolumeUserApiTest" time="0.001"/>
  <testcase name="shouldCreateUsersUnderConcurrentLoad[com.example.framework.model.CreateUserRequest@1769b5f](335)" classname="com.example.framework.tests.HighVolumeUserApiTest" time="0.003"/>
  <testcase name="shouldCreateUsersUnderConcurrentLoad[com.example.framework.model.CreateUserRequest@78e67b5f](337)" classname="com.example.framework.tests.HighVolumeUserApiTest" time="0.001"/>
  <testcase name="shouldCreateUsersUnderConcurrentLoad[com.example.framework.model.CreateUserRequest@319d44c6](338)" classname="com.example.framework.tests.HighVolumeUserApiTest" time="0.0"/>
  <testcase name="shouldCreateUsersUnderConcurrentLoad[com.example.framework.model.CreateUserRequest@164eddde](339)" classname="com.example.framework.tests.HighVolumeUserApiTest" time="0.0"/>
  <testcase name="shouldCreateUsersUnderConcurrentLoad[com.example.framework.model.CreateUserRequest@6f6664dd](336)" classname="com.example.framework.tests.HighVolumeUserApiTest" time="0.0"/>
  <testcase name="shouldCreateUsersUnderConcurrentLoad[com.example.framework.model.CreateUserRequest@35f90254](341)" classname="com.example.framework.tests.HighVolumeUserApiTest" time="0.0"/>
  <testcase name="shouldCreateUsersUnderConcurrentLoad[com.example.framework.model.CreateUserRequest@7416803](342)" classname="com.example.framework.tests.HighVolumeUserApiTest" time="0.0"/>
  <testcase name="shouldCreateUsersUnderConcurrentLoad[com.example.framework.model.CreateUserRequest@5134b8e9](343)" classname="com.example.framework.tests.HighVolumeUserApiTest" time="0.002"/>
  <testcase name="shouldCreateUsersUnderConcurrentLoad[com.example.framework.model.CreateUserRequest@17edcd30](344)" classname="com.example.framework.tests.HighVolumeUserApiTest" time="0.011"/>
  <testcase name="shouldCreateUsersUnderConcurrentLoad[com.example.framework.model.CreateUserRequest@6e5f820f](341)" classname="com.example.framework.tests.HighVolumeUserApiTest" time="0.011"/>
  <testcase name="shouldCreateUsersUnderConcurrentLoad[com.example.framework.model.CreateUserRequest@7ec6b438](345)" classname="com.example.framework.tests.HighVolumeUserApiTest" time="0.0"/>
  <testcase name="shouldCreateUsersUnderConcurrentLoad[com.example.framework.model.CreateUserRequest@7dc8448e](346)" classname="com.example.framework.tests.HighVolumeUserApiTest" time="0.0"/>
  <testcase name="shouldCreateUsersUnderConcurrentLoad[com.example.framework.model.CreateUserRequest@65cb7fa9](347)" classname="com.example.framework.tests.HighVolumeUserApiTest" time="0.0"/>
  <testcase name="shouldCreateUsersUnderConcurrentLoad[com.example.framework.model.CreateUserRequest@7ba3bb95](348)" classname="com.example.framework.tests.HighVolumeUserApiTest" time="0.0"/>
  <testcase name="shouldCreateUsersUnderConcurrentLoad[com.example.framework.model.CreateUserRequest@34304707](349)" classname="com.example.framework.tests.HighVolumeUserApiTest" time="0.0"/>
  <testcase name="shouldCreateUsersUnderConcurrentLoad[com.example.framework.model.CreateUserRequest@5458a893](350)" classname="com.example.framework.tests.HighVolumeUserApiTest" time="0.0"/>
  <testcase name="shouldCreateUsersUnderConcurrentLoad[com.example.framework.model.CreateUserRequest@4cea4bde](351)" classname="com.example.framework.tests.HighVolumeUserApiTest" time="0.0"/>
  <testcase name="shouldCreateUsersUnderConcurrentLoad[com.example.framework.model.CreateUserRequest@3aa0d368](352)" classname="com.example.framework.tests.HighVolumeUserApiTest" time="0.001"/>
  <testcase name="shouldCreateUsersUnderConcurrentLoad[com.example.framework.model.CreateUserRequest@199f7fe1](353)" classname="com.example.framework.tests.HighVolumeUserApiTest" time="0.007"/>
  <testcase name="shouldCreateUsersUnderConcurrentLoad[com.example.framework.model.CreateUserRequest@240468ef](356)" classname="com.example.framework.tests.HighVolumeUserApiTest" time="0.0"/>
  <testcase name="shouldCreateUsersUnderConcurrentLoad[com.example.framework.model.CreateUserRequest@40476b82](356)" classname="com.example.framework.tests.HighVolumeUserApiTest" time="0.001"/>
  <testcase name="shouldCreateUsersUnderConcurrentLoad[com.example.framework.model.CreateUserRequest@5074391](357)" classname="com.example.framework.tests.HighVolumeUserApiTest" time="0.001"/>
  <testcase name="shouldCreateUsersUnderConcurrentLoad[com.example.framework.model.CreateUserRequest@25bf1739](358)" classname="com.example.framework.tests.HighVolumeUserApiTest" time="0.001"/>
  <testcase name="shouldCreateUsersUnderConcurrentLoad[com.example.framework.model.CreateUserRequest@2ff193f4](354)" classname="com.example.framework.tests.HighVolumeUserApiTest" time="0.0"/>
  <testcase name="shouldCreateUsersUnderConcurrentLoad[com.example.framework.model.CreateUserRequest@23caf6c9](361)" classname="com.example.framework.tests.HighVolumeUserApiTest" time="0.0"/>
  <testcase name="shouldCreateUsersUnderConcurrentLoad[com.example.framework.model.CreateUserRequest@283c9a66](362)" classname="com.example.framework.tests.HighVolumeUserApiTest" time="0.001"/>
  <testcase name="shouldCreateUsersUnderConcurrentLoad[com.example.framework.model.CreateUserRequest@33b4a492](362)" classname="com.example.framework.tests.HighVolumeUserApiTest" time="0.001"/>
  <testcase name="shouldCreateUsersUnderConcurrentLoad[com.example.framework.model.CreateUserRequest@72840313](363)" classname="com.example.framework.tests.HighVolumeUserApiTest" time="0.009"/>
  <testcase name="shouldCreateUsersUnderConcurrentLoad[com.example.framework.model.CreateUserRequest@4dd25f28](364)" classname="com.example.framework.tests.HighVolumeUserApiTest" time="0.0"/>
  <testcase name="shouldCreateUsersUnderConcurrentLoad[com.example.framework.model.CreateUserRequest@25bbd797](365)" classname="com.example.framework.tests.HighVolumeUserApiTest" time="0.0"/>
  <testcase name="shouldCreateUsersUnderConcurrentLoad[com.example.framework.model.CreateUserRequest@4de87041](366)" classname="com.example.framework.tests.HighVolumeUserApiTest" time="0.0"/>
  <testcase name="shouldCreateUsersUnderConcurrentLoad[com.example.framework.model.CreateUserRequest@19836fe9](367)" classname="com.example.framework.tests.HighVolumeUserApiTest" time="0.0"/>
  <testcase name="shouldCreateUsersUnderConcurrentLoad[com.example.framework.model.CreateUserRequest@537fddcc](361)" classname="com.example.framework.tests.HighVolumeUserApiTest" time="0.0"/>
  <testcase name="shouldCreateUsersUnderConcurrentLoad[com.example.framework.model.CreateUserRequest@2a92bb76](368)" classname="com.example.framework.tests.HighVolumeUserApiTest" time="0.008"/>
  <testcase name="shouldCreateUsersUnderConcurrentLoad[com.example.framework.model.CreateUserRequest@1773c6a4](371)" classname="com.example.framework.tests.HighVolumeUserApiTest" time="0.008"/>
  <testcase name="shouldCreateUsersUnderConcurrentLoad[com.example.framework.model.CreateUserRequest@7b9a0090](372)" classname="com.example.framework.tests.HighVolumeUserApiTest" time="0.0"/>
  <testcase name="shouldCreateUsersUnderConcurrentLoad[com.example.framework.model.CreateUserRequest@6770bac7](369)" classname="com.example.framework.tests.HighVolumeUserApiTest" time="0.0"/>
  <testcase name="shouldCreateUsersUnderConcurrentLoad[com.example.framework.model.CreateUserRequest@33669030](372)" classname="com.example.framework.tests.HighVolumeUserApiTest" time="0.0"/>
  <testcase name="shouldCreateUsersUnderConcurrentLoad[com.example.framework.model.CreateUserRequest@367eeae4](373)" classname="com.example.framework.tests.HighVolumeUserApiTest" time="0.01"/>
  <testcase name="shouldCreateUsersUnderConcurrentLoad[com.example.framework.model.CreateUserRequest@4e7a4ab](375)" classname="com.example.framework.tests.HighVolumeUserApiTest" time="0.007"/>
  <testcase name="shouldCreateUsersUnderConcurrentLoad[com.example.framework.model.CreateUserRequest@27a6c3ca](376)" classname="com.example.framework.tests.HighVolumeUserApiTest" time="0.0"/>
  <testcase name="shouldCreateUsersUnderConcurrentLoad[com.example.framework.model.CreateUserRequest@7954742e](377)" classname="com.example.framework.tests.HighVolumeUserApiTest" time="0.0"/>
  <testcase name="shouldCreateUsersUnderConcurrentLoad[com.example.framework.model.CreateUserRequest@3e197665](375)" classname="com.example.framework.tests.HighVolumeUserApiTest" time="0.0"/>
  <testcase name="shouldCreateUsersUnderConcurrentLoad[com.example.framework.model.CreateUserRequest@483fcfc1](379)" classname="com.example.framework.tests.HighVolumeUserApiTest" time="0.001"/>
  <testcase name="shouldCreateUsersUnderConcurrentLoad[com.example.framework.model.CreateUserRequest@56002a62](379)" classname="com.example.framework.tests.HighVolumeUserApiTest" time="0.001"/>
  <testcase name="shouldCreateUsersUnderConcurrentLoad[com.example.framework.model.CreateUserRequest@68a2caee](381)" classname="com.example.framework.tests.HighVolumeUserApiTest" time="0.009"/>
  <testcase name="shouldCreateUsersUnderConcurrentLoad[com.example.framework.model.CreateUserRequest@1981f7c0](380)" classname="com.example.framework.tests.HighVolumeUserApiTest" time="0.009"/>
  <testcase name="shouldCreateUsersUnderConcurrentLoad[com.example.framework.model.CreateUserRequest@2b57e6c8](383)" classname="com.example.framework.tests.HighVolumeUserApiTest" time="0.009"/>
  <testcase name="shouldCreateUsersUnderConcurrentLoad[com.example.framework.model.CreateUserRequest@3a77984b](382)" classname="com.example.framework.tests.HighVolumeUserApiTest" time="0.0"/>
  <testcase name="shouldCreateUsersUnderConcurrentLoad[com.example.framework.model.CreateUserRequest@ee86292](384)" classname="com.example.framework.tests.HighVolumeUserApiTest" time="0.001"/>
  <testcase name="shouldCreateUsersUnderConcurrentLoad[com.example.framework.model.CreateUserRequest@1315466e](386)" classname="com.example.framework.tests.HighVolumeUserApiTest" time="0.016"/>
  <testcase name="shouldCreateUsersUnderConcurrentLoad[com.example.framework.model.CreateUserRequest@4d3f903d](387)" classname="com.example.framework.tests.HighVolumeUserApiTest" time="0.016"/>
  <testcase name="shouldCreateUsersUnderConcurrentLoad[com.example.framework.model.CreateUserRequest@4f2e23e9](386)" classname="com.example.framework.tests.HighVolumeUserApiTest" time="0.002"/>
  <testcase name="shouldCreateUsersUnderConcurrentLoad[com.example.framework.model.CreateUserRequest@1e55d90b](388)" classname="com.example.framework.tests.HighVolumeUserApiTest" time="0.002"/>
  <testcase name="shouldCreateUsersUnderConcurrentLoad[com.example.framework.model.CreateUserRequest@6cbdaa3a](389)" classname="com.example.framework.tests.HighVolumeUserApiTest" time="0.002"/>
  <testcase name="shouldCreateUsersUnderConcurrentLoad[com.example.framework.model.CreateUserRequest@6ce7ce27](390)" classname="com.example.framework.tests.HighVolumeUserApiTest" time="0.002"/>
  <testcase name="shouldCreateUsersUnderConcurrentLoad[com.example.framework.model.CreateUserRequest@3079eeb7](391)" classname="com.example.framework.tests.HighVolumeUserApiTest" time="0.0"/>
  <testcase name="shouldCreateUsersUnderConcurrentLoad[com.example.framework.model.CreateUserRequest@457d802c](392)" classname="com.example.framework.tests.HighVolumeUserApiTest" time="0.001"/>
  <testcase name="shouldCreateUsersUnderConcurrentLoad[com.example.framework.model.CreateUserRequest@5d3269b1](393)" classname="com.example.framework.tests.HighVolumeUserApiTest" time="0.002"/>
  <testcase name="shouldCreateUsersUnderConcurrentLoad[com.example.framework.model.CreateUserRequest@57adc9c5](394)" classname="com.example.framework.tests.HighVolumeUserApiTest" time="0.006"/>
  <testcase name="shouldCreateUsersUnderConcurrentLoad[com.example.framework.model.CreateUserRequest@156a95f](396)" classname="com.example.framework.tests.HighVolumeUserApiTest" time="0.0"/>
  <testcase name="shouldCreateUsersUnderConcurrentLoad[com.example.framework.model.CreateUserRequest@304cd2d0](396)" classname="com.example.framework.tests.HighVolumeUserApiTest" time="0.001"/>
  <testcase name="shouldCreateUsersUnderConcurrentLoad[com.example.framework.model.CreateUserRequest@5174be20](397)" classname="com.example.framework.tests.HighVolumeUserApiTest" time="0.001"/>
  <testcase name="shouldCreateUsersUnderConcurrentLoad[com.example.framework.model.CreateUserRequest@2db11920](398)" classname="com.example.framework.tests.HighVolumeUserApiTest" time="0.0"/>
  <testcase name="shouldCreateUsersUnderConcurrentLoad[com.example.framework.model.CreateUserRequest@1d53015b](399)" classname="com.example.framework.tests.HighVolumeUserApiTest" time="0.0"/>
  <testcase name="shouldCreateUsersUnderConcurrentLoad[com.example.framework.model.CreateUserRequest@17538e1d](400)" classname="com.example.framework.tests.HighVolumeUserApiTest" time="0.0"/>
  <testcase name="shouldCreateUsersUnderConcurrentLoad[com.example.framework.model.CreateUserRequest@71f21a44](402)" classname="com.example.framework.tests.HighVolumeUserApiTest" time="0.0"/>
  <testcase name="shouldCreateUsersUnderConcurrentLoad[com.example.framework.model.CreateUserRequest@4d301cce](402)" classname="com.example.framework.tests.HighVolumeUserApiTest" time="0.0"/>
  <testcase name="shouldCreateUsersUnderConcurrentLoad[com.example.framework.model.CreateUserRequest@3823c8c0](403)" classname="com.example.framework.tests.HighVolumeUserApiTest" time="0.0"/>
  <testcase name="shouldCreateUsersUnderConcurrentLoad[com.example.framework.model.CreateUserRequest@1b8273b](404)" classname="com.example.framework.tests.HighVolumeUserApiTest" time="0.0"/>
  <testcase name="shouldCreateUsersUnderConcurrentLoad[com.example.framework.model.CreateUserRequest@178621e3](406)" classname="com.example.framework.tests.HighVolumeUserApiTest" time="0.002"/>
  <testcase name="shouldCreateUsersUnderConcurrentLoad[com.example.framework.model.CreateUserRequest@32be0d1e](407)" classname="com.example.framework.tests.HighVolumeUserApiTest" time="0.005"/>
  <testcase name="shouldCreateUsersUnderConcurrentLoad[com.example.framework.model.CreateUserRequest@4cc5b7c3](414)" classname="com.example.framework.tests.HighVolumeUserApiTest" time="0.0"/>
  <testcase name="shouldCreateUsersUnderConcurrentLoad[com.example.framework.model.CreateUserRequest@2615f0f3](415)" classname="com.example.framework.tests.HighVolumeUserApiTest" time="0.003"/>
  <testcase name="shouldCreateUsersUnderConcurrentLoad[com.example.framework.model.CreateUserRequest@3cfe513d](416)" classname="com.example.framework.tests.HighVolumeUserApiTest" time="0.0"/>
  <testcase name="shouldCreateUsersUnderConcurrentLoad[com.example.framework.model.CreateUserRequest@5b4adaa7](414)" classname="com.example.framework.tests.HighVolumeUserApiTest" time="0.008"/>
  <testcase name="shouldCreateUsersUnderConcurrentLoad[com.example.framework.model.CreateUserRequest@4fb34e47](417)" classname="com.example.framework.tests.HighVolumeUserApiTest" time="0.0"/>
  <testcase name="shouldCreateUsersUnderConcurrentLoad[com.example.framework.model.CreateUserRequest@432a601c](405)" classname="com.example.framework.tests.HighVolumeUserApiTest" time="0.0"/>
  <testcase name="shouldCreateUsersUnderConcurrentLoad[com.example.framework.model.CreateUserRequest@8c4bc6e](418)" classname="com.example.framework.tests.HighVolumeUserApiTest" time="0.0"/>
[...]
  <testcase name="shouldCreateUsersUnderConcurrentLoad[com.example.framework.model.CreateUserRequest@6be01c71](900)" classname="com.example.framework.tests.HighVolumeUserApiTest" time="0.0"/>
  <testcase name="shouldCreateUsersUnderConcurrentLoad[com.example.framework.model.CreateUserRequest@7b17f83a](903)" classname="com.example.framework.tests.HighVolumeUserApiTest" time="0.0"/>
  <testcase name="shouldCreateUsersUnderConcurrentLoad[com.example.framework.model.CreateUserRequest@3864d72c](905)" classname="com.example.framework.tests.HighVolumeUserApiTest" time="0.0"/>
  <testcase name="shouldCreateUsersUnderConcurrentLoad[com.example.framework.model.CreateUserRequest@42bde619](906)" classname="com.example.framework.tests.HighVolumeUserApiTest" time="0.0"/>
  <testcase name="shouldCreateUsersUnderConcurrentLoad[com.example.framework.model.CreateUserRequest@874a879](897)" classname="com.example.framework.tests.HighVolumeUserApiTest" time="0.0"/>
  <testcase name="shouldCreateUsersUnderConcurrentLoad[com.example.framework.model.CreateUserRequest@41fcd45c](895)" classname="com.example.framework.tests.HighVolumeUserApiTest" time="0.001"/>
  <testcase name="shouldCreateUsersUnderConcurrentLoad[com.example.framework.model.CreateUserRequest@3ac51dac](905)" classname="com.example.framework.tests.HighVolumeUserApiTest" time="0.003"/>
  <testcase name="shouldCreateUsersUnderConcurrentLoad[com.example.framework.model.CreateUserRequest@75fa720a](907)" classname="com.example.framework.tests.HighVolumeUserApiTest" time="0.011"/>
  <testcase name="shouldCreateUsersUnderConcurrentLoad[com.example.framework.model.CreateUserRequest@69b632dc](909)" classname="com.example.framework.tests.HighVolumeUserApiTest" time="0.001"/>
  <testcase name="shouldCreateUsersUnderConcurrentLoad[com.example.framework.model.CreateUserRequest@38535660](910)" classname="com.example.framework.tests.HighVolumeUserApiTest" time="0.0"/>
  <testcase name="shouldCreateUsersUnderConcurrentLoad[com.example.framework.model.CreateUserRequest@661005b2](911)" classname="com.example.framework.tests.HighVolumeUserApiTest" time="0.0"/>
  <testcase name="shouldCreateUsersUnderConcurrentLoad[com.example.framework.model.CreateUserRequest@30085eca](912)" classname="com.example.framework.tests.HighVolumeUserApiTest" time="0.0"/>
  <testcase name="shouldCreateUsersUnderConcurrentLoad[com.example.framework.model.CreateUserRequest@d20a](915)" classname="com.example.framework.tests.HighVolumeUserApiTest" time="0.0"/>
  <testcase name="shouldCreateUsersUnderConcurrentLoad[com.example.framework.model.CreateUserRequest@2dfb0511](915)" classname="com.example.framework.tests.HighVolumeUserApiTest" time="0.0"/>
  <testcase name="shouldCreateUsersUnderConcurrentLoad[com.example.framework.model.CreateUserRequest@8685667](915)" classname="com.example.framework.tests.HighVolumeUserApiTest" time="0.0"/>
  <testcase name="shouldCreateUsersUnderConcurrentLoad[com.example.framework.model.CreateUserRequest@693c42d3](908)" classname="com.example.framework.tests.HighVolumeUserApiTest" time="0.0"/>
  <testcase name="shouldCreateUsersUnderConcurrentLoad[com.example.framework.model.CreateUserRequest@5bd7812](916)" classname="com.example.framework.tests.HighVolumeUserApiTest" time="0.0"/>
  <testcase name="shouldCreateUsersUnderConcurrentLoad[com.example.framework.model.CreateUserRequest@1f74d198](917)" classname="com.example.framework.tests.HighVolumeUserApiTest" time="0.0"/>
  <testcase name="shouldCreateUsersUnderConcurrentLoad[com.example.framework.model.CreateUserRequest@161f83c](918)" classname="com.example.framework.tests.HighVolumeUserApiTest" time="0.0"/>
  <testcase name="shouldCreateUsersUnderConcurrentLoad[com.example.framework.model.CreateUserRequest@2d7ccd6d](919)" classname="com.example.framework.tests.HighVolumeUserApiTest" time="0.001"/>
  <testcase name="shouldCreateUsersUnderConcurrentLoad[com.example.framework.model.CreateUserRequest@149c0d0](920)" classname="com.example.framework.tests.HighVolumeUserApiTest" time="0.0"/>
  <testcase name="shouldCreateUsersUnderConcurrentLoad[com.example.framework.model.CreateUserRequest@281a3f4a](921)" classname="com.example.framework.tests.HighVolumeUserApiTest" time="0.0"/>
  <testcase name="shouldCreateUsersUnderConcurrentLoad[com.example.framework.model.CreateUserRequest@5437a767](922)" classname="com.example.framework.tests.HighVolumeUserApiTest" time="0.0"/>
  <testcase name="shouldCreateUsersUnderConcurrentLoad[com.example.framework.model.CreateUserRequest@7e7ff734](923)" classname="com.example.framework.tests.HighVolumeUserApiTest" time="0.005"/>
  <testcase name="shouldCreateUsersUnderConcurrentLoad[com.example.framework.model.CreateUserRequest@27302b04](928)" classname="com.example.framework.tests.HighVolumeUserApiTest" time="0.005"/>
  <testcase name="shouldCreateUsersUnderConcurrentLoad[com.example.framework.model.CreateUserRequest@47d93470](928)" classname="com.example.framework.tests.HighVolumeUserApiTest" time="0.005"/>
  <testcase name="shouldCreateUsersUnderConcurrentLoad[com.example.framework.model.CreateUserRequest@7e3f322d](926)" classname="com.example.framework.tests.HighVolumeUserApiTest" time="0.0"/>
  <testcase name="shouldCreateUsersUnderConcurrentLoad[com.example.framework.model.CreateUserRequest@1a28b809](929)" classname="com.example.framework.tests.HighVolumeUserApiTest" time="0.0"/>
  <testcase name="shouldCreateUsersUnderConcurrentLoad[com.example.framework.model.CreateUserRequest@4cac6b54](930)" classname="com.example.framework.tests.HighVolumeUserApiTest" time="0.0"/>
  <testcase name="shouldCreateUsersUnderConcurrentLoad[com.example.framework.model.CreateUserRequest@11903045](931)" classname="com.example.framework.tests.HighVolumeUserApiTest" time="0.001"/>
  <testcase name="shouldCreateUsersUnderConcurrentLoad[com.example.framework.model.CreateUserRequest@527aec61](932)" classname="com.example.framework.tests.HighVolumeUserApiTest" time="0.0"/>
  <testcase name="shouldCreateUsersUnderConcurrentLoad[com.example.framework.model.CreateUserRequest@59a0834](926)" classname="com.example.framework.tests.HighVolumeUserApiTest" time="0.005"/>
  <testcase name="shouldCreateUsersUnderConcurrentLoad[com.example.framework.model.CreateUserRequest@2f154f4c](936)" classname="com.example.framework.tests.HighVolumeUserApiTest" time="0.0"/>
  <testcase name="shouldCreateUsersUnderConcurrentLoad[com.example.framework.model.CreateUserRequest@4bf7dba](937)" classname="com.example.framework.tests.HighVolumeUserApiTest" time="0.0"/>
  <testcase name="shouldCreateUsersUnderConcurrentLoad[com.example.framework.model.CreateUserRequest@58cbe6dd](938)" classname="com.example.framework.tests.HighVolumeUserApiTest" time="0.0"/>
  <testcase name="shouldCreateUsersUnderConcurrentLoad[com.example.framework.model.CreateUserRequest@1c500d83](939)" classname="com.example.framework.tests.HighVolumeUserApiTest" time="0.0"/>
  <testcase name="shouldCreateUsersUnderConcurrentLoad[com.example.framework.model.CreateUserRequest@75438cad](924)" classname="com.example.framework.tests.HighVolumeUserApiTest" time="0.004"/>
  <testcase name="shouldCreateUsersUnderConcurrentLoad[com.example.framework.model.CreateUserRequest@24ddbf4e](940)" classname="com.example.framework.tests.HighVolumeUserApiTest" time="0.0"/>
  <testcase name="shouldCreateUsersUnderConcurrentLoad[com.example.framework.model.CreateUserRequest@383a54b5](935)" classname="com.example.framework.tests.HighVolumeUserApiTest" time="0.0"/>
  <testcase name="shouldCreateUsersUnderConcurrentLoad[com.example.framework.model.CreateUserRequest@4b1dbf08](934)" classname="com.example.framework.tests.HighVolumeUserApiTest" time="0.0"/>
  <testcase name="shouldCreateUsersUnderConcurrentLoad[com.example.framework.model.CreateUserRequest@1c76dc62](941)" classname="com.example.framework.tests.HighVolumeUserApiTest" time="0.0"/>
  <testcase name="shouldCreateUsersUnderConcurrentLoad[com.example.framework.model.CreateUserRequest@6a5efe9a](933)" classname="com.example.framework.tests.HighVolumeUserApiTest" time="0.001"/>
  <testcase name="shouldCreateUsersUnderConcurrentLoad[com.example.framework.model.CreateUserRequest@70df4217](942)" classname="com.example.framework.tests.HighVolumeUserApiTest" time="0.004"/>
  <testcase name="shouldCreateUsersUnderConcurrentLoad[com.example.framework.model.CreateUserRequest@1497849d](943)" classname="com.example.framework.tests.HighVolumeUserApiTest" time="0.001"/>
  <testcase name="shouldCreateUsersUnderConcurrentLoad[com.example.framework.model.CreateUserRequest@5060b6e3](944)" classname="com.example.framework.tests.HighVolumeUserApiTest" time="0.003"/>
  <testcase name="shouldCreateUsersUnderConcurrentLoad[com.example.framework.model.CreateUserRequest@1facb9d4](946)" classname="com.example.framework.tests.HighVolumeUserApiTest" time="0.003"/>
  <testcase name="shouldCreateUsersUnderConcurrentLoad[com.example.framework.model.CreateUserRequest@69f19379](946)" classname="com.example.framework.tests.HighVolumeUserApiTest" time="0.003"/>
  <testcase name="shouldCreateUsersUnderConcurrentLoad[com.example.framework.model.CreateUserRequest@ae373a5](947)" classname="com.example.framework.tests.HighVolumeUserApiTest" time="0.005"/>
  <testcase name="shouldCreateUsersUnderConcurrentLoad[com.example.framework.model.CreateUserRequest@29bb19ca](948)" classname="com.example.framework.tests.HighVolumeUserApiTest" time="0.006"/>
  <testcase name="shouldCreateUsersUnderConcurrentLoad[com.example.framework.model.CreateUserRequest@75ea6e5e](950)" classname="com.example.framework.tests.HighVolumeUserApiTest" time="0.007"/>
  <testcase name="shouldCreateUsersUnderConcurrentLoad[com.example.framework.model.CreateUserRequest@18e76660](950)" classname="com.example.framework.tests.HighVolumeUserApiTest" time="0.007"/>
  <testcase name="shouldCreateUsersUnderConcurrentLoad[com.example.framework.model.CreateUserRequest@88907a6](951)" classname="com.example.framework.tests.HighVolumeUserApiTest" time="0.0"/>
  <testcase name="shouldCreateUsersUnderConcurrentLoad[com.example.framework.model.CreateUserRequest@74b8da18](952)" classname="com.example.framework.tests.HighVolumeUserApiTest" time="0.0"/>
  <testcase name="shouldCreateUsersUnderConcurrentLoad[com.example.framework.model.CreateUserRequest@4071808e](953)" classname="com.example.framework.tests.HighVolumeUserApiTest" time="0.0"/>
  <testcase name="shouldCreateUsersUnderConcurrentLoad[com.example.framework.model.CreateUserRequest@6bf145f9](954)" classname="com.example.framework.tests.HighVolumeUserApiTest" time="0.0"/>
  <testcase name="shouldCreateUsersUnderConcurrentLoad[com.example.framework.model.CreateUserRequest@42cb012b](955)" classname="com.example.framework.tests.HighVolumeUserApiTest" time="0.0"/>
  <testcase name="shouldCreateUsersUnderConcurrentLoad[com.example.framework.model.CreateUserRequest@740a2ae5](956)" classname="com.example.framework.tests.HighVolumeUserApiTest" time="0.003"/>
  <testcase name="shouldCreateUsersUnderConcurrentLoad[com.example.framework.model.CreateUserRequest@32ea055a](958)" classname="com.example.framework.tests.HighVolumeUserApiTest" time="0.003"/>
  <testcase name="shouldCreateUsersUnderConcurrentLoad[com.example.framework.model.CreateUserRequest@325b3afa](957)" classname="com.example.framework.tests.HighVolumeUserApiTest" time="0.005"/>
  <testcase name="shouldCreateUsersUnderConcurrentLoad[com.example.framework.model.CreateUserRequest@2c97feb7](962)" classname="com.example.framework.tests.HighVolumeUserApiTest" time="0.006"/>
  <testcase name="shouldCreateUsersUnderConcurrentLoad[com.example.framework.model.CreateUserRequest@5eddfccf](962)" classname="com.example.framework.tests.HighVolumeUserApiTest" time="0.0"/>
  <testcase name="shouldCreateUsersUnderConcurrentLoad[com.example.framework.model.CreateUserRequest@9be8730](960)" classname="com.example.framework.tests.HighVolumeUserApiTest" time="0.001"/>
  <testcase name="shouldCreateUsersUnderConcurrentLoad[com.example.framework.model.CreateUserRequest@6d44cb41](959)" classname="com.example.framework.tests.HighVolumeUserApiTest" time="0.004"/>
  <testcase name="shouldCreateUsersUnderConcurrentLoad[com.example.framework.model.CreateUserRequest@4579a1e0](965)" classname="com.example.framework.tests.HighVolumeUserApiTest" time="0.0"/>
  <testcase name="shouldCreateUsersUnderConcurrentLoad[com.example.framework.model.CreateUserRequest@1fd58ed2](963)" classname="com.example.framework.tests.HighVolumeUserApiTest" time="0.0"/>
  <testcase name="shouldCreateUsersUnderConcurrentLoad[com.example.framework.model.CreateUserRequest@9fb8ef1](966)" classname="com.example.framework.tests.HighVolumeUserApiTest" time="0.0"/>
  <testcase name="shouldCreateUsersUnderConcurrentLoad[com.example.framework.model.CreateUserRequest@511a5f72](967)" classname="com.example.framework.tests.HighVolumeUserApiTest" time="0.0"/>
  <testcase name="shouldCreateUsersUnderConcurrentLoad[com.example.framework.model.CreateUserRequest@500d6f23](964)" classname="com.example.framework.tests.HighVolumeUserApiTest" time="0.005"/>
  <testcase name="shouldCreateUsersUnderConcurrentLoad[com.example.framework.model.CreateUserRequest@17d33d63](968)" classname="com.example.framework.tests.HighVolumeUserApiTest" time="0.005"/>
  <testcase name="shouldCreateUsersUnderConcurrentLoad[com.example.framework.model.CreateUserRequest@202e3ec9](970)" classname="com.example.framework.tests.HighVolumeUserApiTest" time="0.0"/>
  <testcase name="shouldCreateUsersUnderConcurrentLoad[com.example.framework.model.CreateUserRequest@55a5ea3e](969)" classname="com.example.framework.tests.HighVolumeUserApiTest" time="0.001"/>
  <testcase name="shouldCreateUsersUnderConcurrentLoad[com.example.framework.model.CreateUserRequest@5c66e63d](971)" classname="com.example.framework.tests.HighVolumeUserApiTest" time="0.0"/>
  <testcase name="shouldCreateUsersUnderConcurrentLoad[com.example.framework.model.CreateUserRequest@59d7e785](973)" classname="com.example.framework.tests.HighVolumeUserApiTest" time="0.0"/>
  <testcase name="shouldCreateUsersUnderConcurrentLoad[com.example.framework.model.CreateUserRequest@2987f7f9](973)" classname="com.example.framework.tests.HighVolumeUserApiTest" time="0.0"/>
  <testcase name="shouldCreateUsersUnderConcurrentLoad[com.example.framework.model.CreateUserRequest@827726a](974)" classname="com.example.framework.tests.HighVolumeUserApiTest" time="0.0"/>
  <testcase name="shouldCreateUsersUnderConcurrentLoad[com.example.framework.model.CreateUserRequest@62e97a2f](975)" classname="com.example.framework.tests.HighVolumeUserApiTest" time="0.0"/>
  <testcase name="shouldCreateUsersUnderConcurrentLoad[com.example.framework.model.CreateUserRequest@38e5e105](976)" classname="com.example.framework.tests.HighVolumeUserApiTest" time="0.0"/>
  <testcase name="shouldCreateUsersUnderConcurrentLoad[com.example.framework.model.CreateUserRequest@25e10f08](977)" classname="com.example.framework.tests.HighVolumeUserApiTest" time="0.0"/>
  <testcase name="shouldCreateUsersUnderConcurrentLoad[com.example.framework.model.CreateUserRequest@6a382696](978)" classname="com.example.framework.tests.HighVolumeUserApiTest" time="0.001"/>
  <testcase name="shouldCreateUsersUnderConcurrentLoad[com.example.framework.model.CreateUserRequest@6a449ee8](979)" classname="com.example.framework.tests.HighVolumeUserApiTest" time="0.012"/>
  <testcase name="shouldCreateUsersUnderConcurrentLoad[com.example.framework.model.CreateUserRequest@31be41ac](980)" classname="com.example.framework.tests.HighVolumeUserApiTest" time="0.012"/>
  <testcase name="shouldCreateUsersUnderConcurrentLoad[com.example.framework.model.CreateUserRequest@50f1eb82](981)" classname="com.example.framework.tests.HighVolumeUserApiTest" time="0.012"/>
  <testcase name="shouldCreateUsersUnderConcurrentLoad[com.example.framework.model.CreateUserRequest@4b7c5e4f](983)" classname="com.example.framework.tests.HighVolumeUserApiTest" time="0.013"/>
  <testcase name="shouldCreateUsersUnderConcurrentLoad[com.example.framework.model.CreateUserRequest@38f438f1](982)" classname="com.example.framework.tests.HighVolumeUserApiTest" time="0.013"/>
  <testcase name="shouldCreateUsersUnderConcurrentLoad[com.example.framework.model.CreateUserRequest@753428ac](984)" classname="com.example.framework.tests.HighVolumeUserApiTest" time="0.013"/>
  <testcase name="shouldCreateUsersUnderConcurrentLoad[com.example.framework.model.CreateUserRequest@55c93e57](986)" classname="com.example.framework.tests.HighVolumeUserApiTest" time="0.013"/>
  <testcase name="shouldCreateUsersUnderConcurrentLoad[com.example.framework.model.CreateUserRequest@3ac35e49](988)" classname="com.example.framework.tests.HighVolumeUserApiTest" time="0.014"/>
  <testcase name="shouldCreateUsersUnderConcurrentLoad[com.example.framework.model.CreateUserRequest@1de530b5](988)" classname="com.example.framework.tests.HighVolumeUserApiTest" time="0.014"/>
  <testcase name="shouldCreateUsersUnderConcurrentLoad[com.example.framework.model.CreateUserRequest@146f1edf](990)" classname="com.example.framework.tests.HighVolumeUserApiTest" time="0.015"/>
  <testcase name="shouldCreateUsersUnderConcurrentLoad[com.example.framework.model.CreateUserRequest@2e1a614c](990)" classname="com.example.framework.tests.HighVolumeUserApiTest" time="0.015"/>
  <testcase name="shouldCreateUsersUnderConcurrentLoad[com.example.framework.model.CreateUserRequest@18fde036](991)" classname="com.example.framework.tests.HighVolumeUserApiTest" time="0.015"/>
  <testcase name="shouldCreateUsersUnderConcurrentLoad[com.example.framework.model.CreateUserRequest@3f8670e5](986)" classname="com.example.framework.tests.HighVolumeUserApiTest" time="0.015"/>
  <testcase name="shouldCreateUsersUnderConcurrentLoad[com.example.framework.model.CreateUserRequest@724a241c](992)" classname="com.example.framework.tests.HighVolumeUserApiTest" time="0.016"/>
  <testcase name="shouldCreateUsersUnderConcurrentLoad[com.example.framework.model.CreateUserRequest@bee95a3](993)" classname="com.example.framework.tests.HighVolumeUserApiTest" time="0.017"/>
  <testcase name="shouldCreateUsersUnderConcurrentLoad[com.example.framework.model.CreateUserRequest@2e032f99](995)" classname="com.example.framework.tests.HighVolumeUserApiTest" time="0.021"/>
  <testcase name="shouldCreateUsersUnderConcurrentLoad[com.example.framework.model.CreateUserRequest@388c393](995)" classname="com.example.framework.tests.HighVolumeUserApiTest" time="0.022"/>
  <testcase name="shouldCreateUsersUnderConcurrentLoad[com.example.framework.model.CreateUserRequest@4291f5a4](996)" classname="com.example.framework.tests.HighVolumeUserApiTest" time="0.022"/>
  <testcase name="shouldCreateUsersUnderConcurrentLoad[com.example.framework.model.CreateUserRequest@272d2b53](997)" classname="com.example.framework.tests.HighVolumeUserApiTest" time="0.023"/>
  <testcase name="shouldCreateUsersUnderConcurrentLoad[com.example.framework.model.CreateUserRequest@7b734f69](998)" classname="com.example.framework.tests.HighVolumeUserApiTest" time="0.024"/>
  <testcase name="shouldCreateUsersUnderConcurrentLoad[com.example.framework.model.CreateUserRequest@5c8968fc](999)" classname="com.example.framework.tests.HighVolumeUserApiTest" time="0.028"/>
  <testcase name="shouldCreateUsersUnderConcurrentLoad[com.example.framework.model.CreateUserRequest@69da9223](1000)" classname="com.example.framework.tests.HighVolumeUserApiTest" time="0.032"/>
  <testcase name="shouldSeedUsersFromLocalServerEndpoint" classname="com.example.framework.tests.UserApiFlowTest" time="0.0"/>
  <testcase name="shouldCreateReadListAndDeleteUser" classname="com.example.framework.tests.UserApiFlowTest" time="0.0"/>
  <testcase name="healthEndpointShouldReturnUpStatus" classname="com.example.framework.tests.UserApiFlowTest" time="0.497"/>
</testsuite>