<?xml version="1.0" encoding="UTF-8"?>
<testng-results ignored="0" total="1003" passed="1003" failed="0" skipped="0">
  <reporter-output>
  </reporter-output>
  <suite started-at="2026-03-21T14:46:49 UTC" name="RestApiFrameworkSuite" finished-at="2026-03-21T14:46:54 UTC" duration-ms="5621">
    <groups>
      <group name="load">
        <method signature="HighVolumeUserApiTest.shouldCreateUsersUnderConcurrentLoad(com.example.framework.model.CreateUserRequest)[pri:0, instance:com.example.framework.tests.HighVolumeUserApiTest@1ffe63b9]" name="shouldCreateUsersUnderConcurrentLoad" class="com.example.framework.tests.HighVolumeUserApiTest"/>
      </group> <!-- load -->
      <group name="smoke">
        <method signature="UserApiFlowTest.healthEndpointShouldReturnUpStatus()[pri:0, instance:com.example.framework.tests.UserApiFlowTest@71b1176b]" name="healthEndpointShouldReturnUpStatus" class="com.example.framework.tests.UserApiFlowTest"/>
        <method signature="UserApiFlowTest.shouldCreateReadListAndDeleteUser()[pri:0, instance:com.example.framework.tests.UserApiFlowTest@71b1176b]" name="shouldCreateReadListAndDeleteUser" class="com.example.framework.tests.UserApiFlowTest"/>
        <method signature="UserApiFlowTest.shouldSeedUsersFromLocalServerEndpoint()[pri:0, instance:com.example.framework.tests.UserApiFlowTest@71b1176b]" name="shouldSeedUsersFromLocalServerEndpoint" class="com.example.framework.tests.UserApiFlowTest"/>
      </group> <!-- smoke -->
    </groups>
    <test started-at="2026-03-21T14:46:49 UTC" name="SmokeAndLoadTests" finished-at="2026-03-21T14:46:54 UTC" duration-ms="5621">
      <class name="com.example.framework.tests.UserApiFlowTest">
        <test-method is-config="true" signature="beforeSuite()[pri:0, instance:com.example.framework.tests.UserApiFlowTest@71b1176b]" started-at="2026-03-21T14:46:48 UTC" name="beforeSuite" finished-at="2026-03-21T14:46:49 UTC" duration-ms="360" status="PASS">
          <reporter-output>
          </reporter-output>
        </test-method> <!-- beforeSuite -->
        <test-method signature="shouldCreateReadListAndDeleteUser()[pri:0, instance:com.example.framework.tests.UserApiFlowTest@71b1176b]" started-at="2026-03-21T14:46:49 UTC" name="shouldCreateReadListAndDeleteUser" finished-at="2026-03-21T14:46:52 UTC" duration-ms="3576" status="PASS">
          <reporter-output>
          </reporter-output>
        </test-method> <!-- shouldCreateReadListAndDeleteUser -->
        <test-method signature="healthEndpointShouldReturnUpStatus()[pri:0, instance:com.example.framework.tests.UserApiFlowTest@71b1176b]" started-at="2026-03-21T14:46:49 UTC" name="healthEndpointShouldReturnUpStatus" finished-at="2026-03-21T14:46:54 UTC" duration-ms="5589" status="PASS">
          <reporter-output>
          </reporter-output>
        </test-method> <!-- healthEndpointShouldReturnUpStatus -->
        <test-method signature="shouldSeedUsersFromLocalServerEndpoint()[pri:0, instance:com.example.framework.tests.UserApiFlowTest@71b1176b]" started-at="2026-03-21T14:46:49 UTC" name="shouldSeedUsersFromLocalServerEndpoint" finished-at="2026-03-21T14:46:52 UTC" duration-ms="3032" status="PASS">
          <reporter-output>
          </reporter-output>
        </test-method> <!-- shouldSeedUsersFromLocalServerEndpoint -->
        <test-method is-config="true" signature="afterSuite()[pri:0, instance:com.example.framework.tests.UserApiFlowTest@71b1176b]" started-at="2026-03-21T14:46:55 UTC" name="afterSuite" finished-at="2026-03-21T14:46:55 UTC" duration-ms="1" status="PASS">
          <reporter-output>
          </reporter-output>
        </test-method> <!-- afterSuite -->
      </class> <!-- com.example.framework.tests.UserApiFlowTest -->
      <class name="com.example.framework.tests.HighVolumeUserApiTest">
        <test-method signature="shouldCreateUsersUnderConcurrentLoad(com.example.framework.model.CreateUserRequest)[pri:0, instance:com.example.framework.tests.HighVolumeUserApiTest@1ffe63b9]" started-at="2026-03-21T14:46:49 UTC" name="shouldCreateUsersUnderConcurrentLoad" data-provider="userPayloads" finished-at="2026-03-21T14:46:51 UTC" duration-ms="2694" status="PASS">
          <params>
            <param index="0">
              <value>
                <![CDATA[com.example.framework.model.CreateUserRequest@439cd76a]]>
              </value>
            </param>
          </params>
          <reporter-output>
          </reporter-output>
        </test-method> <!-- shouldCreateUsersUnderConcurrentLoad -->
        <test-method signature="shouldCreateUsersUnderConcurrentLoad(com.example.framework.model.CreateUserRequest)[pri:0, instance:com.example.framework.tests.HighVolumeUserApiTest@1ffe63b9]" started-at="2026-03-21T14:46:49 UTC" name="shouldCreateUsersUnderConcurrentLoad" data-provider="userPayloads" finished-at="2026-03-21T14:46:51 UTC" duration-ms="2694" status="PASS">
          <params>
            <param index="0">
              <value>
                <![CDATA[com.example.framework.model.CreateUserRequest@11b5ac7f]]>
              </value>
            </param>
          </params>
          <reporter-output>
          </reporter-output>
        </test-method> <!-- shouldCreateUsersUnderConcurrentLoad -->
        <test-method signature="shouldCreateUsersUnderConcurrentLoad(com.example.framework.model.CreateUserRequest)[pri:0, instance:com.example.framework.tests.HighVolumeUserApiTest@1ffe63b9]" started-at="2026-03-21T14:46:49 UTC" name="shouldCreateUsersUnderConcurrentLoad" data-provider="userPayloads" finished-at="2026-03-21T14:46:51 UTC" duration-ms="2693" status="PASS">
          <params>
            <param index="0">
              <value>
                <![CDATA[com.example.framework.model.CreateUserRequest@158b5a5a]]>
              </value>
            </param>
          </params>
          <reporter-output>
          </reporter-output>
        </test-method> <!-- shouldCreateUsersUnderConcurrentLoad -->
        <test-method signature="shouldCreateUsersUnderConcurrentLoad(com.example.framework.model.CreateUserRequest)[pri:0, instance:com.example.framework.tests.HighVolumeUserApiTest@1ffe63b9]" started-at="2026-03-21T14:46:49 UTC" name="shouldCreateUsersUnderConcurrentLoad" data-provider="userPayloads" finished-at="2026-03-21T14:46:51 UTC" duration-ms="2692" status="PASS">
          <params>
            <param index="0">
              <value>
                <![CDATA[com.example.framework.model.CreateUserRequest@2bad9b86]]>
              </value>
            </param>
          </params>
          <reporter-output>
          </reporter-output>
        </test-method> <!-- shouldCreateUsersUnderConcurrentLoad -->
        <test-method signature="shouldCreateUsersUnderConcurrentLoad(com.example.framework.model.CreateUserRequest)[pri:0, instance:com.example.framework.tests.HighVolumeUserApiTest@1ffe63b9]" started-at="2026-03-21T14:46:49 UTC" name="shouldCreateUsersUnderConcurrentLoad" data-provider="userPayloads" finished-at="2026-03-21T14:46:51 UTC" duration-ms="2693" status="PASS">
          <params>
            <param index="0">
              <value>
                <![CDATA[com.example.framework.model.CreateUserRequest@351b77a5]]>
              </value>
            </param>
          </params>
          <reporter-output>
          </reporter-output>
        </test-method> <!-- shouldCreateUsersUnderConcurrentLoad -->
        <test-method signature="shouldCreateUsersUnderConcurrentLoad(com.example.framework.model.CreateUserRequest)[pri:0, instance:com.example.framework.tests.HighVolumeUserApiTest@1ffe63b9]" started-at="2026-03-21T14:46:49 UTC" name="shouldCreateUsersUnderConcurrentLoad" data-provider="userPayloads" finished-at="2026-03-21T14:46:51 UTC" duration-ms="2691" status="PASS">
          <params>
            <param index="0">
              <value>
                <![CDATA[com.example.framework.model.CreateUserRequest@351a9b62]]>
              </value>
            </param>
          </params>
          <reporter-output>
          </reporter-output>
        </test-method> <!-- shouldCreateUsersUnderConcurrentLoad -->
        <test-method signature="shouldCreateUsersUnderConcurrentLoad(com.example.framework.model.CreateUserRequest)[pri:0, instance:com.example.framework.tests.HighVolumeUserApiTest@1ffe63b9]" started-at="2026-03-21T14:46:49 UTC" name="shouldCreateUsersUnderConcurrentLoad" data-provider="userPayloads" finished-at="2026-03-21T14:46:51 UTC" duration-ms="2691" status="PASS">
          <params>
            <param index="0">
              <value>
                <![CDATA[com.example.framework.model.CreateUserRequest@3d0ba609]]>
              </value>
            </param>
          </params>
          <reporter-output>
          </reporter-output>
        </test-method> <!-- shouldCreateUsersUnderConcurrentLoad -->
        <test-method signature="shouldCreateUsersUnderConcurrentLoad(com.example.framework.model.CreateUserRequest)[pri:0, instance:com.example.framework.tests.HighVolumeUserApiTest@1ffe63b9]" started-at="2026-03-21T14:46:49 UTC" name="shouldCreateUsersUnderConcurrentLoad" data-provider="userPayloads" finished-at="2026-03-21T14:46:51 UTC" duration-ms="2692" status="PASS">
          <params>
            <param index="0">
              <value>
                <![CDATA[com.example.framework.model.CreateUserRequest@370ade04]]>
              </value>
            </param>
          </params>
          <reporter-output>
          </reporter-output>
        </test-method> <!-- shouldCreateUsersUnderConcurrentLoad -->
        <test-method signature="shouldCreateUsersUnderConcurrentLoad(com.example.framework.model.CreateUserRequest)[pri:0, instance:com.example.framework.tests.HighVolumeUserApiTest@1ffe63b9]" started-at="2026-03-21T14:46:49 UTC" name="shouldCreateUsersUnderConcurrentLoad" data-provider="userPayloads" finished-at="2026-03-21T14:46:51 UTC" duration-ms="2690" status="PASS">
          <params>
            <param index="0">
              <value>
                <![CDATA[com.example.framework.model.CreateUserRequest@284b0c69]]>
              </value>
            </param>
          </params>
          <reporter-output>
          </reporter-output>
        </test-method> <!-- shouldCreateUsersUnderConcurrentLoad -->
        <test-method signature="shouldCreateUsersUnderConcurrentLoad(com.example.framework.model.CreateUserRequest)[pri:0, instance:com.example.framework.tests.HighVolumeUserApiTest@1ffe63b9]" started-at="2026-03-21T14:46:49 UTC" name="shouldCreateUsersUnderConcurrentLoad" data-provider="userPayloads" finished-at="2026-03-21T14:46:51 UTC" duration-ms="2690" status="PASS">
          <params>
            <param index="0">
              <value>
                <![CDATA[com.example.framework.model.CreateUserRequest@6fe53d4a]]>
              </value>
            </param>
          </params>
          <reporter-output>
          </reporter-output>
        </test-method> <!-- shouldCreateUsersUnderConcurrentLoad -->
        <test-method signature="shouldCreateUsersUnderConcurrentLoad(com.example.framework.model.CreateUserRequest)[pri:0, instance:com.example.framework.tests.HighVolumeUserApiTest@1ffe63b9]" started-at="2026-03-21T14:46:49 UTC" name="shouldCreateUsersUnderConcurrentLoad" data-provider="userPayloads" finished-at="2026-03-21T14:46:51 UTC" duration-ms="2689" status="PASS">
          <params>
            <param index="0">
              <value>
                <![CDATA[com.example.framework.model.CreateUserRequest@50ca231]]>
              </value>
            </param>
          </params>
          <reporter-output>
          </reporter-output>
        </test-method> <!-- shouldCreateUsersUnderConcurrentLoad -->
        <test-method signature="shouldCreateUsersUnderConcurrentLoad(com.example.framework.model.CreateUserRequest)[pri:0, instance:com.example.framework.tests.HighVolumeUserApiTest@1ffe63b9]" started-at="2026-03-21T14:46:49 UTC" name="shouldCreateUsersUnderConcurrentLoad" data-provider="userPayloads" finished-at="2026-03-21T14:46:51 UTC" duration-ms="2688" status="PASS">
          <params>
            <param index="0">
              <value>
                <![CDATA[com.example.framework.model.CreateUserRequest@2f0aa297]]>
              </value>
            </param>
          </params>
          <reporter-output>
          </reporter-output>
        </test-method> <!-- shouldCreateUsersUnderConcurrentLoad -->
        <test-method signature="shouldCreateUsersUnderConcurrentLoad(com.example.framework.model.CreateUserRequest)[pri:0, instance:com.example.framework.tests.HighVolumeUserApiTest@1ffe63b9]" started-at="2026-03-21T14:46:49 UTC" name="shouldCreateUsersUnderConcurrentLoad" data-provider="userPayloads" finished-at="2026-03-21T14:46:51 UTC" duration-ms="2686" status="PASS">
          <params>
            <param index="0">
              <value>
                <![CDATA[com.example.framework.model.CreateUserRequest@25b54463]]>
              </value>
            </param>
          </params>
          <reporter-output>
          </reporter-output>
        </test-method> <!-- shouldCreateUsersUnderConcurrentLoad -->
        <test-method signature="shouldCreateUsersUnderConcurrentLoad(com.example.framework.model.CreateUserRequest)[pri:0, instance:com.example.framework.tests.HighVolumeUserApiTest@1ffe63b9]" started-at="2026-03-21T14:46:49 UTC" name="shouldCreateUsersUnderConcurrentLoad" data-provider="userPayloads" finished-at="2026-03-21T14:46:51 UTC" duration-ms="2687" status="PASS">
          <params>
            <param index="0">
              <value>
                <![CDATA[com.example.framework.model.CreateUserRequest@2c2f940a]]>
              </value>
            </param>
          </params>
          <reporter-output>
          </reporter-output>
        </test-method> <!-- shouldCreateUsersUnderConcurrentLoad -->
        <test-method signature="shouldCreateUsersUnderConcurrentLoad(com.example.framework.model.CreateUserRequest)[pri:0, instance:com.example.framework.tests.HighVolumeUserApiTest@1ffe63b9]" started-at="2026-03-21T14:46:49 UTC" name="shouldCreateUsersUnderConcurrentLoad" data-provider="userPayloads" finished-at="2026-03-21T14:46:51 UTC" duration-ms="2685" status="PASS">
          <params>
            <param index="0">
              <value>
                <![CDATA[com.example.framework.model.CreateUserRequest@3a095bf4]]>
              </value>
            </param>
          </params>
          <reporter-output>
          </reporter-output>
        </test-method> <!-- shouldCreateUsersUnderConcurrentLoad -->
        <test-method signature="shouldCreateUsersUnderConcurrentLoad(com.example.framework.model.CreateUserRequest)[pri:0, instance:com.example.framework.tests.HighVolumeUserApiTest@1ffe63b9]" started-at="2026-03-21T14:46:49 UTC" name="shouldCreateUsersUnderConcurrentLoad" data-provider="userPayloads" finished-at="2026-03-21T14:46:51 UTC" duration-ms="2684" status="PASS">
          <params>
            <param index="0">
              <value>
                <![CDATA[com.example.framework.model.CreateUserRequest@2176efb1]]>
              </value>
            </param>
          </params>
          <reporter-output>
          </reporter-output>
        </test-method> <!-- shouldCreateUsersUnderConcurrentLoad -->
        <test-method signature="shouldCreateUsersUnderConcurrentLoad(com.example.framework.model.CreateUserRequest)[pri:0, instance:com.example.framework.tests.HighVolumeUserApiTest@1ffe63b9]" started-at="2026-03-21T14:46:49 UTC" name="shouldCreateUsersUnderConcurrentLoad" data-provider="userPayloads" finished-at="2026-03-21T14:46:51 UTC" duration-ms="2683" status="PASS">
          <params>
            <param index="0">
              <value>
                <![CDATA[com.example.framework.model.CreateUserRequest@680e2d4a]]>
              </value>
            </param>
          </params>
          <reporter-output>
          </reporter-output>
        </test-method> <!-- shouldCreateUsersUnderConcurrentLoad -->
        <test-method signature="shouldCreateUsersUnderConcurrentLoad(com.example.framework.model.CreateUserRequest)[pri:0, instance:com.example.framework.tests.HighVolumeUserApiTest@1ffe63b9]" started-at="2026-03-21T14:46:49 UTC" name="shouldCreateUsersUnderConcurrentLoad" data-provider="userPayloads" finished-at="2026-03-21T14:46:51 UTC" duration-ms="2684" status="PASS">
          <params>
            <param index="0">
              <value>
                <![CDATA[com.example.framework.model.CreateUserRequest@652296f2]]>
              </value>
            </param>
          </params>
          <reporter-output>
          </reporter-output>
        </test-method> <!-- shouldCreateUsersUnderConcurrentLoad -->
        <test-method signature="shouldCreateUsersUnderConcurrentLoad(com.example.framework.model.CreateUserRequest)[pri:0, instance:com.example.framework.tests.HighVolumeUserApiTest@1ffe63b9]" started-at="2026-03-21T14:46:49 UTC" name="shouldCreateUsersUnderConcurrentLoad" data-provider="userPayloads" finished-at="2026-03-21T14:46:51 UTC" duration-ms="2683" status="PASS">
          <params>
            <param index="0">
              <value>
                <![CDATA[com.example.framework.model.CreateUserRequest@22023231]]>
              </value>
            </param>
          </params>
          <reporter-output>
          </reporter-output>
        </test-method> <!-- shouldCreateUsersUnderConcurrentLoad -->
        <test-method signature="shouldCreateUsersUnderConcurrentLoad(com.example.framework.model.CreateUserRequest)[pri:0, instance:com.example.framework.tests.HighVolumeUserApiTest@1ffe63b9]" started-at="2026-03-21T14:46:49 UTC" name="shouldCreateUsersUnderConcurrentLoad" data-provider="userPayloads" finished-at="2026-03-21T14:46:51 UTC" duration-ms="2681" status="PASS">
          <params>
            <param index="0">
              <value>
                <![CDATA[com.example.framework.model.CreateUserRequest@1783c6cb]]>
              </value>
            </param>
          </params>
          <reporter-output>
          </reporter-output>
        </test-method> <!-- shouldCreateUsersUnderConcurrentLoad -->
        <test-method signature="shouldCreateUsersUnderConcurrentLoad(com.example.framework.model.CreateUserRequest)[pri:0, instance:com.example.framework.tests.HighVolumeUserApiTest@1ffe63b9]" started-at="2026-03-21T14:46:49 UTC" name="shouldCreateUsersUnderConcurrentLoad" data-provider="userPayloads" finished-at="2026-03-21T14:46:51 UTC" duration-ms="2682" status="PASS">
          <params>
            <param index="0">
              <value>
                <![CDATA[com.example.framework.model.CreateUserRequest@2b4900d1]]>
              </value>
            </param>
          </params>
          <reporter-output>
          </reporter-output>
        </test-method> <!-- shouldCreateUsersUnderConcurrentLoad -->
        <test-method signature="shouldCreateUsersUnderConcurrentLoad(com.example.framework.model.CreateUserRequest)[pri:0, instance:com.example.framework.tests.HighVolumeUserApiTest@1ffe63b9]" started-at="2026-03-21T14:46:49 UTC" name="shouldCreateUsersUnderConcurrentLoad" data-provider="userPayloads" finished-at="2026-03-21T14:46:51 UTC" duration-ms="2679" status="PASS">
          <params>
            <param index="0">
              <value>
                <![CDATA[com.example.framework.model.CreateUserRequest@40ecad58]]>
              </value>
            </param>
          </params>
          <reporter-output>
          </reporter-output>
        </test-method> <!-- shouldCreateUsersUnderConcurrentLoad -->
        <test-method signature="shouldCreateUsersUnderConcurrentLoad(com.example.framework.model.CreateUserRequest)[pri:0, instance:com.example.framework.tests.HighVolumeUserApiTest@1ffe63b9]" started-at="2026-03-21T14:46:49 UTC" name="shouldCreateUsersUnderConcurrentLoad" data-provider="userPayloads" finished-at="2026-03-21T14:46:51 UTC" duration-ms="2680" status="PASS">
          <params>
            <param index="0">
              <value>
                <![CDATA[com.example.framework.model.CreateUserRequest@5178bc19]]>
              </value>
            </param>
          </params>
          <reporter-output>
          </reporter-output>
        </test-method> <!-- shouldCreateUsersUnderConcurrentLoad -->
        <test-method signature="shouldCreateUsersUnderConcurrentLoad(com.example.framework.model.CreateUserRequest)[pri:0, instance:com.example.framework.tests.HighVolumeUserApiTest@1ffe63b9]" started-at="2026-03-21T14:46:49 UTC" name="shouldCreateUsersUnderConcurrentLoad" data-provider="userPayloads" finished-at="2026-03-21T14:46:51 UTC" duration-ms="2680" status="PASS">
          <params>
            <param index="0">
              <value>
                <![CDATA[com.example.framework.model.CreateUserRequest@60ea6b0a]]>
              </value>
            </param>
          </params>
          <reporter-output>
          </reporter-output>
        </test-method> <!-- shouldCreateUsersUnderConcurrentLoad -->
        <test-method signature="shouldCreateUsersUnderConcurrentLoad(com.example.framework.model.CreateUserRequest)[pri:0, instance:com.example.framework.tests.HighVolumeUserApiTest@1ffe63b9]" started-at="2026-03-21T14:46:49 UTC" name="shouldCreateUsersUnderConcurrentLoad" data-provider="userPayloads" finished-at="2026-03-21T14:46:51 UTC" duration-ms="2677" status="PASS">
          <params>
            <param index="0">
              <value>
                <![CDATA[com.example.framework.model.CreateUserRequest@7c3b0149]]>
              </value>
            </param>
          </params>
          <reporter-output>
          </reporter-output>
        </test-method> <!-- shouldCreateUsersUnderConcurrentLoad -->
        <test-method signature="shouldCreateUsersUnderConcurrentLoad(com.example.framework.model.CreateUserRequest)[pri:0, instance:com.example.framework.tests.HighVolumeUserApiTest@1ffe63b9]" started-at="2026-03-21T14:46:51 UTC" name="shouldCreateUsersUnderConcurrentLoad" data-provider="userPayloads" finished-at="2026-03-21T14:46:51 UTC" duration-ms="85" status="PASS">
          <params>
            <param index="0">
              <value>
                <![CDATA[com.example.framework.model.CreateUserRequest@6692f0c5]]>
              </value>
            </param>
          </params>
          <reporter-output>
          </reporter-output>
        </test-method> <!-- shouldCreateUsersUnderConcurrentLoad -->
        <test-method signature="shouldCreateUsersUnderConcurrentLoad(com.example.framework.model.CreateUserRequest)[pri:0, instance:com.example.framework.tests.HighVolumeUserApiTest@1ffe63b9]" started-at="2026-03-21T14:46:51 UTC" name="shouldCreateUsersUnderConcurrentLoad" data-provider="userPayloads" finished-at="2026-03-21T14:46:51 UTC" duration-ms="69" status="PASS">
          <params>
            <param index="0">
              <value>
                <![CDATA[com.example.framework.model.CreateUserRequest@21ab8f1b]]>
              </value>
            </param>
          </params>
          <reporter-output>
          </reporter-output>
        </test-method> <!-- shouldCreateUsersUnderConcurrentLoad -->
        <test-method signature="shouldCreateUsersUnderConcurrentLoad(com.example.framework.model.CreateUserRequest)[pri:0, instance:com.example.framework.tests.HighVolumeUserApiTest@1ffe63b9]" started-at="2026-03-21T14:46:51 UTC" name="shouldCreateUsersUnderConcurrentLoad" data-provider="userPayloads" finished-at="2026-03-21T14:46:51 UTC" duration-ms="56" status="PASS">
          <params>
            <param index="0">
              <value>
                <![CDATA[com.example.framework.model.CreateUserRequest@36bf7d43]]>
              </value>
            </param>
          </params>
          <reporter-output>
          </reporter-output>
        </test-method> <!-- shouldCreateUsersUnderConcurrentLoad -->
        <test-method signature="shouldCreateUsersUnderConcurrentLoad(com.example.framework.model.CreateUserRequest)[pri:0, instance:com.example.framework.tests.HighVolumeUserApiTest@1ffe63b9]" started-at="2026-03-21T14:46:51 UTC" name="shouldCreateUsersUnderConcurrentLoad" data-provider="userPayloads" finished-at="2026-03-21T14:46:51 UTC" duration-ms="67" status="PASS">
          <params>
            <param index="0">
              <value>
                <![CDATA[com.example.framework.model.CreateUserRequest@5f1d09d8]]>
              </value>
            </param>
          </params>
          <reporter-output>
          </reporter-output>
        </test-method> <!-- shouldCreateUsersUnderConcurrentLoad -->
        <test-method signature="shouldCreateUsersUnderConcurrentLoad(com.example.framework.model.CreateUserRequest)[pri:0, instance:com.example.framework.tests.HighVolumeUserApiTest@1ffe63b9]" started-at="2026-03-21T14:46:51 UTC" name="shouldCreateUsersUnderConcurrentLoad" data-provider="userPayloads" finished-at="2026-03-21T14:46:51 UTC" duration-ms="66" status="PASS">
          <params>
            <param index="0">
              <value>
                <![CDATA[com.example.framework.model.CreateUserRequest@4da9bf9]]>
              </value>
            </param>
          </params>
          <reporter-output>
          </reporter-output>
        </test-method> <!-- shouldCreateUsersUnderConcurrentLoad -->
        <test-method signature="shouldCreateUsersUnderConcurrentLoad(com.example.framework.model.CreateUserRequest)[pri:0, instance:com.example.framework.tests.HighVolumeUserApiTest@1ffe63b9]" started-at="2026-03-21T14:46:51 UTC" name="shouldCreateUsersUnderConcurrentLoad" data-provider="userPayloads" finished-at="2026-03-21T14:46:51 UTC" duration-ms="68" status="PASS">
          <params>
            <param index="0">
              <value>
                <![CDATA[com.example.framework.model.CreateUserRequest@43a0e99d]]>
              </value>
            </param>
          </params>
          <reporter-output>
          </reporter-output>
        </test-method> <!-- shouldCreateUsersUnderConcurrentLoad -->
        <test-method signature="shouldCreateUsersUnderConcurrentLoad(com.example.framework.model.CreateUserRequest)[pri:0, instance:com.example.framework.tests.HighVolumeUserApiTest@1ffe63b9]" started-at="2026-03-21T14:46:51 UTC" name="shouldCreateUsersUnderConcurrentLoad" data-provider="userPayloads" finished-at="2026-03-21T14:46:51 UTC" duration-ms="53" status="PASS">
          <params>
            <param index="0">
              <value>
                <![CDATA[com.example.framework.model.CreateUserRequest@604277e9]]>
              </value>
            </param>
          </params>
          <reporter-output>
          </reporter-output>
        </test-method> <!-- shouldCreateUsersUnderConcurrentLoad -->
        <test-method signature="shouldCreateUsersUnderConcurrentLoad(com.example.framework.model.CreateUserRequest)[pri:0, instance:com.example.framework.tests.HighVolumeUserApiTest@1ffe63b9]" started-at="2026-03-21T14:46:51 UTC" name="shouldCreateUsersUnderConcurrentLoad" data-provider="userPayloads" finished-at="2026-03-21T14:46:51 UTC" duration-ms="80" status="PASS">
          <params>
            <param index="0">
              <value>
                <![CDATA[com.example.framework.model.CreateUserRequest@455cd5a7]]>
              </value>
            </param>
          </params>
          <reporter-output>
          </reporter-output>
        </test-method> <!-- shouldCreateUsersUnderConcurrentLoad -->
        <test-method signature="shouldCreateUsersUnderConcurrentLoad(com.example.framework.model.CreateUserRequest)[pri:0, instance:com.example.framework.tests.HighVolumeUserApiTest@1ffe63b9]" started-at="2026-03-21T14:46:51 UTC" name="shouldCreateUsersUnderConcurrentLoad" data-provider="userPayloads" finished-at="2026-03-21T14:46:51 UTC" duration-ms="63" status="PASS">
          <params>
            <param index="0">
              <value>
                <![CDATA[com.example.framework.model.CreateUserRequest@77ec6239]]>
              </value>
            </param>
          </params>
          <reporter-output>
          </reporter-output>
        </test-method> <!-- shouldCreateUsersUnderConcurrentLoad -->
        <test-method signature="shouldCreateUsersUnderConcurrentLoad(com.example.framework.model.CreateUserRequest)[pri:0, instance:com.example.framework.tests.HighVolumeUserApiTest@1ffe63b9]" started-at="2026-03-21T14:46:51 UTC" name="shouldCreateUsersUnderConcurrentLoad" data-provider="userPayloads" finished-at="2026-03-21T14:46:51 UTC" duration-ms="49" status="PASS">
          <params>
            <param index="0">
              <value>
                <![CDATA[com.example.framework.model.CreateUserRequest@64d1658e]]>
              </value>
            </param>
          </params>
          <reporter-output>
          </reporter-output>
        </test-method> <!-- shouldCreateUsersUnderConcurrentLoad -->
        <test-method signature="shouldCreateUsersUnderConcurrentLoad(com.example.framework.model.CreateUserRequest)[pri:0, instance:com.example.framework.tests.HighVolumeUserApiTest@1ffe63b9]" started-at="2026-03-21T14:46:51 UTC" name="shouldCreateUsersUnderConcurrentLoad" data-provider="userPayloads" finished-at="2026-03-21T14:46:51 UTC" duration-ms="143" status="PASS">
          <params>
            <param index="0">
              <value>
                <![CDATA[com.example.framework.model.CreateUserRequest@770acb61]]>
              </value>
            </param>
          </params>
          <reporter-output>
          </reporter-output>
        </test-method> <!-- shouldCreateUsersUnderConcurrentLoad -->
        <test-method signature="shouldCreateUsersUnderConcurrentLoad(com.example.framework.model.CreateUserRequest)[pri:0, instance:com.example.framework.tests.HighVolumeUserApiTest@1ffe63b9]" started-at="2026-03-21T14:46:51 UTC" name="shouldCreateUsersUnderConcurrentLoad" data-provider="userPayloads" finished-at="2026-03-21T14:46:51 UTC" duration-ms="101" status="PASS">
          <params>
            <param index="0">
              <value>
                <![CDATA[com.example.framework.model.CreateUserRequest@c820066]]>
              </value>
            </param>
          </params>
          <reporter-output>
          </reporter-output>
        </test-method> <!-- shouldCreateUsersUnderConcurrentLoad -->
        <test-method signature="shouldCreateUsersUnderConcurrentLoad(com.example.framework.model.CreateUserRequest)[pri:0, instance:com.example.framework.tests.HighVolumeUserApiTest@1ffe63b9]" started-at="2026-03-21T14:46:51 UTC" name="shouldCreateUsersUnderConcurrentLoad" data-provider="userPayloads" finished-at="2026-03-21T14:46:51 UTC" duration-ms="72" status="PASS">
          <params>
            <param index="0">
              <value>
                <![CDATA[com.example.framework.model.CreateUserRequest@7cbd37f0]]>
              </value>
            </param>
          </params>
          <reporter-output>
          </reporter-output>
        </test-method> <!-- shouldCreateUsersUnderConcurrentLoad -->
        <test-method signature="shouldCreateUsersUnderConcurrentLoad(com.example.framework.model.CreateUserRequest)[pri:0, instance:com.example.framework.tests.HighVolumeUserApiTest@1ffe63b9]" started-at="2026-03-21T14:46:51 UTC" name="shouldCreateUsersUnderConcurrentLoad" data-provider="userPayloads" finished-at="2026-03-21T14:46:51 UTC" duration-ms="38" status="PASS">
          <params>
            <param index="0">
              <value>
                <![CDATA[com.example.framework.model.CreateUserRequest@36a4d6af]]>
              </value>
            </param>
          </params>
          <reporter-output>
          </reporter-output>
        </test-method> <!-- shouldCreateUsersUnderConcurrentLoad -->
        <test-method signature="shouldCreateUsersUnderConcurrentLoad(com.example.framework.model.CreateUserRequest)[pri:0, instance:com.example.framework.tests.HighVolumeUserApiTest@1ffe63b9]" started-at="2026-03-21T14:46:51 UTC" name="shouldCreateUsersUnderConcurrentLoad" data-provider="userPayloads" finished-at="2026-03-21T14:46:51 UTC" duration-ms="82" status="PASS">
          <params>
            <param index="0">
              <value>
                <![CDATA[com.example.framework.model.CreateUserRequest@6b2d680f]]>
              </value>
            </param>
          </params>
          <reporter-output>
          </reporter-output>
        </test-method> <!-- shouldCreateUsersUnderConcurrentLoad -->
        <test-method signature="shouldCreateUsersUnderConcurrentLoad(com.example.framework.model.CreateUserRequest)[pri:0, instance:com.example.framework.tests.HighVolumeUserApiTest@1ffe63b9]" started-at="2026-03-21T14:46:51 UTC" name="shouldCreateUsersUnderConcurrentLoad" data-provider="userPayloads" finished-at="2026-03-21T14:46:51 UTC" duration-ms="81" status="PASS">
          <params>
            <param index="0">
              <value>
                <![CDATA[com.example.framework.model.CreateUserRequest@56d69ec0]]>
              </value>
            </param>
          </params>
          <reporter-output>
          </reporter-output>
        </test-method> <!-- shouldCreateUsersUnderConcurrentLoad -->
        <test-method signature="shouldCreateUsersUnderConcurrentLoad(com.example.framework.model.CreateUserRequest)[pri:0, instance:com.example.framework.tests.HighVolumeUserApiTest@1ffe63b9]" started-at="2026-03-21T14:46:51 UTC" name="shouldCreateUsersUnderConcurrentLoad" data-provider="userPayloads" finished-at="2026-03-21T14:46:51 UTC" duration-ms="76" status="PASS">
          <params>
            <param index="0">
              <value>
                <![CDATA[com.example.framework.model.CreateUserRequest@7ab6a1aa]]>
              </value>
            </param>
          </params>
          <reporter-output>
          </reporter-output>
        </test-method> <!-- shouldCreateUsersUnderConcurrentLoad -->
        <test-method signature="shouldCreateUsersUnderConcurrentLoad(com.example.framework.model.CreateUserRequest)[pri:0, instance:com.example.framework.tests.HighVolumeUserApiTest@1ffe63b9]" started-at="2026-03-21T14:46:51 UTC" name="shouldCreateUsersUnderConcurrentLoad" data-provider="userPayloads" finished-at="2026-03-21T14:46:51 UTC" duration-ms="83" status="PASS">
          <params>
            <param index="0">
              <value>
                <![CDATA[com.example.framework.model.CreateUserRequest@5b1af935]]>
              </value>
            </param>
          </params>
          <reporter-output>
          </reporter-output>
        </test-method> <!-- shouldCreateUsersUnderConcurrentLoad -->
        <test-method signature="shouldCreateUsersUnderConcurrentLoad(com.example.framework.model.CreateUserRequest)[pri:0, instance:com.example.framework.tests.HighVolumeUserApiTest@1ffe63b9]" started-at="2026-03-21T14:46:51 UTC" name="shouldCreateUsersUnderConcurrentLoad" data-provider="userPayloads" finished-at="2026-03-21T14:46:51 UTC" duration-ms="74" status="PASS">
          <params>
            <param index="0">
              <value>
                <![CDATA[com.example.framework.model.CreateUserRequest@ee9fc9b]]>
              </value>
            </param>
          </params>
          <reporter-output>
          </reporter-output>
        </test-method> <!-- shouldCreateUsersUnderConcurrentLoad -->
        <test-method signature="shouldCreateUsersUnderConcurrentLoad(com.example.framework.model.CreateUserRequest)[pri:0, instance:com.example.framework.tests.HighVolumeUserApiTest@1ffe63b9]" started-at="2026-03-21T14:46:51 UTC" name="shouldCreateUsersUnderConcurrentLoad" data-provider="userPayloads" finished-at="2026-03-21T14:46:51 UTC" duration-ms="76" status="PASS">
          <params>
            <param index="0">
              <value>
                <![CDATA[com.example.framework.model.CreateUserRequest@2e22afd1]]>
              </value>
            </param>
          </params>
          <reporter-output>
          </reporter-output>
        </test-method> <!-- shouldCreateUsersUnderConcurrentLoad -->
        <test-method signature="shouldCreateUsersUnderConcurrentLoad(com.example.framework.model.CreateUserRequest)[pri:0, instance:com.example.framework.tests.HighVolumeUserApiTest@1ffe63b9]" started-at="2026-03-21T14:46:51 UTC" name="shouldCreateUsersUnderConcurrentLoad" data-provider="userPayloads" finished-at="2026-03-21T14:46:51 UTC" duration-ms="70" status="PASS">
          <params>
            <param index="0">
              <value>
                <![CDATA[com.example.framework.model.CreateUserRequest@60990b64]]>
              </value>
            </param>
          </params>
          <reporter-output>
          </reporter-output>
        </test-method> <!-- shouldCreateUsersUnderConcurrentLoad -->
        <test-method signature="shouldCreateUsersUnderConcurrentLoad(com.example.framework.model.CreateUserRequest)[pri:0, instance:com.example.framework.tests.HighVolumeUserApiTest@1ffe63b9]" started-at="2026-03-21T14:46:51 UTC" name="shouldCreateUsersUnderConcurrentLoad" data-provider="userPayloads" finished-at="2026-03-21T14:46:51 UTC" duration-ms="48" status="PASS">
          <params>
            <param index="0">
              <value>
                <![CDATA[com.example.framework.model.CreateUserRequest@7adcf13f]]>
              </value>
            </param>
          </params>
          <reporter-output>
          </reporter-output>
        </test-method> <!-- shouldCreateUsersUnderConcurrentLoad -->
        <test-method signature="shouldCreateUsersUnderConcurrentLoad(com.example.framework.model.CreateUserRequest)[pri:0, instance:com.example.framework.tests.HighVolumeUserApiTest@1ffe63b9]" started-at="2026-03-21T14:46:51 UTC" name="shouldCreateUsersUnderConcurrentLoad" data-provider="userPayloads" finished-at="2026-03-21T14:46:51 UTC" duration-ms="66" status="PASS">
          <params>
            <param index="0">
              <value>
                <![CDATA[com.example.framework.model.CreateUserRequest@512f871c]]>
              </value>
            </param>
          </params>
          <reporter-output>
          </reporter-output>
        </test-method> <!-- shouldCreateUsersUnderConcurrentLoad -->
        <test-method signature="shouldCreateUsersUnderConcurrentLoad(com.example.framework.model.CreateUserRequest)[pri:0, instance:com.example.framework.tests.HighVolumeUserApiTest@1ffe63b9]" started-at="2026-03-21T14:46:51 UTC" name="shouldCreateUsersUnderConcurrentLoad" data-provider="userPayloads" finished-at="2026-03-21T14:46:51 UTC" duration-ms="65" status="PASS">
          <params>
            <param index="0">
              <value>
                <![CDATA[com.example.framework.model.CreateUserRequest@5972ad8a]]>
              </value>
            </param>
          </params>
          <reporter-output>
          </reporter-output>
        </test-method> <!-- shouldCreateUsersUnderConcurrentLoad -->
        <test-method signature="shouldCreateUsersUnderConcurrentLoad(com.example.framework.model.CreateUserRequest)[pri:0, instance:com.example.framework.tests.HighVolumeUserApiTest@1ffe63b9]" started-at="2026-03-21T14:46:51 UTC" name="shouldCreateUsersUnderConcurrentLoad" data-provider="userPayloads" finished-at="2026-03-21T14:46:51 UTC" duration-ms="63" status="PASS">
          <params>
            <param index="0">
              <value>
                <![CDATA[com.example.framework.model.CreateUserRequest@5b159a87]]>
              </value>
            </param>
          </params>
          <reporter-output>
          </reporter-output>
        </test-method> <!-- shouldCreateUsersUnderConcurrentLoad -->
        <test-method signature="shouldCreateUsersUnderConcurrentLoad(com.example.framework.model.CreateUserRequest)[pri:0, instance:com.example.framework.tests.HighVolumeUserApiTest@1ffe63b9]" started-at="2026-03-21T14:46:51 UTC" name="shouldCreateUsersUnderConcurrentLoad" data-provider="userPayloads" finished-at="2026-03-21T14:46:51 UTC" duration-ms="43" status="PASS">
          <params>
            <param index="0">
              <value>
                <![CDATA[com.example.framework.model.CreateUserRequest@473a4ba6]]>
              </value>
            </param>
          </params>
          <reporter-output>
          </reporter-output>
        </test-method> <!-- shouldCreateUsersUnderConcurrentLoad -->
        <test-method signature="shouldCreateUsersUnderConcurrentLoad(com.example.framework.model.CreateUserRequest)[pri:0, instance:com.example.framework.tests.HighVolumeUserApiTest@1ffe63b9]" started-at="2026-03-21T14:46:51 UTC" name="shouldCreateUsersUnderConcurrentLoad" data-provider="userPayloads" finished-at="2026-03-21T14:46:51 UTC" duration-ms="81" status="PASS">
          <params>
            <param index="0">
              <value>
                <![CDATA[com.example.framework.model.CreateUserRequest@4acb97da]]>
              </value>
            </param>
          </params>
          <reporter-output>
          </reporter-output>
        </test-method> <!-- shouldCreateUsersUnderConcurrentLoad -->
        <test-method signature="shouldCreateUsersUnderConcurrentLoad(com.example.framework.model.CreateUserRequest)[pri:0, instance:com.example.framework.tests.HighVolumeUserApiTest@1ffe63b9]" started-at="2026-03-21T14:46:51 UTC" name="shouldCreateUsersUnderConcurrentLoad" data-provider="userPayloads" finished-at="2026-03-21T14:46:51 UTC" duration-ms="75" status="PASS">
          <params>
            <param index="0">
              <value>
                <![CDATA[com.example.framework.model.CreateUserRequest@7990c187]]>
              </value>
            </param>
          </params>
          <reporter-output>
          </reporter-output>
        </test-method> <!-- shouldCreateUsersUnderConcurrentLoad -->
        <test-method signature="shouldCreateUsersUnderConcurrentLoad(com.example.framework.model.CreateUserRequest)[pri:0, instance:com.example.framework.tests.HighVolumeUserApiTest@1ffe63b9]" started-at="2026-03-21T14:46:51 UTC" name="shouldCreateUsersUnderConcurrentLoad" data-provider="userPayloads" finished-at="2026-03-21T14:46:51 UTC" duration-ms="86" status="PASS">
          <params>
            <param index="0">
              <value>
                <![CDATA[com.example.framework.model.CreateUserRequest@3732450e]]>
              </value>
            </param>
          </params>
          <reporter-output>
          </reporter-output>
        </test-method> <!-- shouldCreateUsersUnderConcurrentLoad -->
        <test-method signature="shouldCreateUsersUnderConcurrentLoad(com.example.framework.model.CreateUserRequest)[pri:0, instance:com.example.framework.tests.HighVolumeUserApiTest@1ffe63b9]" started-at="2026-03-21T14:46:51 UTC" name="shouldCreateUsersUnderConcurrentLoad" data-provider="userPayloads" finished-at="2026-03-21T14:46:51 UTC" duration-ms="74" status="PASS">
          <params>
            <param index="0">
              <value>
                <![CDATA[com.example.framework.model.CreateUserRequest@31b4afee]]>
              </value>
            </param>
          </params>
          <reporter-output>
          </reporter-output>
        </test-method> <!-- shouldCreateUsersUnderConcurrentLoad -->
        <test-method signature="shouldCreateUsersUnderConcurrentLoad(com.example.framework.model.CreateUserRequest)[pri:0, instance:com.example.framework.tests.HighVolumeUserApiTest@1ffe63b9]" started-at="2026-03-21T14:46:51 UTC" name="shouldCreateUsersUnderConcurrentLoad" data-provider="userPayloads" finished-at="2026-03-21T14:46:51 UTC" duration-ms="81" status="PASS">
          <params>
            <param index="0">
              <value>
                <![CDATA[com.example.framework.model.CreateUserRequest@3a4dcc6]]>
              </value>
            </param>
          </params>
          <reporter-output>
          </reporter-output>
        </test-method> <!-- shouldCreateUsersUnderConcurrentLoad -->
        <test-method signature="shouldCreateUsersUnderConcurrentLoad(com.example.framework.model.CreateUserRequest)[pri:0, instance:com.example.framework.tests.HighVolumeUserApiTest@1ffe63b9]" started-at="2026-03-21T14:46:51 UTC" name="shouldCreateUsersUnderConcurrentLoad" data-provider="userPayloads" finished-at="2026-03-21T14:46:51 UTC" duration-ms="61" status="PASS">
          <params>
            <param index="0">
              <value>
                <![CDATA[com.example.framework.model.CreateUserRequest@26247736]]>
              </value>
            </param>
          </params>
          <reporter-output>
          </reporter-output>
        </test-method> <!-- shouldCreateUsersUnderConcurrentLoad -->
        <test-method signature="shouldCreateUsersUnderConcurrentLoad(com.example.framework.model.CreateUserRequest)[pri:0, instance:com.example.framework.tests.HighVolumeUserApiTest@1ffe63b9]" started-at="2026-03-21T14:46:51 UTC" name="shouldCreateUsersUnderConcurrentLoad" data-provider="userPayloads" finished-at="2026-03-21T14:46:51 UTC" duration-ms="75" status="PASS">
          <params>
            <param index="0">
              <value>
                <![CDATA[com.example.framework.model.CreateUserRequest@2dba8f02]]>
              </value>
            </param>
          </params>
          <reporter-output>
          </reporter-output>
        </test-method> <!-- shouldCreateUsersUnderConcurrentLoad -->
        <test-method signature="shouldCreateUsersUnderConcurrentLoad(com.example.framework.model.CreateUserRequest)[pri:0, instance:com.example.framework.tests.HighVolumeUserApiTest@1ffe63b9]" started-at="2026-03-21T14:46:51 UTC" name="shouldCreateUsersUnderConcurrentLoad" data-provider="userPayloads" finished-at="2026-03-21T14:46:51 UTC" duration-ms="76" status="PASS">
          <params>
            <param index="0">
              <value>
                <![CDATA[com.example.framework.model.CreateUserRequest@db9d014]]>
              </value>
            </param>
          </params>
          <reporter-output>
          </reporter-output>
        </test-method> <!-- shouldCreateUsersUnderConcurrentLoad -->
        <test-method signature="shouldCreateUsersUnderConcurrentLoad(com.example.framework.model.CreateUserRequest)[pri:0, instance:com.example.framework.tests.HighVolumeUserApiTest@1ffe63b9]" started-at="2026-03-21T14:46:51 UTC" name="shouldCreateUsersUnderConcurrentLoad" data-provider="userPayloads" finished-at="2026-03-21T14:46:51 UTC" duration-ms="76" status="PASS">
          <params>
            <param index="0">
              <value>
                <![CDATA[com.example.framework.model.CreateUserRequest@557d774b]]>
              </value>
            </param>
          </params>
          <reporter-output>
          </reporter-output>
        </test-method> <!-- shouldCreateUsersUnderConcurrentLoad -->
        <test-method signature="shouldCreateUsersUnderConcurrentLoad(com.example.framework.model.CreateUserRequest)[pri:0, instance:com.example.framework.tests.HighVolumeUserApiTest@1ffe63b9]" started-at="2026-03-21T14:46:51 UTC" name="shouldCreateUsersUnderConcurrentLoad" data-provider="userPayloads" finished-at="2026-03-21T14:46:51 UTC" duration-ms="71" status="PASS">
          <params>
            <param index="0">
              <value>
                <![CDATA[com.example.framework.model.CreateUserRequest@3d5ecbb8]]>
              </value>
            </param>
          </params>
          <reporter-output>
          </reporter-output>
        </test-method> <!-- shouldCreateUsersUnderConcurrentLoad -->
        <test-method signature="shouldCreateUsersUnderConcurrentLoad(com.example.framework.model.CreateUserRequest)[pri:0, instance:com.example.framework.tests.HighVolumeUserApiTest@1ffe63b9]" started-at="2026-03-21T14:46:51 UTC" name="shouldCreateUsersUnderConcurrentLoad" data-provider="userPayloads" finished-at="2026-03-21T14:46:51 UTC" duration-ms="67" status="PASS">
          <params>
            <param index="0">
              <value>
                <![CDATA[com.example.framework.model.CreateUserRequest@3f68ea11]]>
              </value>
            </param>
          </params>
          <reporter-output>
          </reporter-output>
        </test-method> <!-- shouldCreateUsersUnderConcurrentLoad -->
        <test-method signature="shouldCreateUsersUnderConcurrentLoad(com.example.framework.model.CreateUserRequest)[pri:0, instance:com.example.framework.tests.HighVolumeUserApiTest@1ffe63b9]" started-at="2026-03-21T14:46:51 UTC" name="shouldCreateUsersUnderConcurrentLoad" data-provider="userPayloads" finished-at="2026-03-21T14:46:51 UTC" duration-ms="89" status="PASS">
          <params>
            <param index="0">
              <value>
                <![CDATA[com.example.framework.model.CreateUserRequest@275dda1]]>
              </value>
            </param>
          </params>
          <reporter-output>
          </reporter-output>
        </test-method> <!-- shouldCreateUsersUnderConcurrentLoad -->
        <test-method signature="shouldCreateUsersUnderConcurrentLoad(com.example.framework.model.CreateUserRequest)[pri:0, instance:com.example.framework.tests.HighVolumeUserApiTest@1ffe63b9]" started-at="2026-03-21T14:46:51 UTC" name="shouldCreateUsersUnderConcurrentLoad" data-provider="userPayloads" finished-at="2026-03-21T14:46:51 UTC" duration-ms="74" status="PASS">
          <params>
            <param index="0">
              <value>
                <![CDATA[com.example.framework.model.CreateUserRequest@781a9ed8]]>
              </value>
            </param>
          </params>
          <reporter-output>
          </reporter-output>
        </test-method> <!-- shouldCreateUsersUnderConcurrentLoad -->
        <test-method signature="shouldCreateUsersUnderConcurrentLoad(com.example.framework.model.CreateUserRequest)[pri:0, instance:com.example.framework.tests.HighVolumeUserApiTest@1ffe63b9]" started-at="2026-03-21T14:46:51 UTC" name="shouldCreateUsersUnderConcurrentLoad" data-provider="userPayloads" finished-at="2026-03-21T14:46:51 UTC" duration-ms="62" status="PASS">
          <params>
            <param index="0">
              <value>
                <![CDATA[com.example.framework.model.CreateUserRequest@3a4ed623]]>
              </value>
            </param>
          </params>
          <reporter-output>
          </reporter-output>
        </test-method> <!-- shouldCreateUsersUnderConcurrentLoad -->
        <test-method signature="shouldCreateUsersUnderConcurrentLoad(com.example.framework.model.CreateUserRequest)[pri:0, instance:com.example.framework.tests.HighVolumeUserApiTest@1ffe63b9]" started-at="2026-03-21T14:46:51 UTC" name="shouldCreateUsersUnderConcurrentLoad" data-provider="userPayloads" finished-at="2026-03-21T14:46:51 UTC" duration-ms="70" status="PASS">
          <params>
            <param index="0">
              <value>
                <![CDATA[com.example.framework.model.CreateUserRequest@1abae472]]>
              </value>
            </param>
          </params>
          <reporter-output>
          </reporter-output>
        </test-method> <!-- shouldCreateUsersUnderConcurrentLoad -->
        <test-method signature="shouldCreateUsersUnderConcurrentLoad(com.example.framework.model.CreateUserRequest)[pri:0, instance:com.example.framework.tests.HighVolumeUserApiTest@1ffe63b9]" started-at="2026-03-21T14:46:51 UTC" name="shouldCreateUsersUnderConcurrentLoad" data-provider="userPayloads" finished-at="2026-03-21T14:46:51 UTC" duration-ms="75" status="PASS">
          <params>
            <param index="0">
              <value>
                <![CDATA[com.example.framework.model.CreateUserRequest@1aec3dcb]]>
              </value>
            </param>
          </params>
          <reporter-output>
          </reporter-output>
        </test-method> <!-- shouldCreateUsersUnderConcurrentLoad -->
        <test-method signature="shouldCreateUsersUnderConcurrentLoad(com.example.framework.model.CreateUserRequest)[pri:0, instance:com.example.framework.tests.HighVolumeUserApiTest@1ffe63b9]" started-at="2026-03-21T14:46:51 UTC" name="shouldCreateUsersUnderConcurrentLoad" data-provider="userPayloads" finished-at="2026-03-21T14:46:51 UTC" duration-ms="69" status="PASS">
          <params>
            <param index="0">
              <value>
                <![CDATA[com.example.framework.model.CreateUserRequest@1cdedf3f]]>
              </value>
            </param>
          </params>
          <reporter-output>
          </reporter-output>
        </test-method> <!-- shouldCreateUsersUnderConcurrentLoad -->
        <test-method signature="shouldCreateUsersUnderConcurrentLoad(com.example.framework.model.CreateUserRequest)[pri:0, instance:com.example.framework.tests.HighVolumeUserApiTest@1ffe63b9]" started-at="2026-03-21T14:46:51 UTC" name="shouldCreateUsersUnderConcurrentLoad" data-provider="userPayloads" finished-at="2026-03-21T14:46:51 UTC" duration-ms="62" status="PASS">
          <params>
            <param index="0">
              <value>
                <![CDATA[com.example.framework.model.CreateUserRequest@698ca059]]>
              </value>
            </param>
          </params>
          <reporter-output>
          </reporter-output>
        </test-method> <!-- shouldCreateUsersUnderConcurrentLoad -->
        <test-method signature="shouldCreateUsersUnderConcurrentLoad(com.example.framework.model.CreateUserRequest)[pri:0, instance:com.example.framework.tests.HighVolumeUserApiTest@1ffe63b9]" started-at="2026-03-21T14:46:51 UTC" name="shouldCreateUsersUnderConcurrentLoad" data-provider="userPayloads" finished-at="2026-03-21T14:46:51 UTC" duration-ms="67" status="PASS">
          <params>
            <param index="0">
              <value>
                <![CDATA[com.example.framework.model.CreateUserRequest@771ab8d1]]>
              </value>
            </param>
          </params>
          <reporter-output>
          </reporter-output>
        </test-method> <!-- shouldCreateUsersUnderConcurrentLoad -->
        <test-method signature="shouldCreateUsersUnderConcurrentLoad(com.example.framework.model.CreateUserRequest)[pri:0, instance:com.example.framework.tests.HighVolumeUserApiTest@1ffe63b9]" started-at="2026-03-21T14:46:51 UTC" name="shouldCreateUsersUnderConcurrentLoad" data-provider="userPayloads" finished-at="2026-03-21T14:46:51 UTC" duration-ms="56" status="PASS">
          <params>
            <param index="0">
              <value>
                <![CDATA[com.example.framework.model.CreateUserRequest@376a7bf0]]>
              </value>
            </param>
          </params>
          <reporter-output>
          </reporter-output>
        </test-method> <!-- shouldCreateUsersUnderConcurrentLoad -->
        <test-method signature="shouldCreateUsersUnderConcurrentLoad(com.example.framework.model.CreateUserRequest)[pri:0, instance:com.example.framework.tests.HighVolumeUserApiTest@1ffe63b9]" started-at="2026-03-21T14:46:51 UTC" name="shouldCreateUsersUnderConcurrentLoad" data-provider="userPayloads" finished-at="2026-03-21T14:46:51 UTC" duration-ms="52" status="PASS">
          <params>
            <param index="0">
              <value>
                <![CDATA[com.example.framework.model.CreateUserRequest@6930c456]]>
              </value>
            </param>
          </params>
          <reporter-output>
          </reporter-output>
        </test-method> <!-- shouldCreateUsersUnderConcurrentLoad -->
        <test-method signature="shouldCreateUsersUnderConcurrentLoad(com.example.framework.model.CreateUserRequest)[pri:0, instance:com.example.framework.tests.HighVolumeUserApiTest@1ffe63b9]" started-at="2026-03-21T14:46:51 UTC" name="shouldCreateUsersUnderConcurrentLoad" data-provider="userPayloads" finished-at="2026-03-21T14:46:51 UTC" duration-ms="60" status="PASS">
          <params>
            <param index="0">
              <value>
                <![CDATA[com.example.framework.model.CreateUserRequest@19307977]]>
              </value>
            </param>
          </params>
          <reporter-output>
          </reporter-output>
        </test-method> <!-- shouldCreateUsersUnderConcurrentLoad -->
        <test-method signature="shouldCreateUsersUnderConcurrentLoad(com.example.framework.model.CreateUserRequest)[pri:0, instance:com.example.framework.tests.HighVolumeUserApiTest@1ffe63b9]" started-at="2026-03-21T14:46:51 UTC" name="shouldCreateUsersUnderConcurrentLoad" data-provider="userPayloads" finished-at="2026-03-21T14:46:51 UTC" duration-ms="39" status="PASS">
          <params>
            <param index="0">
              <value>
                <![CDATA[com.example.framework.model.CreateUserRequest@3408b1e0]]>
              </value>
            </param>
          </params>
          <reporter-output>
          </reporter-output>
        </test-method> <!-- shouldCreateUsersUnderConcurrentLoad -->
        <test-method signature="shouldCreateUsersUnderConcurrentLoad(com.example.framework.model.CreateUserRequest)[pri:0, instance:com.example.framework.tests.HighVolumeUserApiTest@1ffe63b9]" started-at="2026-03-21T14:46:51 UTC" name="shouldCreateUsersUnderConcurrentLoad" data-provider="userPayloads" finished-at="2026-03-21T14:46:52 UTC" duration-ms="75" status="PASS">
          <params>
            <param index="0">
              <value>
                <![CDATA[com.example.framework.model.CreateUserRequest@54cab418]]>
              </value>
            </param>
          </params>
          <reporter-output>
          </reporter-output>
        </test-method> <!-- shouldCreateUsersUnderConcurrentLoad -->
        <test-method signature="shouldCreateUsersUnderConcurrentLoad(com.example.framework.model.CreateUserRequest)[pri:0, instance:com.example.framework.tests.HighVolumeUserApiTest@1ffe63b9]" started-at="2026-03-21T14:46:51 UTC" name="shouldCreateUsersUnderConcurrentLoad" data-provider="userPayloads" finished-at="2026-03-21T14:46:52 UTC" duration-ms="52" status="PASS">
          <params>
            <param index="0">
              <value>
                <![CDATA[com.example.framework.model.CreateUserRequest@79667172]]>
              </value>
            </param>
          </params>
          <reporter-output>
          </reporter-output>
        </test-method> <!-- shouldCreateUsersUnderConcurrentLoad -->
        <test-method signature="shouldCreateUsersUnderConcurrentLoad(com.example.framework.model.CreateUserRequest)[pri:0, instance:com.example.framework.tests.HighVolumeUserApiTest@1ffe63b9]" started-at="2026-03-21T14:46:51 UTC" name="shouldCreateUsersUnderConcurrentLoad" data-provider="userPayloads" finished-at="2026-03-21T14:46:52 UTC" duration-ms="138" status="PASS">
          <params>
            <param index="0">
              <value>
                <![CDATA[com.example.framework.model.CreateUserRequest@1062b893]]>
              </value>
            </param>
          </params>
          <reporter-output>
          </reporter-output>
        </test-method> <!-- shouldCreateUsersUnderConcurrentLoad -->
        <test-method signature="shouldCreateUsersUnderConcurrentLoad(com.example.framework.model.CreateUserRequest)[pri:0, instance:com.example.framework.tests.HighVolumeUserApiTest@1ffe63b9]" started-at="2026-03-21T14:46:51 UTC" name="shouldCreateUsersUnderConcurrentLoad" data-provider="userPayloads" finished-at="2026-03-21T14:46:52 UTC" duration-ms="134" status="PASS">
          <params>
            <param index="0">
              <value>
                <![CDATA[com.example.framework.model.CreateUserRequest@60a5bed9]]>
              </value>
            </param>
          </params>
          <reporter-output>
          </reporter-output>
        </test-method> <!-- shouldCreateUsersUnderConcurrentLoad -->
        <test-method signature="shouldCreateUsersUnderConcurrentLoad(com.example.framework.model.CreateUserRequest)[pri:0, instance:com.example.framework.tests.HighVolumeUserApiTest@1ffe63b9]" started-at="2026-03-21T14:46:51 UTC" name="shouldCreateUsersUnderConcurrentLoad" data-provider="userPayloads" finished-at="2026-03-21T14:46:52 UTC" duration-ms="99" status="PASS">
          <params>
            <param index="0">
              <value>
                <![CDATA[com.example.framework.model.CreateUserRequest@49f6e6aa]]>
              </value>
            </param>
          </params>
          <reporter-output>
          </reporter-output>
        </test-method> <!-- shouldCreateUsersUnderConcurrentLoad -->
        <test-method signature="shouldCreateUsersUnderConcurrentLoad(com.example.framework.model.CreateUserRequest)[pri:0, instance:com.example.framework.tests.HighVolumeUserApiTest@1ffe63b9]" started-at="2026-03-21T14:46:51 UTC" name="shouldCreateUsersUnderConcurrentLoad" data-provider="userPayloads" finished-at="2026-03-21T14:46:52 UTC" duration-ms="148" status="PASS">
          <params>
            <param index="0">
              <value>
                <![CDATA[com.example.framework.model.CreateUserRequest@64b4e87c]]>
              </value>
            </param>
          </params>
          <reporter-output>
          </reporter-output>
        </test-method> <!-- shouldCreateUsersUnderConcurrentLoad -->
        <test-method signature="shouldCreateUsersUnderConcurrentLoad(com.example.framework.model.CreateUserRequest)[pri:0, instance:com.example.framework.tests.HighVolumeUserApiTest@1ffe63b9]" started-at="2026-03-21T14:46:51 UTC" name="shouldCreateUsersUnderConcurrentLoad" data-provider="userPayloads" finished-at="2026-03-21T14:46:52 UTC" duration-ms="134" status="PASS">
          <params>
            <param index="0">
              <value>
                <![CDATA[com.example.framework.model.CreateUserRequest@24fecea7]]>
              </value>
            </param>
          </params>
          <reporter-output>
          </reporter-output>
        </test-method> <!-- shouldCreateUsersUnderConcurrentLoad -->
        <test-method signature="shouldCreateUsersUnderConcurrentLoad(com.example.framework.model.CreateUserRequest)[pri:0, instance:com.example.framework.tests.HighVolumeUserApiTest@1ffe63b9]" started-at="2026-03-21T14:46:51 UTC" name="shouldCreateUsersUnderConcurrentLoad" data-provider="userPayloads" finished-at="2026-03-21T14:46:52 UTC" duration-ms="153" status="PASS">
          <params>
            <param index="0">
              <value>
                <![CDATA[com.example.framework.model.CreateUserRequest@3c6b6c54]]>
              </value>
            </param>
          </params>
          <reporter-output>
          </reporter-output>
        </test-method> <!-- shouldCreateUsersUnderConcurrentLoad -->
        <test-method signature="shouldCreateUsersUnderConcurrentLoad(com.example.framework.model.CreateUserRequest)[pri:0, instance:com.example.framework.tests.HighVolumeUserApiTest@1ffe63b9]" started-at="2026-03-21T14:46:51 UTC" name="shouldCreateUsersUnderConcurrentLoad" data-provider="userPayloads" finished-at="2026-03-21T14:46:52 UTC" duration-ms="127" status="PASS">
          <params>
            <param index="0">
              <value>
                <![CDATA[com.example.framework.model.CreateUserRequest@24f106a7]]>
              </value>
            </param>
          </params>
          <reporter-output>
          </reporter-output>
        </test-method> <!-- shouldCreateUsersUnderConcurrentLoad -->
        <test-method signature="shouldCreateUsersUnderConcurrentLoad(com.example.framework.model.CreateUserRequest)[pri:0, instance:com.example.framework.tests.HighVolumeUserApiTest@1ffe63b9]" started-at="2026-03-21T14:46:51 UTC" name="shouldCreateUsersUnderConcurrentLoad" data-provider="userPayloads" finished-at="2026-03-21T14:46:52 UTC" duration-ms="121" status="PASS">
          <params>
            <param index="0">
              <value>
                <![CDATA[com.example.framework.model.CreateUserRequest@6baa7c7]]>
              </value>
            </param>
          </params>
          <reporter-output>
          </reporter-output>
        </test-method> <!-- shouldCreateUsersUnderConcurrentLoad -->
        <test-method signature="shouldCreateUsersUnderConcurrentLoad(com.example.framework.model.CreateUserRequest)[pri:0, instance:com.example.framework.tests.HighVolumeUserApiTest@1ffe63b9]" started-at="2026-03-21T14:46:51 UTC" name="shouldCreateUsersUnderConcurrentLoad" data-provider="userPayloads" finished-at="2026-03-21T14:46:52 UTC" duration-ms="125" status="PASS">
          <params>
            <param index="0">
              <value>
                <![CDATA[com.example.framework.model.CreateUserRequest@476aec14]]>
              </value>
            </param>
          </params>
          <reporter-output>
          </reporter-output>
        </test-method> <!-- shouldCreateUsersUnderConcurrentLoad -->
        <test-method signature="shouldCreateUsersUnderConcurrentLoad(com.example.framework.model.CreateUserRequest)[pri:0, instance:com.example.framework.tests.HighVolumeUserApiTest@1ffe63b9]" started-at="2026-03-21T14:46:51 UTC" name="shouldCreateUsersUnderConcurrentLoad" data-provider="userPayloads" finished-at="2026-03-21T14:46:52 UTC" duration-ms="138" status="PASS">
          <params>
            <param index="0">
              <value>
                <![CDATA[com.example.framework.model.CreateUserRequest@314abc0f]]>
              </value>
            </param>
          </params>
          <reporter-output>
          </reporter-output>
        </test-method> <!-- shouldCreateUsersUnderConcurrentLoad -->
        <test-method signature="shouldCreateUsersUnderConcurrentLoad(com.example.framework.model.CreateUserRequest)[pri:0, instance:com.example.framework.tests.HighVolumeUserApiTest@1ffe63b9]" started-at="2026-03-21T14:46:51 UTC" name="shouldCreateUsersUnderConcurrentLoad" data-provider="userPayloads" finished-at="2026-03-21T14:46:52 UTC" duration-ms="109" status="PASS">
          <params>
            <param index="0">
              <value>
                <![CDATA[com.example.framework.model.CreateUserRequest@19b45a5c]]>
              </value>
            </param>
          </params>
          <reporter-output>
          </reporter-output>
        </test-method> <!-- shouldCreateUsersUnderConcurrentLoad -->
        <test-method signature="shouldCreateUsersUnderConcurrentLoad(com.example.framework.model.CreateUserRequest)[pri:0, instance:com.example.framework.tests.HighVolumeUserApiTest@1ffe63b9]" started-at="2026-03-21T14:46:51 UTC" name="shouldCreateUsersUnderConcurrentLoad" data-provider="userPayloads" finished-at="2026-03-21T14:46:52 UTC" duration-ms="24" status="PASS">
          <params>
            <param index="0">
              <value>
                <![CDATA[com.example.framework.model.CreateUserRequest@29460e0c]]>
              </value>
            </param>
          </params>
          <reporter-output>
          </reporter-output>
        </test-method> <!-- shouldCreateUsersUnderConcurrentLoad -->
        <test-method signature="shouldCreateUsersUnderConcurrentLoad(com.example.framework.model.CreateUserRequest)[pri:0, instance:com.example.framework.tests.HighVolumeUserApiTest@1ffe63b9]" started-at="2026-03-21T14:46:51 UTC" name="shouldCreateUsersUnderConcurrentLoad" data-provider="userPayloads" finished-at="2026-03-21T14:46:52 UTC" duration-ms="38" status="PASS">
          <params>
            <param index="0">
              <value>
                <![CDATA[com.example.framework.model.CreateUserRequest@638b61ed]]>
              </value>
            </param>
          </params>
          <reporter-output>
          </reporter-output>
        </test-method> <!-- shouldCreateUsersUnderConcurrentLoad -->
        <test-method signature="shouldCreateUsersUnderConcurrentLoad(com.example.framework.model.CreateUserRequest)[pri:0, instance:com.example.framework.tests.HighVolumeUserApiTest@1ffe63b9]" started-at="2026-03-21T14:46:51 UTC" name="shouldCreateUsersUnderConcurrentLoad" data-provider="userPayloads" finished-at="2026-03-21T14:46:52 UTC" duration-ms="28" status="PASS">
          <params>
            <param index="0">
              <value>
                <![CDATA[com.example.framework.model.CreateUserRequest@49e08917]]>
              </value>
            </param>
          </params>
          <reporter-output>
          </reporter-output>
        </test-method> <!-- shouldCreateUsersUnderConcurrentLoad -->
        <test-method signature="shouldCreateUsersUnderConcurrentLoad(com.example.framework.model.CreateUserRequest)[pri:0, instance:com.example.framework.tests.HighVolumeUserApiTest@1ffe63b9]" started-at="2026-03-21T14:46:51 UTC" name="shouldCreateUsersUnderConcurrentLoad" data-provider="userPayloads" finished-at="2026-03-21T14:46:52 UTC" duration-ms="110" status="PASS">
          <params>
            <param index="0">
              <value>
                <![CDATA[com.example.framework.model.CreateUserRequest@211a6356]]>
              </value>
            </param>
          </params>
          <reporter-output>
          </reporter-output>
        </test-method> <!-- shouldCreateUsersUnderConcurrentLoad -->
        <test-method signature="shouldCreateUsersUnderConcurrentLoad(com.example.framework.model.CreateUserRequest)[pri:0, instance:com.example.framework.tests.HighVolumeUserApiTest@1ffe63b9]" started-at="2026-03-21T14:46:51 UTC" name="shouldCreateUsersUnderConcurrentLoad" data-provider="userPayloads" finished-at="2026-03-21T14:46:52 UTC" duration-ms="109" status="PASS">
          <params>
            <param index="0">
              <value>
                <![CDATA[com.example.framework.model.CreateUserRequest@5171d26e]]>
              </value>
            </param>
          </params>
          <reporter-output>
          </reporter-output>
        </test-method> <!-- shouldCreateUsersUnderConcurrentLoad -->
        <test-method signature="shouldCreateUsersUnderConcurrentLoad(com.example.framework.model.CreateUserRequest)[pri:0, instance:com.example.framework.tests.HighVolumeUserApiTest@1ffe63b9]" started-at="2026-03-21T14:46:51 UTC" name="shouldCreateUsersUnderConcurrentLoad" data-provider="userPayloads" finished-at="2026-03-21T14:46:52 UTC" duration-ms="140" status="PASS">
          <params>
            <param index="0">
              <value>
                <![CDATA[com.example.framework.model.CreateUserRequest@579c8a3d]]>
              </value>
            </param>
          </params>
          <reporter-output>
          </reporter-output>
        </test-method> <!-- shouldCreateUsersUnderConcurrentLoad -->
        <test-method signature="shouldCreateUsersUnderConcurrentLoad(com.example.framework.model.CreateUserRequest)[pri:0, instance:com.example.framework.tests.HighVolumeUserApiTest@1ffe63b9]" started-at="2026-03-21T14:46:51 UTC" name="shouldCreateUsersUnderConcurrentLoad" data-provider="userPayloads" finished-at="2026-03-21T14:46:52 UTC" duration-ms="157" status="PASS">
          <params>
            <param index="0">
              <value>
                <![CDATA[com.example.framework.model.CreateUserRequest@581ee0d2]]>
              </value>
            </param>
          </params>
          <reporter-output>
          </reporter-output>
        </test-method> <!-- shouldCreateUsersUnderConcurrentLoad -->
        <test-method signature="shouldCreateUsersUnderConcurrentLoad(com.example.framework.model.CreateUserRequest)[pri:0, instance:com.example.framework.tests.HighVolumeUserApiTest@1ffe63b9]" started-at="2026-03-21T14:46:51 UTC" name="shouldCreateUsersUnderConcurrentLoad" data-provider="userPayloads" finished-at="2026-03-21T14:46:52 UTC" duration-ms="125" status="PASS">
          <params>
            <param index="0">
              <value>
                <![CDATA[com.example.framework.model.CreateUserRequest@2d7b80d7]]>
              </value>
            </param>
          </params>
          <reporter-output>
          </reporter-output>
        </test-method> <!-- shouldCreateUsersUnderConcurrentLoad -->
        <test-method signature="shouldCreateUsersUnderConcurrentLoad(com.example.framework.model.CreateUserRequest)[pri:0, instance:com.example.framework.tests.HighVolumeUserApiTest@1ffe63b9]" started-at="2026-03-21T14:46:51 UTC" name="shouldCreateUsersUnderConcurrentLoad" data-provider="userPayloads" finished-at="2026-03-21T14:46:52 UTC" duration-ms="150" status="PASS">
          <params>
            <param index="0">
              <value>
                <![CDATA[com.example.framework.model.CreateUserRequest@54a428d]]>
              </value>
            </param>
          </params>
          <reporter-output>
          </reporter-output>
        </test-method> <!-- shouldCreateUsersUnderConcurrentLoad -->
        <test-method signature="shouldCreateUsersUnderConcurrentLoad(com.example.framework.model.CreateUserRequest)[pri:0, instance:com.example.framework.tests.HighVolumeUserApiTest@1ffe63b9]" started-at="2026-03-21T14:46:52 UTC" name="shouldCreateUsersUnderConcurrentLoad" data-provider="userPayloads" finished-at="2026-03-21T14:46:52 UTC" duration-ms="117" status="PASS">
          <params>
            <param index="0">
              <value>
                <![CDATA[com.example.framework.model.CreateUserRequest@e62f35c]]>
              </value>
            </param>
          </params>
          <reporter-output>
          </reporter-output>
        </test-method> <!-- shouldCreateUsersUnderConcurrentLoad -->
        <test-method signature="shouldCreateUsersUnderConcurrentLoad(com.example.framework.model.CreateUserRequest)[pri:0, instance:com.example.framework.tests.HighVolumeUserApiTest@1ffe63b9]" started-at="2026-03-21T14:46:52 UTC" name="shouldCreateUsersUnderConcurrentLoad" data-provider="userPayloads" finished-at="2026-03-21T14:46:52 UTC" duration-ms="119" status="PASS">
          <params>
            <param index="0">
              <value>
                <![CDATA[com.example.framework.model.CreateUserRequest@131b6c02]]>
              </value>
            </param>
          </params>
          <reporter-output>
          </reporter-output>
        </test-method> <!-- shouldCreateUsersUnderConcurrentLoad -->
        <test-method signature="shouldCreateUsersUnderConcurrentLoad(com.example.framework.model.CreateUserRequest)[pri:0, instance:com.example.framework.tests.HighVolumeUserApiTest@1ffe63b9]" started-at="2026-03-21T14:46:52 UTC" name="shouldCreateUsersUnderConcurrentLoad" data-provider="userPayloads" finished-at="2026-03-21T14:46:52 UTC" duration-ms="63" status="PASS">
          <params>
            <param index="0">
              <value>
                <![CDATA[com.example.framework.model.CreateUserRequest@75a7b684]]>
              </value>
            </param>
          </params>
          <reporter-output>
          </reporter-output>
        </test-method> <!-- shouldCreateUsersUnderConcurrentLoad -->
        <test-method signature="shouldCreateUsersUnderConcurrentLoad(com.example.framework.model.CreateUserRequest)[pri:0, instance:com.example.framework.tests.HighVolumeUserApiTest@1ffe63b9]" started-at="2026-03-21T14:46:52 UTC" name="shouldCreateUsersUnderConcurrentLoad" data-provider="userPayloads" finished-at="2026-03-21T14:46:52 UTC" duration-ms="74" status="PASS">
          <params>
            <param index="0">
              <value>
                <![CDATA[com.example.framework.model.CreateUserRequest@68f48e27]]>
              </value>
            </param>
          </params>
          <reporter-output>
          </reporter-output>
        </test-method> <!-- shouldCreateUsersUnderConcurrentLoad -->
        <test-method signature="shouldCreateUsersUnderConcurrentLoad(com.example.framework.model.CreateUserRequest)[pri:0, instance:com.example.framework.tests.HighVolumeUserApiTest@1ffe63b9]" started-at="2026-03-21T14:46:52 UTC" name="shouldCreateUsersUnderConcurrentLoad" data-provider="userPayloads" finished-at="2026-03-21T14:46:52 UTC" duration-ms="143" status="PASS">
          <params>
            <param index="0">
              <value>
                <![CDATA[com.example.framework.model.CreateUserRequest@1fb0a740]]>
              </value>
            </param>
          </params>
          <reporter-output>
          </reporter-output>
        </test-method> <!-- shouldCreateUsersUnderConcurrentLoad -->
        <test-method signature="shouldCreateUsersUnderConcurrentLoad(com.example.framework.model.CreateUserRequest)[pri:0, instance:com.example.framework.tests.HighVolumeUserApiTest@1ffe63b9]" started-at="2026-03-21T14:46:52 UTC" name="shouldCreateUsersUnderConcurrentLoad" data-provider="userPayloads" finished-at="2026-03-21T14:46:52 UTC" duration-ms="109" status="PASS">
          <params>
            <param index="0">
              <value>
                <![CDATA[com.example.framework.model.CreateUserRequest@bbd13ea]]>
              </value>
            </param>
          </params>
          <reporter-output>
          </reporter-output>
        </test-method> <!-- shouldCreateUsersUnderConcurrentLoad -->
        <test-method signature="shouldCreateUsersUnderConcurrentLoad(com.example.framework.model.CreateUserRequest)[pri:0, instance:com.example.framework.tests.HighVolumeUserApiTest@1ffe63b9]" started-at="2026-03-21T14:46:52 UTC" name="shouldCreateUsersUnderConcurrentLoad" data-provider="userPayloads" finished-at="2026-03-21T14:46:52 UTC" duration-ms="244" status="PASS">
          <params>
            <param index="0">
              <value>
                <![CDATA[com.example.framework.model.CreateUserRequest@5d397656]]>
              </value>
            </param>
          </params>
          <reporter-output>
          </reporter-output>
        </test-method> <!-- shouldCreateUsersUnderConcurrentLoad -->
        <test-method signature="shouldCreateUsersUnderConcurrentLoad(com.example.framework.model.CreateUserRequest)[pri:0, instance:com.example.framework.tests.HighVolumeUserApiTest@1ffe63b9]" started-at="2026-03-21T14:46:52 UTC" name="shouldCreateUsersUnderConcurrentLoad" data-provider="userPayloads" finished-at="2026-03-21T14:46:52 UTC" duration-ms="133" status="PASS">
          <params>
            <param index="0">
              <value>
                <![CDATA[com.example.framework.model.CreateUserRequest@290568ac]]>
              </value>
            </param>
          </params>
          <reporter-output>
          </reporter-output>
        </test-method> <!-- shouldCreateUsersUnderConcurrentLoad -->
        <test-method signature="shouldCreateUsersUnderConcurrentLoad(com.example.framework.model.CreateUserRequest)[pri:0, instance:com.example.framework.tests.HighVolumeUserApiTest@1ffe63b9]" started-at="2026-03-21T14:46:52 UTC" name="shouldCreateUsersUnderConcurrentLoad" data-provider="userPayloads" finished-at="2026-03-21T14:46:52 UTC" duration-ms="51" status="PASS">
          <params>
            <param index="0">
              <value>
                <![CDATA[com.example.framework.model.CreateUserRequest@5c45f936]]>
              </value>
            </param>
          </params>
          <reporter-output>
          </reporter-output>
        </test-method> <!-- shouldCreateUsersUnderConcurrentLoad -->
        <test-method signature="shouldCreateUsersUnderConcurrentLoad(com.example.framework.model.CreateUserRequest)[pri:0, instance:com.example.framework.tests.HighVolumeUserApiTest@1ffe63b9]" started-at="2026-03-21T14:46:52 UTC" name="shouldCreateUsersUnderConcurrentLoad" data-provider="userPayloads" finished-at="2026-03-21T14:46:52 UTC" duration-ms="66" status="PASS">
          <params>
            <param index="0">
              <value>
                <![CDATA[com.example.framework.model.CreateUserRequest@269fd51f]]>
              </value>
            </param>
          </params>
          <reporter-output>
          </reporter-output>
        </test-method> <!-- shouldCreateUsersUnderConcurrentLoad -->
[...]
          <params>
            <param index="0">
              <value>
                <![CDATA[com.example.framework.model.CreateUserRequest@827726a]]>
              </value>
            </param>
          </params>
          <reporter-output>
          </reporter-output>
        </test-method> <!-- shouldCreateUsersUnderConcurrentLoad -->
        <test-method signature="shouldCreateUsersUnderConcurrentLoad(com.example.framework.model.CreateUserRequest)[pri:0, instance:com.example.framework.tests.HighVolumeUserApiTest@1ffe63b9]" started-at="2026-03-21T14:46:54 UTC" name="shouldCreateUsersUnderConcurrentLoad" data-provider="userPayloads" finished-at="2026-03-21T14:46:54 UTC" duration-ms="42" status="PASS">
          <params>
            <param index="0">
              <value>
                <![CDATA[com.example.framework.model.CreateUserRequest@59d7e785]]>
              </value>
            </param>
          </params>
          <reporter-output>
          </reporter-output>
        </test-method> <!-- shouldCreateUsersUnderConcurrentLoad -->
        <test-method signature="shouldCreateUsersUnderConcurrentLoad(com.example.framework.model.CreateUserRequest)[pri:0, instance:com.example.framework.tests.HighVolumeUserApiTest@1ffe63b9]" started-at="2026-03-21T14:46:54 UTC" name="shouldCreateUsersUnderConcurrentLoad" data-provider="userPayloads" finished-at="2026-03-21T14:46:54 UTC" duration-ms="64" status="PASS">
          <params>
            <param index="0">
              <value>
                <![CDATA[com.example.framework.model.CreateUserRequest@4b7c5e4f]]>
              </value>
            </param>
          </params>
          <reporter-output>
          </reporter-output>
        </test-method> <!-- shouldCreateUsersUnderConcurrentLoad -->
        <test-method signature="shouldCreateUsersUnderConcurrentLoad(com.example.framework.model.CreateUserRequest)[pri:0, instance:com.example.framework.tests.HighVolumeUserApiTest@1ffe63b9]" started-at="2026-03-21T14:46:54 UTC" name="shouldCreateUsersUnderConcurrentLoad" data-provider="userPayloads" finished-at="2026-03-21T14:46:54 UTC" duration-ms="37" status="PASS">
          <params>
            <param index="0">
              <value>
                <![CDATA[com.example.framework.model.CreateUserRequest@5c66e63d]]>
              </value>
            </param>
          </params>
          <reporter-output>
          </reporter-output>
        </test-method> <!-- shouldCreateUsersUnderConcurrentLoad -->
        <test-method signature="shouldCreateUsersUnderConcurrentLoad(com.example.framework.model.CreateUserRequest)[pri:0, instance:com.example.framework.tests.HighVolumeUserApiTest@1ffe63b9]" started-at="2026-03-21T14:46:54 UTC" name="shouldCreateUsersUnderConcurrentLoad" data-provider="userPayloads" finished-at="2026-03-21T14:46:54 UTC" duration-ms="47" status="PASS">
          <params>
            <param index="0">
              <value>
                <![CDATA[com.example.framework.model.CreateUserRequest@38e5e105]]>
              </value>
            </param>
          </params>
          <reporter-output>
          </reporter-output>
        </test-method> <!-- shouldCreateUsersUnderConcurrentLoad -->
        <test-method signature="shouldCreateUsersUnderConcurrentLoad(com.example.framework.model.CreateUserRequest)[pri:0, instance:com.example.framework.tests.HighVolumeUserApiTest@1ffe63b9]" started-at="2026-03-21T14:46:54 UTC" name="shouldCreateUsersUnderConcurrentLoad" data-provider="userPayloads" finished-at="2026-03-21T14:46:54 UTC" duration-ms="46" status="PASS">
          <params>
            <param index="0">
              <value>
                <![CDATA[com.example.framework.model.CreateUserRequest@25e10f08]]>
              </value>
            </param>
          </params>
          <reporter-output>
          </reporter-output>
        </test-method> <!-- shouldCreateUsersUnderConcurrentLoad -->
        <test-method signature="shouldCreateUsersUnderConcurrentLoad(com.example.framework.model.CreateUserRequest)[pri:0, instance:com.example.framework.tests.HighVolumeUserApiTest@1ffe63b9]" started-at="2026-03-21T14:46:54 UTC" name="shouldCreateUsersUnderConcurrentLoad" data-provider="userPayloads" finished-at="2026-03-21T14:46:54 UTC" duration-ms="61" status="PASS">
          <params>
            <param index="0">
              <value>
                <![CDATA[com.example.framework.model.CreateUserRequest@1de530b5]]>
              </value>
            </param>
          </params>
          <reporter-output>
          </reporter-output>
        </test-method> <!-- shouldCreateUsersUnderConcurrentLoad -->
        <test-method signature="shouldCreateUsersUnderConcurrentLoad(com.example.framework.model.CreateUserRequest)[pri:0, instance:com.example.framework.tests.HighVolumeUserApiTest@1ffe63b9]" started-at="2026-03-21T14:46:54 UTC" name="shouldCreateUsersUnderConcurrentLoad" data-provider="userPayloads" finished-at="2026-03-21T14:46:54 UTC" duration-ms="62" status="PASS">
          <params>
            <param index="0">
              <value>
                <![CDATA[com.example.framework.model.CreateUserRequest@18fde036]]>
              </value>
            </param>
          </params>
          <reporter-output>
          </reporter-output>
        </test-method> <!-- shouldCreateUsersUnderConcurrentLoad -->
        <test-method signature="shouldCreateUsersUnderConcurrentLoad(com.example.framework.model.CreateUserRequest)[pri:0, instance:com.example.framework.tests.HighVolumeUserApiTest@1ffe63b9]" started-at="2026-03-21T14:46:54 UTC" name="shouldCreateUsersUnderConcurrentLoad" data-provider="userPayloads" finished-at="2026-03-21T14:46:54 UTC" duration-ms="55" status="PASS">
          <params>
            <param index="0">
              <value>
                <![CDATA[com.example.framework.model.CreateUserRequest@753428ac]]>
              </value>
            </param>
          </params>
          <reporter-output>
          </reporter-output>
        </test-method> <!-- shouldCreateUsersUnderConcurrentLoad -->
        <test-method signature="shouldCreateUsersUnderConcurrentLoad(com.example.framework.model.CreateUserRequest)[pri:0, instance:com.example.framework.tests.HighVolumeUserApiTest@1ffe63b9]" started-at="2026-03-21T14:46:54 UTC" name="shouldCreateUsersUnderConcurrentLoad" data-provider="userPayloads" finished-at="2026-03-21T14:46:54 UTC" duration-ms="29" status="PASS">
          <params>
            <param index="0">
              <value>
                <![CDATA[com.example.framework.model.CreateUserRequest@2987f7f9]]>
              </value>
            </param>
          </params>
          <reporter-output>
          </reporter-output>
        </test-method> <!-- shouldCreateUsersUnderConcurrentLoad -->
        <test-method signature="shouldCreateUsersUnderConcurrentLoad(com.example.framework.model.CreateUserRequest)[pri:0, instance:com.example.framework.tests.HighVolumeUserApiTest@1ffe63b9]" started-at="2026-03-21T14:46:54 UTC" name="shouldCreateUsersUnderConcurrentLoad" data-provider="userPayloads" finished-at="2026-03-21T14:46:54 UTC" duration-ms="55" status="PASS">
          <params>
            <param index="0">
              <value>
                <![CDATA[com.example.framework.model.CreateUserRequest@2e1a614c]]>
              </value>
            </param>
          </params>
          <reporter-output>
          </reporter-output>
        </test-method> <!-- shouldCreateUsersUnderConcurrentLoad -->
        <test-method signature="shouldCreateUsersUnderConcurrentLoad(com.example.framework.model.CreateUserRequest)[pri:0, instance:com.example.framework.tests.HighVolumeUserApiTest@1ffe63b9]" started-at="2026-03-21T14:46:54 UTC" name="shouldCreateUsersUnderConcurrentLoad" data-provider="userPayloads" finished-at="2026-03-21T14:46:54 UTC" duration-ms="57" status="PASS">
          <params>
            <param index="0">
              <value>
                <![CDATA[com.example.framework.model.CreateUserRequest@4291f5a4]]>
              </value>
            </param>
          </params>
          <reporter-output>
          </reporter-output>
        </test-method> <!-- shouldCreateUsersUnderConcurrentLoad -->
        <test-method signature="shouldCreateUsersUnderConcurrentLoad(com.example.framework.model.CreateUserRequest)[pri:0, instance:com.example.framework.tests.HighVolumeUserApiTest@1ffe63b9]" started-at="2026-03-21T14:46:54 UTC" name="shouldCreateUsersUnderConcurrentLoad" data-provider="userPayloads" finished-at="2026-03-21T14:46:54 UTC" duration-ms="37" status="PASS">
          <params>
            <param index="0">
              <value>
                <![CDATA[com.example.framework.model.CreateUserRequest@6a382696]]>
              </value>
            </param>
          </params>
          <reporter-output>
          </reporter-output>
        </test-method> <!-- shouldCreateUsersUnderConcurrentLoad -->
        <test-method signature="shouldCreateUsersUnderConcurrentLoad(com.example.framework.model.CreateUserRequest)[pri:0, instance:com.example.framework.tests.HighVolumeUserApiTest@1ffe63b9]" started-at="2026-03-21T14:46:54 UTC" name="shouldCreateUsersUnderConcurrentLoad" data-provider="userPayloads" finished-at="2026-03-21T14:46:54 UTC" duration-ms="67" status="PASS">
          <params>
            <param index="0">
              <value>
                <![CDATA[com.example.framework.model.CreateUserRequest@69da9223]]>
              </value>
            </param>
          </params>
          <reporter-output>
          </reporter-output>
        </test-method> <!-- shouldCreateUsersUnderConcurrentLoad -->
        <test-method signature="shouldCreateUsersUnderConcurrentLoad(com.example.framework.model.CreateUserRequest)[pri:0, instance:com.example.framework.tests.HighVolumeUserApiTest@1ffe63b9]" started-at="2026-03-21T14:46:54 UTC" name="shouldCreateUsersUnderConcurrentLoad" data-provider="userPayloads" finished-at="2026-03-21T14:46:54 UTC" duration-ms="61" status="PASS">
          <params>
            <param index="0">
              <value>
                <![CDATA[com.example.framework.model.CreateUserRequest@5c8968fc]]>
              </value>
            </param>
          </params>
          <reporter-output>
          </reporter-output>
        </test-method> <!-- shouldCreateUsersUnderConcurrentLoad -->
        <test-method signature="shouldCreateUsersUnderConcurrentLoad(com.example.framework.model.CreateUserRequest)[pri:0, instance:com.example.framework.tests.HighVolumeUserApiTest@1ffe63b9]" started-at="2026-03-21T14:46:54 UTC" name="shouldCreateUsersUnderConcurrentLoad" data-provider="userPayloads" finished-at="2026-03-21T14:46:54 UTC" duration-ms="42" status="PASS">
          <params>
            <param index="0">
              <value>
                <![CDATA[com.example.framework.model.CreateUserRequest@31be41ac]]>
              </value>
            </param>
          </params>
          <reporter-output>
          </reporter-output>
        </test-method> <!-- shouldCreateUsersUnderConcurrentLoad -->
        <test-method signature="shouldCreateUsersUnderConcurrentLoad(com.example.framework.model.CreateUserRequest)[pri:0, instance:com.example.framework.tests.HighVolumeUserApiTest@1ffe63b9]" started-at="2026-03-21T14:46:54 UTC" name="shouldCreateUsersUnderConcurrentLoad" data-provider="userPayloads" finished-at="2026-03-21T14:46:54 UTC" duration-ms="40" status="PASS">
          <params>
            <param index="0">
              <value>
                <![CDATA[com.example.framework.model.CreateUserRequest@50f1eb82]]>
              </value>
            </param>
          </params>
          <reporter-output>
          </reporter-output>
        </test-method> <!-- shouldCreateUsersUnderConcurrentLoad -->
        <test-method signature="shouldCreateUsersUnderConcurrentLoad(com.example.framework.model.CreateUserRequest)[pri:0, instance:com.example.framework.tests.HighVolumeUserApiTest@1ffe63b9]" started-at="2026-03-21T14:46:54 UTC" name="shouldCreateUsersUnderConcurrentLoad" data-provider="userPayloads" finished-at="2026-03-21T14:46:54 UTC" duration-ms="37" status="PASS">
          <params>
            <param index="0">
              <value>
                <![CDATA[com.example.framework.model.CreateUserRequest@55c93e57]]>
              </value>
            </param>
          </params>
          <reporter-output>
          </reporter-output>
        </test-method> <!-- shouldCreateUsersUnderConcurrentLoad -->
        <test-method signature="shouldCreateUsersUnderConcurrentLoad(com.example.framework.model.CreateUserRequest)[pri:0, instance:com.example.framework.tests.HighVolumeUserApiTest@1ffe63b9]" started-at="2026-03-21T14:46:54 UTC" name="shouldCreateUsersUnderConcurrentLoad" data-provider="userPayloads" finished-at="2026-03-21T14:46:54 UTC" duration-ms="38" status="PASS">
          <params>
            <param index="0">
              <value>
                <![CDATA[com.example.framework.model.CreateUserRequest@3f8670e5]]>
              </value>
            </param>
          </params>
          <reporter-output>
          </reporter-output>
        </test-method> <!-- shouldCreateUsersUnderConcurrentLoad -->
        <test-method signature="shouldCreateUsersUnderConcurrentLoad(com.example.framework.model.CreateUserRequest)[pri:0, instance:com.example.framework.tests.HighVolumeUserApiTest@1ffe63b9]" started-at="2026-03-21T14:46:54 UTC" name="shouldCreateUsersUnderConcurrentLoad" data-provider="userPayloads" finished-at="2026-03-21T14:46:54 UTC" duration-ms="31" status="PASS">
          <params>
            <param index="0">
              <value>
                <![CDATA[com.example.framework.model.CreateUserRequest@6a449ee8]]>
              </value>
            </param>
          </params>
          <reporter-output>
          </reporter-output>
        </test-method> <!-- shouldCreateUsersUnderConcurrentLoad -->
        <test-method signature="shouldCreateUsersUnderConcurrentLoad(com.example.framework.model.CreateUserRequest)[pri:0, instance:com.example.framework.tests.HighVolumeUserApiTest@1ffe63b9]" started-at="2026-03-21T14:46:54 UTC" name="shouldCreateUsersUnderConcurrentLoad" data-provider="userPayloads" finished-at="2026-03-21T14:46:54 UTC" duration-ms="33" status="PASS">
          <params>
            <param index="0">
              <value>
                <![CDATA[com.example.framework.model.CreateUserRequest@146f1edf]]>
              </value>
            </param>
          </params>
          <reporter-output>
          </reporter-output>
        </test-method> <!-- shouldCreateUsersUnderConcurrentLoad -->
        <test-method signature="shouldCreateUsersUnderConcurrentLoad(com.example.framework.model.CreateUserRequest)[pri:0, instance:com.example.framework.tests.HighVolumeUserApiTest@1ffe63b9]" started-at="2026-03-21T14:46:54 UTC" name="shouldCreateUsersUnderConcurrentLoad" data-provider="userPayloads" finished-at="2026-03-21T14:46:54 UTC" duration-ms="35" status="PASS">
          <params>
            <param index="0">
              <value>
                <![CDATA[com.example.framework.model.CreateUserRequest@388c393]]>
              </value>
            </param>
          </params>
          <reporter-output>
          </reporter-output>
        </test-method> <!-- shouldCreateUsersUnderConcurrentLoad -->
        <test-method signature="shouldCreateUsersUnderConcurrentLoad(com.example.framework.model.CreateUserRequest)[pri:0, instance:com.example.framework.tests.HighVolumeUserApiTest@1ffe63b9]" started-at="2026-03-21T14:46:54 UTC" name="shouldCreateUsersUnderConcurrentLoad" data-provider="userPayloads" finished-at="2026-03-21T14:46:54 UTC" duration-ms="25" status="PASS">
          <params>
            <param index="0">
              <value>
                <![CDATA[com.example.framework.model.CreateUserRequest@38f438f1]]>
              </value>
            </param>
          </params>
          <reporter-output>
          </reporter-output>
        </test-method> <!-- shouldCreateUsersUnderConcurrentLoad -->
        <test-method signature="shouldCreateUsersUnderConcurrentLoad(com.example.framework.model.CreateUserRequest)[pri:0, instance:com.example.framework.tests.HighVolumeUserApiTest@1ffe63b9]" started-at="2026-03-21T14:46:54 UTC" name="shouldCreateUsersUnderConcurrentLoad" data-provider="userPayloads" finished-at="2026-03-21T14:46:54 UTC" duration-ms="37" status="PASS">
          <params>
            <param index="0">
              <value>
                <![CDATA[com.example.framework.model.CreateUserRequest@272d2b53]]>
              </value>
            </param>
          </params>
          <reporter-output>
          </reporter-output>
        </test-method> <!-- shouldCreateUsersUnderConcurrentLoad -->
        <test-method signature="shouldCreateUsersUnderConcurrentLoad(com.example.framework.model.CreateUserRequest)[pri:0, instance:com.example.framework.tests.HighVolumeUserApiTest@1ffe63b9]" started-at="2026-03-21T14:46:54 UTC" name="shouldCreateUsersUnderConcurrentLoad" data-provider="userPayloads" finished-at="2026-03-21T14:46:54 UTC" duration-ms="30" status="PASS">
          <params>
            <param index="0">
              <value>
                <![CDATA[com.example.framework.model.CreateUserRequest@2e032f99]]>
              </value>
            </param>
          </params>
          <reporter-output>
          </reporter-output>
        </test-method> <!-- shouldCreateUsersUnderConcurrentLoad -->
        <test-method signature="shouldCreateUsersUnderConcurrentLoad(com.example.framework.model.CreateUserRequest)[pri:0, instance:com.example.framework.tests.HighVolumeUserApiTest@1ffe63b9]" started-at="2026-03-21T14:46:54 UTC" name="shouldCreateUsersUnderConcurrentLoad" data-provider="userPayloads" finished-at="2026-03-21T14:46:54 UTC" duration-ms="27" status="PASS">
          <params>
            <param index="0">
              <value>
                <![CDATA[com.example.framework.model.CreateUserRequest@bee95a3]]>
              </value>
            </param>
          </params>
          <reporter-output>
          </reporter-output>
        </test-method> <!-- shouldCreateUsersUnderConcurrentLoad -->
        <test-method signature="shouldCreateUsersUnderConcurrentLoad(com.example.framework.model.CreateUserRequest)[pri:0, instance:com.example.framework.tests.HighVolumeUserApiTest@1ffe63b9]" started-at="2026-03-21T14:46:54 UTC" name="shouldCreateUsersUnderConcurrentLoad" data-provider="userPayloads" finished-at="2026-03-21T14:46:54 UTC" duration-ms="21" status="PASS">
          <params>
            <param index="0">
              <value>
                <![CDATA[com.example.framework.model.CreateUserRequest@3ac35e49]]>
              </value>
            </param>
          </params>
          <reporter-output>
          </reporter-output>
        </test-method> <!-- shouldCreateUsersUnderConcurrentLoad -->
        <test-method signature="shouldCreateUsersUnderConcurrentLoad(com.example.framework.model.CreateUserRequest)[pri:0, instance:com.example.framework.tests.HighVolumeUserApiTest@1ffe63b9]" started-at="2026-03-21T14:46:54 UTC" name="shouldCreateUsersUnderConcurrentLoad" data-provider="userPayloads" finished-at="2026-03-21T14:46:54 UTC" duration-ms="25" status="PASS">
          <params>
            <param index="0">
              <value>
                <![CDATA[com.example.framework.model.CreateUserRequest@7b734f69]]>
              </value>
            </param>
          </params>
          <reporter-output>
          </reporter-output>
        </test-method> <!-- shouldCreateUsersUnderConcurrentLoad -->
      </class> <!-- com.example.framework.tests.HighVolumeUserApiTest -->
    </test> <!-- SmokeAndLoadTests -->
  </suite> <!-- RestApiFrameworkSuite -->
</testng-results>
